Using pre-set license
Built from '2022.3/staging' branch; Version is '2022.3.15f1 (b58023a2b463) revision 11894819'; Using compiler version '192829333'; Build Type 'Release'
OS: 'Windows 11  (10.0.22621) 64bit Core' Language: 'en' Physical Memory: 15773 MB
BatchMode: 1, IsHumanControllingUs: 0, StartBugReporterOnCrash: 0, Is64bit: 1, IsPro: 1

COMMAND LINE ARGUMENTS:
C:\Program Files\Unity\Hub\Editor\2022.3.15f1\Editor\Unity.exe
-adb2
-batchMode
-noUpm
-name
AssetImportWorker22
-projectPath
C:/Users/zeuss/final
-logFile
Logs/AssetImportWorker22.log
-srvPort
64119
Successfully changed project path to: C:/Users/zeuss/final
C:/Users/zeuss/final
[UnityMemory] Configuration Parameters - Can be set up in boot.config
    "memorysetup-bucket-allocator-granularity=16"
    "memorysetup-bucket-allocator-bucket-count=8"
    "memorysetup-bucket-allocator-block-size=33554432"
    "memorysetup-bucket-allocator-block-count=8"
    "memorysetup-main-allocator-block-size=16777216"
    "memorysetup-thread-allocator-block-size=16777216"
    "memorysetup-gfx-main-allocator-block-size=16777216"
    "memorysetup-gfx-thread-allocator-block-size=16777216"
    "memorysetup-cache-allocator-block-size=4194304"
    "memorysetup-typetree-allocator-block-size=2097152"
    "memorysetup-profiler-bucket-allocator-granularity=16"
    "memorysetup-profiler-bucket-allocator-bucket-count=8"
    "memorysetup-profiler-bucket-allocator-block-size=33554432"
    "memorysetup-profiler-bucket-allocator-block-count=8"
    "memorysetup-profiler-allocator-block-size=16777216"
    "memorysetup-profiler-editor-allocator-block-size=1048576"
    "memorysetup-temp-allocator-size-main=16777216"
    "memorysetup-job-temp-allocator-block-size=2097152"
    "memorysetup-job-temp-allocator-block-size-background=1048576"
    "memorysetup-job-temp-allocator-reduction-small-platforms=262144"
    "memorysetup-allocator-temp-initial-block-size-main=262144"
    "memorysetup-allocator-temp-initial-block-size-worker=262144"
    "memorysetup-temp-allocator-size-background-worker=32768"
    "memorysetup-temp-allocator-size-job-worker=262144"
    "memorysetup-temp-allocator-size-preload-manager=33554432"
    "memorysetup-temp-allocator-size-nav-mesh-worker=65536"
    "memorysetup-temp-allocator-size-audio-worker=65536"
    "memorysetup-temp-allocator-size-cloud-worker=32768"
    "memorysetup-temp-allocator-size-gi-baking-worker=262144"
    "memorysetup-temp-allocator-size-gfx=262144"
Player connection [10420] Host "[IP] 192.168.75.1 [Port] 0 [Flags] 2 [Guid] 78722684 [EditorId] 78722684 [Version] 1048832 [Id] WindowsEditor(7,Aussiebeeff) [Debug] 1 [PackageName] WindowsEditor [ProjectName] Editor" joined multi-casting on [225.0.0.222:54997]...

Player connection [10420] Host "[IP] 192.168.75.1 [Port] 0 [Flags] 2 [Guid] 78722684 [EditorId] 78722684 [Version] 1048832 [Id] WindowsEditor(7,Aussiebeeff) [Debug] 1 [PackageName] WindowsEditor [ProjectName] Editor" joined alternative multi-casting on [225.0.0.222:34997]...

[Physics::Module] Initialized MultithreadedJobDispatcher with 15 workers.
Refreshing native plugins compatible for Editor in 20.43 ms, found 3 plugins.
Preloading 0 native plugins for Editor in 0.00 ms.
Initialize engine version: 2022.3.15f1 (b58023a2b463)
[Subsystems] Discovering subsystems at path C:/Program Files/Unity/Hub/Editor/2022.3.15f1/Editor/Data/Resources/UnitySubsystems
[Subsystems] Discovering subsystems at path C:/Users/zeuss/final/Assets
GfxDevice: creating device client; threaded=0; jobified=0
Direct3D:
    Version:  Direct3D 11.0 [level 11.1]
    Renderer: NVIDIA GeForce RTX 3050 Ti Laptop GPU (ID=0x25a0)
    Vendor:   NVIDIA
    VRAM:     3977 MB
    Driver:   31.0.15.4617
Initialize mono
Mono path[0] = 'C:/Program Files/Unity/Hub/Editor/2022.3.15f1/Editor/Data/Managed'
Mono path[1] = 'C:/Program Files/Unity/Hub/Editor/2022.3.15f1/Editor/Data/MonoBleedingEdge/lib/mono/unityjit-win32'
Mono config path = 'C:/Program Files/Unity/Hub/Editor/2022.3.15f1/Editor/Data/MonoBleedingEdge/etc'
Using monoOptions --debugger-agent=transport=dt_socket,embedding=1,server=y,suspend=n,address=127.0.0.1:56284
Begin MonoManager ReloadAssembly
Registering precompiled unity dll's ...
Register platform support module: C:/Program Files/Unity/Hub/Editor/2022.3.15f1/Editor/Data/PlaybackEngines/WebGLSupport/UnityEditor.WebGL.Extensions.dll
Register platform support module: C:/Program Files/Unity/Hub/Editor/2022.3.15f1/Editor/Data/PlaybackEngines/WindowsStandaloneSupport/UnityEditor.WindowsStandalone.Extensions.dll
Registered in 0.030846 seconds.
- Loaded All Assemblies, in  0.692 seconds
Native extension for WindowsStandalone target not found
Native extension for WebGL target not found
Mono: successfully reloaded assembly
- Finished resetting the current domain, in  0.593 seconds
Domain Reload Profiling: 1278ms
	BeginReloadAssembly (199ms)
		ExecutionOrderSort (0ms)
		DisableScriptedObjects (0ms)
		BackupInstance (0ms)
		ReleaseScriptingObjects (0ms)
		CreateAndSetChildDomain (2ms)
	RebuildCommonClasses (53ms)
	RebuildNativeTypeToScriptingClass (21ms)
	initialDomainReloadingComplete (151ms)
	LoadAllAssembliesAndSetupDomain (260ms)
		LoadAssemblies (193ms)
		RebuildTransferFunctionScriptingTraits (0ms)
		AnalyzeDomain (256ms)
			TypeCache.Refresh (254ms)
				TypeCache.ScanAssembly (231ms)
			ScanForSourceGeneratedMonoScriptInfo (1ms)
			ResolveRequiredComponents (1ms)
	FinalizeReload (594ms)
		ReleaseScriptCaches (0ms)
		RebuildScriptCaches (0ms)
		SetupLoadedEditorAssemblies (464ms)
			LogAssemblyErrors (0ms)
			InitializePlatformSupportModulesInManaged (24ms)
			SetLoadedEditorAssemblies (13ms)
			RefreshPlugins (0ms)
			BeforeProcessingInitializeOnLoad (4ms)
			ProcessInitializeOnLoadAttributes (312ms)
			ProcessInitializeOnLoadMethodAttributes (111ms)
			AfterProcessingInitializeOnLoad (0ms)
			EditorAssembliesLoaded (0ms)
		ExecutionOrderSort2 (0ms)
		AwakeInstancesAfterBackupRestoration (0ms)
========================================================================
Worker process is ready to serve import requests
Begin MonoManager ReloadAssembly
- Loaded All Assemblies, in  1.096 seconds
Refreshing native plugins compatible for Editor in 9.38 ms, found 3 plugins.
Native extension for WindowsStandalone target not found
Native extension for WebGL target not found
Package Manager log level set to [2]
[Package Manager] Server::EnsureServerProcessIsRunning -- launch failed, reason: Unity was launched with the -noUpm command-line argument
[Package Manager] UpmClient::Send -- Unable to send message (not connected to UPM process).
[Package Manager] Cannot connect to Unity Package Manager local server
Mono: successfully reloaded assembly
- Finished resetting the current domain, in  1.168 seconds
Domain Reload Profiling: 2256ms
	BeginReloadAssembly (253ms)
		ExecutionOrderSort (0ms)
		DisableScriptedObjects (14ms)
		BackupInstance (0ms)
		ReleaseScriptingObjects (0ms)
		CreateAndSetChildDomain (35ms)
	RebuildCommonClasses (48ms)
	RebuildNativeTypeToScriptingClass (16ms)
	initialDomainReloadingComplete (75ms)
	LoadAllAssembliesAndSetupDomain (695ms)
		LoadAssemblies (553ms)
		RebuildTransferFunctionScriptingTraits (0ms)
		AnalyzeDomain (289ms)
			TypeCache.Refresh (249ms)
				TypeCache.ScanAssembly (230ms)
			ScanForSourceGeneratedMonoScriptInfo (29ms)
			ResolveRequiredComponents (9ms)
	FinalizeReload (1169ms)
		ReleaseScriptCaches (0ms)
		RebuildScriptCaches (0ms)
		SetupLoadedEditorAssemblies (843ms)
			LogAssemblyErrors (0ms)
			InitializePlatformSupportModulesInManaged (22ms)
			SetLoadedEditorAssemblies (10ms)
			RefreshPlugins (0ms)
			BeforeProcessingInitializeOnLoad (145ms)
			ProcessInitializeOnLoadAttributes (596ms)
			ProcessInitializeOnLoadMethodAttributes (48ms)
			AfterProcessingInitializeOnLoad (21ms)
			EditorAssembliesLoaded (0ms)
		ExecutionOrderSort2 (0ms)
		AwakeInstancesAfterBackupRestoration (27ms)
Launched and connected shader compiler UnityShaderCompiler.exe after 0.10 seconds
Refreshing native plugins compatible for Editor in 8.83 ms, found 3 plugins.
Preloading 0 native plugins for Editor in 0.00 ms.
Unloading 3083 Unused Serialized files (Serialized files now loaded: 0)
Unloading 32 unused Assets / (56.8 KB). Loaded Objects now: 3552.
Memory consumption went from 124.6 MB to 124.5 MB.
Total: 4.790100 ms (FindLiveObjects: 0.319300 ms CreateObjectMapping: 0.278200 ms MarkObjects: 4.025700 ms  DeleteObjects: 0.165300 ms)

AssetImportParameters requested are different than current active one (requested -> active):
  custom:container-demuxer-ogg: 62fdf1f143b41e24485cea50d1cbac27 -> 
  custom:video-codec-MediaFoundation-h265: 746d11721c4dcdbdad8f713fa42b33f4 -> 
  custom:video-decoder-ogg-theora: a1e56fd34408186e4bbccfd4996cb3dc -> 
  custom:framework-win-MediaFoundation: 216162199b28c13a410421893ffa2e32 -> 
  custom:CustomObjectIndexerAttribute: 43b350a4d6e6d1791af0b5038c4bea17 -> 
  custom:container-demuxer-webm: 4f35f7cbe854078d1ac9338744f61a02 -> 
  custom:container-muxer-webm: aa71ff27fc2769a1b78a27578f13a17b -> 
  custom:video-decoder-webm-vp8: 9c59270c3fd7afecdb556c50c9e8de78 -> 
  custom:SearchIndexIgnoredProperties: e643bd26f0fe6173181afceb89e7c659 -> 
  custom:AudioImporter_EditorPlatform: d09bf68614088b80899f8185d706f6e7 -> 
  custom:video-encoder-webm-vp8: eb34c28f22e8b96e1ab97ce403110664 -> 
  custom:audio-decoder-ogg-vorbis: bf7c407c2cedff20999df2af8eb42d56 -> 
  custom:audio-encoder-webm-vorbis: bf7c407c2cedff20999df2af8eb42d56 -> 
========================================================================
Received Import Request.
  Time since last request: 453857.713762 seconds.
  path: Assets/ModularHousePack1/Prefabs/Modules/Roofs/RoofA.prefab
  artifactKey: Guid(e4ab387b3201c18499de07857bf3e99e) Importer(815301076,1909f56bfc062723c751e8b465ee728b)
Start importing Assets/ModularHousePack1/Prefabs/Modules/Roofs/RoofA.prefab using Guid(e4ab387b3201c18499de07857bf3e99e) Importer(815301076,1909f56bfc062723c751e8b465ee728b)  -> (artifact id: 'c33d89b485feaab328bc6bc236831ee2') in 0.392942 seconds
Number of updated asset objects reloaded before import = 0
Number of asset objects unloaded after import = 66
========================================================================
Received Import Request.
  Time since last request: 0.000039 seconds.
  path: Assets/ModularHousePack1/Prefabs/Modules/Roofs/RoofD1.prefab
  artifactKey: Guid(d8bf8449b347a1148a056cadfeee4a2a) Importer(815301076,1909f56bfc062723c751e8b465ee728b)
Start importing Assets/ModularHousePack1/Prefabs/Modules/Roofs/RoofD1.prefab using Guid(d8bf8449b347a1148a056cadfeee4a2a) Importer(815301076,1909f56bfc062723c751e8b465ee728b)  -> (artifact id: 'a3b208c0a31fd307d21022b6cd7f92c2') in 0.142128 seconds
Number of updated asset objects reloaded before import = 0
Number of asset objects unloaded after import = 51
========================================================================
Received Import Request.
  Time since last request: 0.000061 seconds.
  path: Assets/ModularHousePack1/Prefabs/Modules/Roofs/RoofF.prefab
  artifactKey: Guid(b22afd795905e6c468faa199cbbe38dc) Importer(815301076,1909f56bfc062723c751e8b465ee728b)
Start importing Assets/ModularHousePack1/Prefabs/Modules/Roofs/RoofF.prefab using Guid(b22afd795905e6c468faa199cbbe38dc) Importer(815301076,1909f56bfc062723c751e8b465ee728b)  -> (artifact id: '79832ee23a2e927b1a8427a981ea61bd') in 0.160326 seconds
Number of updated asset objects reloaded before import = 0
Number of asset objects unloaded after import = 66
========================================================================
Received Import Request.
  Time since last request: 0.000034 seconds.
  path: Assets/ModularHousePack1/Prefabs/Modules/Roofs/RoofFlat.prefab
  artifactKey: Guid(5f472fdd4a3e8dc43b077bbcb652415a) Importer(815301076,1909f56bfc062723c751e8b465ee728b)
Start importing Assets/ModularHousePack1/Prefabs/Modules/Roofs/RoofFlat.prefab using Guid(5f472fdd4a3e8dc43b077bbcb652415a) Importer(815301076,1909f56bfc062723c751e8b465ee728b)  -> (artifact id: '979d8dc571bc060fbebea000dfc46ea8') in 0.074013 seconds
Number of updated asset objects reloaded before import = 0
Number of asset objects unloaded after import = 51
========================================================================
Received Import Request.
  Time since last request: 3.017480 seconds.
  path: Assets/ModularHousePack1/Prefabs/Modules/Roofs/Parts
  artifactKey: Guid(c6adc194730e39c44a0818220a2abded) Importer(815301076,1909f56bfc062723c751e8b465ee728b)
Start importing Assets/ModularHousePack1/Prefabs/Modules/Roofs/Parts using Guid(c6adc194730e39c44a0818220a2abded) Importer(815301076,1909f56bfc062723c751e8b465ee728b)  -> (artifact id: '94ecee8f6bd845a4537eabb0c997a1ac') in 0.002920 seconds
Number of updated asset objects reloaded before import = 0
Number of asset objects unloaded after import = 0
========================================================================
Received Import Request.
  Time since last request: 0.309800 seconds.
  path: Assets/ModularHousePack1/Prefabs/Modules/Roofs/Parts/RoofA_Beams.prefab
  artifactKey: Guid(509f175cba1700349ae9144e98dea152) Importer(815301076,1909f56bfc062723c751e8b465ee728b)
Start importing Assets/ModularHousePack1/Prefabs/Modules/Roofs/Parts/RoofA_Beams.prefab using Guid(509f175cba1700349ae9144e98dea152) Importer(815301076,1909f56bfc062723c751e8b465ee728b)  -> (artifact id: '44224e37aaf8f7533ff5abe3c5677910') in 0.036128 seconds
Number of updated asset objects reloaded before import = 0
Number of asset objects unloaded after import = 11
========================================================================
Received Import Request.
  Time since last request: 0.000028 seconds.
  path: Assets/ModularHousePack1/Prefabs/Modules/Roofs/Parts/RoofClosed_Concrete.prefab
  artifactKey: Guid(695433b661307344c8393c54804b262b) Importer(815301076,1909f56bfc062723c751e8b465ee728b)
Start importing Assets/ModularHousePack1/Prefabs/Modules/Roofs/Parts/RoofClosed_Concrete.prefab using Guid(695433b661307344c8393c54804b262b) Importer(815301076,1909f56bfc062723c751e8b465ee728b)  -> (artifact id: '6ef8b86e4a463e548f2bd774e364a641') in 0.036524 seconds
Number of updated asset objects reloaded before import = 0
Number of asset objects unloaded after import = 11
========================================================================
Received Import Request.
  Time since last request: 0.000043 seconds.
  path: Assets/ModularHousePack1/Prefabs/Modules/Roofs/Parts/RoofF_Beam.prefab
  artifactKey: Guid(f8761bda93622bc44a675220a50841b3) Importer(815301076,1909f56bfc062723c751e8b465ee728b)
Start importing Assets/ModularHousePack1/Prefabs/Modules/Roofs/Parts/RoofF_Beam.prefab using Guid(f8761bda93622bc44a675220a50841b3) Importer(815301076,1909f56bfc062723c751e8b465ee728b)  -> (artifact id: '751c46f846c352c1246283c46e36eb15') in 0.038885 seconds
Number of updated asset objects reloaded before import = 0
Number of asset objects unloaded after import = 11
========================================================================
Received Import Request.
  Time since last request: 0.000032 seconds.
  path: Assets/ModularHousePack1/Prefabs/Modules/Roofs/Parts/RoofD1_Tiles.prefab
  artifactKey: Guid(6e310a6efdfd6c5439116defb8e0cc57) Importer(815301076,1909f56bfc062723c751e8b465ee728b)
Start importing Assets/ModularHousePack1/Prefabs/Modules/Roofs/Parts/RoofD1_Tiles.prefab using Guid(6e310a6efdfd6c5439116defb8e0cc57) Importer(815301076,1909f56bfc062723c751e8b465ee728b)  -> (artifact id: '895cae82166de33de6c9237a534512f9') in 0.039059 seconds
Number of updated asset objects reloaded before import = 0
Number of asset objects unloaded after import = 10
========================================================================
Received Import Request.
  Time since last request: 0.000046 seconds.
  path: Assets/ModularHousePack1/Prefabs/Modules/Roofs/Parts/RoofFlat_CeilingA.prefab
  artifactKey: Guid(1c6f3fcb7755dd24a9bdbe130c65d1e7) Importer(815301076,1909f56bfc062723c751e8b465ee728b)
Start importing Assets/ModularHousePack1/Prefabs/Modules/Roofs/Parts/RoofFlat_CeilingA.prefab using Guid(1c6f3fcb7755dd24a9bdbe130c65d1e7) Importer(815301076,1909f56bfc062723c751e8b465ee728b)  -> (artifact id: 'c4b560e7328f48e088c057fcc9127d73') in 0.043577 seconds
Number of updated asset objects reloaded before import = 0
Number of asset objects unloaded after import = 12
========================================================================
Received Import Request.
  Time since last request: 0.000052 seconds.
  path: Assets/ModularHousePack1/Prefabs/Modules/Roofs/Parts/RoofD2_Tiles.prefab
  artifactKey: Guid(25e58463d751e1a42935f495db3804c4) Importer(815301076,1909f56bfc062723c751e8b465ee728b)
Start importing Assets/ModularHousePack1/Prefabs/Modules/Roofs/Parts/RoofD2_Tiles.prefab using Guid(25e58463d751e1a42935f495db3804c4) Importer(815301076,1909f56bfc062723c751e8b465ee728b)  -> (artifact id: '7bb67a31e394313fb82711385e2938f8') in 0.051047 seconds
Number of updated asset objects reloaded before import = 0
Number of asset objects unloaded after import = 10
========================================================================
Received Import Request.
  Time since last request: 0.000031 seconds.
  path: Assets/ModularHousePack1/Prefabs/Modules/Roofs/Parts/RoofB_Beams.prefab
  artifactKey: Guid(5923faf9cf6e80d4b850657613cf61b0) Importer(815301076,1909f56bfc062723c751e8b465ee728b)
Start importing Assets/ModularHousePack1/Prefabs/Modules/Roofs/Parts/RoofB_Beams.prefab using Guid(5923faf9cf6e80d4b850657613cf61b0) Importer(815301076,1909f56bfc062723c751e8b465ee728b)  -> (artifact id: 'ab4fbec74bfbf0a6e919d88b08c4ef1e') in 0.042079 seconds
Number of updated asset objects reloaded before import = 0
Number of asset objects unloaded after import = 11
========================================================================
Received Import Request.
  Time since last request: 0.000036 seconds.
  path: Assets/ModularHousePack1/Prefabs/Modules/Roofs/Parts/RoofE_Tiles.prefab
  artifactKey: Guid(e3f0fe67f3098fd459d0a22ffe9acfcc) Importer(815301076,1909f56bfc062723c751e8b465ee728b)
Start importing Assets/ModularHousePack1/Prefabs/Modules/Roofs/Parts/RoofE_Tiles.prefab using Guid(e3f0fe67f3098fd459d0a22ffe9acfcc) Importer(815301076,1909f56bfc062723c751e8b465ee728b)  -> (artifact id: 'a83338ee488a3057dfbb791f650acaa8') in 0.040002 seconds
Number of updated asset objects reloaded before import = 0
Number of asset objects unloaded after import = 10
========================================================================
Received Import Request.
  Time since last request: 0.000047 seconds.
  path: Assets/ModularHousePack1/Prefabs/Modules/Roofs/Parts/RoofFlat_Beams.prefab
  artifactKey: Guid(022e31ec59f09a043a4c198621b5f044) Importer(815301076,1909f56bfc062723c751e8b465ee728b)
Start importing Assets/ModularHousePack1/Prefabs/Modules/Roofs/Parts/RoofFlat_Beams.prefab using Guid(022e31ec59f09a043a4c198621b5f044) Importer(815301076,1909f56bfc062723c751e8b465ee728b)  -> (artifact id: 'a4b1b3f854e98cb683d3b8711fca277d') in 0.042118 seconds
Number of updated asset objects reloaded before import = 0
Number of asset objects unloaded after import = 11
========================================================================
Received Import Request.
  Time since last request: 0.000045 seconds.
  path: Assets/ModularHousePack1/Prefabs/Modules/Roofs/Parts/RoofB_Ceiling.prefab
  artifactKey: Guid(081de7e143c47ad4c96bbcde089aa125) Importer(815301076,1909f56bfc062723c751e8b465ee728b)
Start importing Assets/ModularHousePack1/Prefabs/Modules/Roofs/Parts/RoofB_Ceiling.prefab using Guid(081de7e143c47ad4c96bbcde089aa125) Importer(815301076,1909f56bfc062723c751e8b465ee728b)  -> (artifact id: 'c14692e02960b2bc4b7434a10c53228a') in 0.042721 seconds
Number of updated asset objects reloaded before import = 0
Number of asset objects unloaded after import = 12
========================================================================
Received Import Request.
  Time since last request: 0.000038 seconds.
  path: Assets/ModularHousePack1/Prefabs/Modules/Roofs/Parts/RoofA_Tiles.prefab
  artifactKey: Guid(835dca10fc953884199672b0754f996b) Importer(815301076,1909f56bfc062723c751e8b465ee728b)
Start importing Assets/ModularHousePack1/Prefabs/Modules/Roofs/Parts/RoofA_Tiles.prefab using Guid(835dca10fc953884199672b0754f996b) Importer(815301076,1909f56bfc062723c751e8b465ee728b)  -> (artifact id: 'a4cc7a46376f779e5a4fd33b1615db8b') in 0.054898 seconds
Number of updated asset objects reloaded before import = 0
Number of asset objects unloaded after import = 10
========================================================================
Received Import Request.
  Time since last request: 0.000051 seconds.
  path: Assets/ModularHousePack1/Prefabs/Modules/Roofs/Parts/RoofF_Ceiling.prefab
  artifactKey: Guid(4ae1972b083f3074aae48fa2ec15f1ac) Importer(815301076,1909f56bfc062723c751e8b465ee728b)
Start importing Assets/ModularHousePack1/Prefabs/Modules/Roofs/Parts/RoofF_Ceiling.prefab using Guid(4ae1972b083f3074aae48fa2ec15f1ac) Importer(815301076,1909f56bfc062723c751e8b465ee728b)  -> (artifact id: '28c8e57cc3cf872923f809887b23ff5d') in 0.044549 seconds
Number of updated asset objects reloaded before import = 0
Number of asset objects unloaded after import = 12
========================================================================
Received Import Request.
  Time since last request: 0.000033 seconds.
  path: Assets/ModularHousePack1/Prefabs/Modules/Roofs/Parts/RoofE_Ceiling.prefab
  artifactKey: Guid(528eb13c125f8024abca3261a8207604) Importer(815301076,1909f56bfc062723c751e8b465ee728b)
Start importing Assets/ModularHousePack1/Prefabs/Modules/Roofs/Parts/RoofE_Ceiling.prefab using Guid(528eb13c125f8024abca3261a8207604) Importer(815301076,1909f56bfc062723c751e8b465ee728b)  -> (artifact id: '919e50c1e7e00811a570a7b653a834a0') in 0.044522 seconds
Number of updated asset objects reloaded before import = 0
Number of asset objects unloaded after import = 12
========================================================================
Received Import Request.
  Time since last request: 0.000044 seconds.
  path: Assets/ModularHousePack1/Prefabs/Modules/Roofs/Parts/RoofF_Clouses.prefab
  artifactKey: Guid(42f9c1896b3af864c8658478010d9f61) Importer(815301076,1909f56bfc062723c751e8b465ee728b)
Start importing Assets/ModularHousePack1/Prefabs/Modules/Roofs/Parts/RoofF_Clouses.prefab using Guid(42f9c1896b3af864c8658478010d9f61) Importer(815301076,1909f56bfc062723c751e8b465ee728b)  -> (artifact id: '2a04c21323c4a030b7d5b018c71a23d4') in 0.040831 seconds
Number of updated asset objects reloaded before import = 0
Number of asset objects unloaded after import = 11
========================================================================
Received Import Request.
  Time since last request: 6.521155 seconds.
  path: Assets/ModularHousePack1/Prefabs/Modules/Window/Window_1A.prefab
  artifactKey: Guid(c2327c57515b43d41ba2728111012dfa) Importer(815301076,1909f56bfc062723c751e8b465ee728b)
Start importing Assets/ModularHousePack1/Prefabs/Modules/Window/Window_1A.prefab using Guid(c2327c57515b43d41ba2728111012dfa) Importer(815301076,1909f56bfc062723c751e8b465ee728b)  -> (artifact id: 'f2a191e0ca981d5a6ca9dfaf0a72a177') in 0.167855 seconds
Number of updated asset objects reloaded before import = 0
Number of asset objects unloaded after import = 181
========================================================================
Received Import Request.
  Time since last request: 0.927316 seconds.
  path: Assets/ModularHousePack1/Prefabs/Modules/Window/Parts
  artifactKey: Guid(c74e1ff6dc3b3574bb4c28b317bca4f6) Importer(815301076,1909f56bfc062723c751e8b465ee728b)
Start importing Assets/ModularHousePack1/Prefabs/Modules/Window/Parts using Guid(c74e1ff6dc3b3574bb4c28b317bca4f6) Importer(815301076,1909f56bfc062723c751e8b465ee728b)  -> (artifact id: 'ce20231dbeacbbb2b0e7462a573ba3e6') in 0.001241 seconds
Number of updated asset objects reloaded before import = 0
Number of asset objects unloaded after import = 0
========================================================================
Received Import Request.
  Time since last request: 0.108249 seconds.
  path: Assets/ModularHousePack1/Prefabs/Modules/Window/Parts/Exterior_Window_Baseboard.prefab
  artifactKey: Guid(45e13661b1128f74bac223e038fb9608) Importer(815301076,1909f56bfc062723c751e8b465ee728b)
Start importing Assets/ModularHousePack1/Prefabs/Modules/Window/Parts/Exterior_Window_Baseboard.prefab using Guid(45e13661b1128f74bac223e038fb9608) Importer(815301076,1909f56bfc062723c751e8b465ee728b)  -> (artifact id: 'b14523d14a8c96d10c2dbc26f33804c0') in 0.041694 seconds
Number of updated asset objects reloaded before import = 0
Number of asset objects unloaded after import = 11
========================================================================
Received Import Request.
  Time since last request: 0.000041 seconds.
  path: Assets/ModularHousePack1/Prefabs/Modules/Window/Parts/Exterior_Window_HingesB.prefab
  artifactKey: Guid(edb3f0ea46859974faa4e42def92c58e) Importer(815301076,1909f56bfc062723c751e8b465ee728b)
Start importing Assets/ModularHousePack1/Prefabs/Modules/Window/Parts/Exterior_Window_HingesB.prefab using Guid(edb3f0ea46859974faa4e42def92c58e) Importer(815301076,1909f56bfc062723c751e8b465ee728b)  -> (artifact id: '4a1db29a9f587541757d575ce79526f7') in 0.053195 seconds
Number of updated asset objects reloaded before import = 0
Number of asset objects unloaded after import = 12
========================================================================
Received Import Request.
  Time since last request: 0.000058 seconds.
  path: Assets/ModularHousePack1/Prefabs/Modules/Window/Parts/ExteriorToInterior_Window_Wall.prefab
  artifactKey: Guid(0a6c200b145b9714fba74299856de48e) Importer(815301076,1909f56bfc062723c751e8b465ee728b)
Start importing Assets/ModularHousePack1/Prefabs/Modules/Window/Parts/ExteriorToInterior_Window_Wall.prefab using Guid(0a6c200b145b9714fba74299856de48e) Importer(815301076,1909f56bfc062723c751e8b465ee728b)  -> (artifact id: '169faff7f93d37ae9cc8a904487dd8f0') in 0.043810 seconds
Number of updated asset objects reloaded before import = 0
Number of asset objects unloaded after import = 10
========================================================================
Received Import Request.
  Time since last request: 8.701556 seconds.
  path: Assets/ModularHousePack1/Art/Materials
  artifactKey: Guid(f215cb37d63655b4481ef7dc1f058488) Importer(815301076,1909f56bfc062723c751e8b465ee728b)
Start importing Assets/ModularHousePack1/Art/Materials using Guid(f215cb37d63655b4481ef7dc1f058488) Importer(815301076,1909f56bfc062723c751e8b465ee728b)  -> (artifact id: '41d5be2238c448d301d19e9b7f6742af') in 0.000775 seconds
Number of updated asset objects reloaded before import = 0
Number of asset objects unloaded after import = 0
========================================================================
Received Import Request.
  Time since last request: 51.583258 seconds.
  path: Assets/ModularHousePack1/Art/Textures/Rg_Ext_Tile_001.png
  artifactKey: Guid(9a860a5df7832ac47b6b96e7f7e4d272) Importer(815301076,1909f56bfc062723c751e8b465ee728b)
Start importing Assets/ModularHousePack1/Art/Textures/Rg_Ext_Tile_001.png using Guid(9a860a5df7832ac47b6b96e7f7e4d272) Importer(815301076,1909f56bfc062723c751e8b465ee728b)  -> (artifact id: '59e36dbbabd140d7c973c6947c7f05fd') in 0.053652 seconds
Number of updated asset objects reloaded before import = 0
Number of asset objects unloaded after import = 2
========================================================================
Received Import Request.
  Time since last request: 0.010679 seconds.
  path: Assets/ModularHousePack1/Art/Textures/Rg_Iron_002.png
  artifactKey: Guid(90bdb91932b4f35489b33b5081d8eec6) Importer(815301076,1909f56bfc062723c751e8b465ee728b)
Start importing Assets/ModularHousePack1/Art/Textures/Rg_Iron_002.png using Guid(90bdb91932b4f35489b33b5081d8eec6) Importer(815301076,1909f56bfc062723c751e8b465ee728b)  -> (artifact id: '18988baf125fdb3015aaa5e58e28c9bb') in 0.060194 seconds
Number of updated asset objects reloaded before import = 0
Number of asset objects unloaded after import = 2
========================================================================
Received Import Request.
  Time since last request: 0.000064 seconds.
  path: Assets/ModularHousePack1/Art/Textures/Rg_Wood_007.png
  artifactKey: Guid(f23aa064702718743868dc1c5f59f998) Importer(815301076,1909f56bfc062723c751e8b465ee728b)
Start importing Assets/ModularHousePack1/Art/Textures/Rg_Wood_007.png using Guid(f23aa064702718743868dc1c5f59f998) Importer(815301076,1909f56bfc062723c751e8b465ee728b)  -> (artifact id: '7cbaee0f42d1b762bb17824075e7d960') in 0.064046 seconds
Number of updated asset objects reloaded before import = 0
Number of asset objects unloaded after import = 2
Editor requested this worker to shutdown with reason: Scaling down because of idle timeout
TcpMessagingSession - receive error: operation aborted. errorcode: 995, details: The I/O operation has been aborted because of either a thread exit or an application request.
AssetImportWorker is now disconnected from the server
Process exiting
Exiting without the bug reporter. Application will terminate with return code 0