Using pre-set license
Built from '2022.3/staging' branch; Version is '2022.3.15f1 (b58023a2b463) revision 11894819'; Using compiler version '192829333'; Build Type 'Release'
OS: 'Windows 11  (10.0.22621) 64bit Core' Language: 'en' Physical Memory: 15773 MB
BatchMode: 1, IsHumanControllingUs: 0, StartBugReporterOnCrash: 0, Is64bit: 1, IsPro: 1

COMMAND LINE ARGUMENTS:
C:\Program Files\Unity\Hub\Editor\2022.3.15f1\Editor\Unity.exe
-adb2
-batchMode
-noUpm
-name
AssetImportWorker13
-projectPath
C:/Users/zeuss/final
-logFile
Logs/AssetImportWorker13.log
-srvPort
64119
Successfully changed project path to: C:/Users/zeuss/final
C:/Users/zeuss/final
[UnityMemory] Configuration Parameters - Can be set up in boot.config
    "memorysetup-bucket-allocator-granularity=16"
    "memorysetup-bucket-allocator-bucket-count=8"
    "memorysetup-bucket-allocator-block-size=33554432"
    "memorysetup-bucket-allocator-block-count=8"
    "memorysetup-main-allocator-block-size=16777216"
    "memorysetup-thread-allocator-block-size=16777216"
    "memorysetup-gfx-main-allocator-block-size=16777216"
    "memorysetup-gfx-thread-allocator-block-size=16777216"
    "memorysetup-cache-allocator-block-size=4194304"
    "memorysetup-typetree-allocator-block-size=2097152"
    "memorysetup-profiler-bucket-allocator-granularity=16"
    "memorysetup-profiler-bucket-allocator-bucket-count=8"
    "memorysetup-profiler-bucket-allocator-block-size=33554432"
    "memorysetup-profiler-bucket-allocator-block-count=8"
    "memorysetup-profiler-allocator-block-size=16777216"
    "memorysetup-profiler-editor-allocator-block-size=1048576"
    "memorysetup-temp-allocator-size-main=16777216"
    "memorysetup-job-temp-allocator-block-size=2097152"
    "memorysetup-job-temp-allocator-block-size-background=1048576"
    "memorysetup-job-temp-allocator-reduction-small-platforms=262144"
    "memorysetup-allocator-temp-initial-block-size-main=262144"
    "memorysetup-allocator-temp-initial-block-size-worker=262144"
    "memorysetup-temp-allocator-size-background-worker=32768"
    "memorysetup-temp-allocator-size-job-worker=262144"
    "memorysetup-temp-allocator-size-preload-manager=33554432"
    "memorysetup-temp-allocator-size-nav-mesh-worker=65536"
    "memorysetup-temp-allocator-size-audio-worker=65536"
    "memorysetup-temp-allocator-size-cloud-worker=32768"
    "memorysetup-temp-allocator-size-gi-baking-worker=262144"
    "memorysetup-temp-allocator-size-gfx=262144"
Player connection [73176] Host "[IP] 192.168.75.1 [Port] 0 [Flags] 2 [Guid] 2998354852 [EditorId] 2998354852 [Version] 1048832 [Id] WindowsEditor(7,Aussiebeeff) [Debug] 1 [PackageName] WindowsEditor [ProjectName] Editor" joined multi-casting on [225.0.0.222:54997]...

Player connection [73176] Host "[IP] 192.168.75.1 [Port] 0 [Flags] 2 [Guid] 2998354852 [EditorId] 2998354852 [Version] 1048832 [Id] WindowsEditor(7,Aussiebeeff) [Debug] 1 [PackageName] WindowsEditor [ProjectName] Editor" joined alternative multi-casting on [225.0.0.222:34997]...

[Physics::Module] Initialized MultithreadedJobDispatcher with 15 workers.
Refreshing native plugins compatible for Editor in 38.75 ms, found 3 plugins.
Preloading 0 native plugins for Editor in 0.00 ms.
Initialize engine version: 2022.3.15f1 (b58023a2b463)
[Subsystems] Discovering subsystems at path C:/Program Files/Unity/Hub/Editor/2022.3.15f1/Editor/Data/Resources/UnitySubsystems
[Subsystems] Discovering subsystems at path C:/Users/zeuss/final/Assets
GfxDevice: creating device client; threaded=0; jobified=0
Direct3D:
    Version:  Direct3D 11.0 [level 11.1]
    Renderer: NVIDIA GeForce RTX 3050 Ti Laptop GPU (ID=0x25a0)
    Vendor:   NVIDIA
    VRAM:     3977 MB
    Driver:   31.0.15.4617
Initialize mono
Mono path[0] = 'C:/Program Files/Unity/Hub/Editor/2022.3.15f1/Editor/Data/Managed'
Mono path[1] = 'C:/Program Files/Unity/Hub/Editor/2022.3.15f1/Editor/Data/MonoBleedingEdge/lib/mono/unityjit-win32'
Mono config path = 'C:/Program Files/Unity/Hub/Editor/2022.3.15f1/Editor/Data/MonoBleedingEdge/etc'
Using monoOptions --debugger-agent=transport=dt_socket,embedding=1,server=y,suspend=n,address=127.0.0.1:56968
Begin MonoManager ReloadAssembly
Registering precompiled unity dll's ...
Register platform support module: C:/Program Files/Unity/Hub/Editor/2022.3.15f1/Editor/Data/PlaybackEngines/WebGLSupport/UnityEditor.WebGL.Extensions.dll
Register platform support module: C:/Program Files/Unity/Hub/Editor/2022.3.15f1/Editor/Data/PlaybackEngines/WindowsStandaloneSupport/UnityEditor.WindowsStandalone.Extensions.dll
Registered in 0.028932 seconds.
- Loaded All Assemblies, in  1.018 seconds
Native extension for WindowsStandalone target not found
Native extension for WebGL target not found
Mono: successfully reloaded assembly
- Finished resetting the current domain, in  0.525 seconds
Domain Reload Profiling: 1536ms
	BeginReloadAssembly (398ms)
		ExecutionOrderSort (0ms)
		DisableScriptedObjects (0ms)
		BackupInstance (0ms)
		ReleaseScriptingObjects (0ms)
		CreateAndSetChildDomain (2ms)
	RebuildCommonClasses (117ms)
	RebuildNativeTypeToScriptingClass (18ms)
	initialDomainReloadingComplete (150ms)
	LoadAllAssembliesAndSetupDomain (327ms)
		LoadAssemblies (393ms)
		RebuildTransferFunctionScriptingTraits (0ms)
		AnalyzeDomain (319ms)
			TypeCache.Refresh (316ms)
				TypeCache.ScanAssembly (291ms)
			ScanForSourceGeneratedMonoScriptInfo (1ms)
			ResolveRequiredComponents (1ms)
	FinalizeReload (526ms)
		ReleaseScriptCaches (0ms)
		RebuildScriptCaches (0ms)
		SetupLoadedEditorAssemblies (415ms)
			LogAssemblyErrors (0ms)
			InitializePlatformSupportModulesInManaged (25ms)
			SetLoadedEditorAssemblies (9ms)
			RefreshPlugins (0ms)
			BeforeProcessingInitializeOnLoad (5ms)
			ProcessInitializeOnLoadAttributes (290ms)
			ProcessInitializeOnLoadMethodAttributes (86ms)
			AfterProcessingInitializeOnLoad (0ms)
			EditorAssembliesLoaded (0ms)
		ExecutionOrderSort2 (0ms)
		AwakeInstancesAfterBackupRestoration (0ms)
========================================================================
Worker process is ready to serve import requests
Begin MonoManager ReloadAssembly
- Loaded All Assemblies, in  1.405 seconds
Refreshing native plugins compatible for Editor in 6.59 ms, found 3 plugins.
Native extension for WindowsStandalone target not found
Native extension for WebGL target not found
Package Manager log level set to [2]
[Package Manager] Server::EnsureServerProcessIsRunning -- launch failed, reason: Unity was launched with the -noUpm command-line argument
[Package Manager] UpmClient::Send -- Unable to send message (not connected to UPM process).
[Package Manager] Cannot connect to Unity Package Manager local server
Mono: successfully reloaded assembly
- Finished resetting the current domain, in  1.029 seconds
Domain Reload Profiling: 2417ms
	BeginReloadAssembly (237ms)
		ExecutionOrderSort (0ms)
		DisableScriptedObjects (8ms)
		BackupInstance (0ms)
		ReleaseScriptingObjects (0ms)
		CreateAndSetChildDomain (32ms)
	RebuildCommonClasses (52ms)
	RebuildNativeTypeToScriptingClass (20ms)
	initialDomainReloadingComplete (127ms)
	LoadAllAssembliesAndSetupDomain (952ms)
		LoadAssemblies (829ms)
		RebuildTransferFunctionScriptingTraits (0ms)
		AnalyzeDomain (261ms)
			TypeCache.Refresh (234ms)
				TypeCache.ScanAssembly (215ms)
			ScanForSourceGeneratedMonoScriptInfo (20ms)
			ResolveRequiredComponents (5ms)
	FinalizeReload (1029ms)
		ReleaseScriptCaches (0ms)
		RebuildScriptCaches (0ms)
		SetupLoadedEditorAssemblies (815ms)
			LogAssemblyErrors (0ms)
			InitializePlatformSupportModulesInManaged (13ms)
			SetLoadedEditorAssemblies (6ms)
			RefreshPlugins (0ms)
			BeforeProcessingInitializeOnLoad (155ms)
			ProcessInitializeOnLoadAttributes (593ms)
			ProcessInitializeOnLoadMethodAttributes (31ms)
			AfterProcessingInitializeOnLoad (16ms)
			EditorAssembliesLoaded (0ms)
		ExecutionOrderSort2 (0ms)
		AwakeInstancesAfterBackupRestoration (18ms)
Launched and connected shader compiler UnityShaderCompiler.exe after 0.08 seconds
Refreshing native plugins compatible for Editor in 6.77 ms, found 3 plugins.
Preloading 0 native plugins for Editor in 0.00 ms.
Unloading 3083 Unused Serialized files (Serialized files now loaded: 0)
Unloading 32 unused Assets / (56.8 KB). Loaded Objects now: 3549.
Memory consumption went from 124.2 MB to 124.2 MB.
Total: 3.981700 ms (FindLiveObjects: 0.340000 ms CreateObjectMapping: 0.177100 ms MarkObjects: 3.347300 ms  DeleteObjects: 0.115900 ms)

AssetImportParameters requested are different than current active one (requested -> active):
  custom:container-demuxer-ogg: 62fdf1f143b41e24485cea50d1cbac27 -> 
  custom:video-codec-MediaFoundation-h265: 746d11721c4dcdbdad8f713fa42b33f4 -> 
  custom:video-decoder-ogg-theora: a1e56fd34408186e4bbccfd4996cb3dc -> 
  custom:framework-win-MediaFoundation: 216162199b28c13a410421893ffa2e32 -> 
  custom:CustomObjectIndexerAttribute: 43b350a4d6e6d1791af0b5038c4bea17 -> 
  custom:container-demuxer-webm: 4f35f7cbe854078d1ac9338744f61a02 -> 
  custom:container-muxer-webm: aa71ff27fc2769a1b78a27578f13a17b -> 
  custom:video-decoder-webm-vp8: 9c59270c3fd7afecdb556c50c9e8de78 -> 
  custom:SearchIndexIgnoredProperties: e643bd26f0fe6173181afceb89e7c659 -> 
  custom:AudioImporter_EditorPlatform: d09bf68614088b80899f8185d706f6e7 -> 
  custom:video-encoder-webm-vp8: eb34c28f22e8b96e1ab97ce403110664 -> 
  custom:audio-decoder-ogg-vorbis: bf7c407c2cedff20999df2af8eb42d56 -> 
  custom:audio-encoder-webm-vorbis: bf7c407c2cedff20999df2af8eb42d56 -> 
========================================================================
Received Import Request.
  Time since last request: 450857.462357 seconds.
  path: Assets/small_town_america/general/models/damage_ground/general_damage_ground_3.fbx
  artifactKey: Guid(21eaca6bd5d9e0f41b2bb4a747132e75) Importer(815301076,1909f56bfc062723c751e8b465ee728b)
Start importing Assets/small_town_america/general/models/damage_ground/general_damage_ground_3.fbx using Guid(21eaca6bd5d9e0f41b2bb4a747132e75) Importer(815301076,1909f56bfc062723c751e8b465ee728b)  -> (artifact id: '5926aff7b9d1fbe725125680a3f892c6') in 0.679897 seconds
Number of updated asset objects reloaded before import = 0
Number of asset objects unloaded after import = 11
========================================================================
Received Import Request.
  Time since last request: 3.251310 seconds.
  path: Assets/small_town_america/general/models/flagpole/general_rope_flag.fbx
  artifactKey: Guid(df67c2e4df7bed844aacd042adff0331) Importer(815301076,1909f56bfc062723c751e8b465ee728b)
Start importing Assets/small_town_america/general/models/flagpole/general_rope_flag.fbx using Guid(df67c2e4df7bed844aacd042adff0331) Importer(815301076,1909f56bfc062723c751e8b465ee728b)  -> (artifact id: '6016b405f6f16b06b3de93f169379bd4') in 0.068551 seconds
Number of updated asset objects reloaded before import = 0
Number of asset objects unloaded after import = 11
========================================================================
Received Import Request.
  Time since last request: 1.752221 seconds.
  path: Assets/small_town_america/general/models/road_signs/general_road_signs_3.fbx
  artifactKey: Guid(c8e308afd6ef71b4592441cc4d0d2db6) Importer(815301076,1909f56bfc062723c751e8b465ee728b)
Start importing Assets/small_town_america/general/models/road_signs/general_road_signs_3.fbx using Guid(c8e308afd6ef71b4592441cc4d0d2db6) Importer(815301076,1909f56bfc062723c751e8b465ee728b)  -> (artifact id: 'f1d7e539893ed58b7e1485edcff314bb') in 0.600758 seconds
Number of updated asset objects reloaded before import = 0
Number of asset objects unloaded after import = 11
========================================================================
Received Import Request.
  Time since last request: 0.000067 seconds.
  path: Assets/small_town_america/general/models/road_signs/general_road_signs_29.fbx
  artifactKey: Guid(b56ed8c4e6dee0341972899d539d0453) Importer(815301076,1909f56bfc062723c751e8b465ee728b)
Start importing Assets/small_town_america/general/models/road_signs/general_road_signs_29.fbx using Guid(b56ed8c4e6dee0341972899d539d0453) Importer(815301076,1909f56bfc062723c751e8b465ee728b)  -> (artifact id: '8d98e88288afd92b40fc37a6b457b670') in 0.083153 seconds
Number of updated asset objects reloaded before import = 0
Number of asset objects unloaded after import = 11
========================================================================
Received Import Request.
  Time since last request: 0.000267 seconds.
  path: Assets/small_town_america/general/models/road_signs/general_road_signs_22.fbx
  artifactKey: Guid(79ab74703b5a2f941969ca294dc226d0) Importer(815301076,1909f56bfc062723c751e8b465ee728b)
Start importing Assets/small_town_america/general/models/road_signs/general_road_signs_22.fbx using Guid(79ab74703b5a2f941969ca294dc226d0) Importer(815301076,1909f56bfc062723c751e8b465ee728b)  -> (artifact id: 'c26f75f87146c2936dc0a62e7d6c5a72') in 0.056380 seconds
Number of updated asset objects reloaded before import = 0
Number of asset objects unloaded after import = 11
========================================================================
Received Import Request.
  Time since last request: 0.000040 seconds.
  path: Assets/small_town_america/general/models/road_signs/general_road_signs_9.fbx
  artifactKey: Guid(eb9db63ed461f6a4b9cc985afbe1936a) Importer(815301076,1909f56bfc062723c751e8b465ee728b)
Start importing Assets/small_town_america/general/models/road_signs/general_road_signs_9.fbx using Guid(eb9db63ed461f6a4b9cc985afbe1936a) Importer(815301076,1909f56bfc062723c751e8b465ee728b)  -> (artifact id: '336d0b3f4fa2a6f31ba11199b81358d6') in 0.056758 seconds
Number of updated asset objects reloaded before import = 0
Number of asset objects unloaded after import = 11
========================================================================
Received Import Request.
  Time since last request: 0.000043 seconds.
  path: Assets/small_town_america/general/models/road_signs/general_road_signs_13.fbx
  artifactKey: Guid(457d52532a715f14faf19ad12d32cc46) Importer(815301076,1909f56bfc062723c751e8b465ee728b)
Start importing Assets/small_town_america/general/models/road_signs/general_road_signs_13.fbx using Guid(457d52532a715f14faf19ad12d32cc46) Importer(815301076,1909f56bfc062723c751e8b465ee728b)  -> (artifact id: '3a6174fe52a466c9ad54f2cbd2f34c21') in 0.079462 seconds
Number of updated asset objects reloaded before import = 0
Number of asset objects unloaded after import = 11
========================================================================
Received Import Request.
  Time since last request: 0.000047 seconds.
  path: Assets/small_town_america/general/models/road_signs/general_road_signs_5.fbx
  artifactKey: Guid(091f556825424184fafe43e2c115a8c8) Importer(815301076,1909f56bfc062723c751e8b465ee728b)
Start importing Assets/small_town_america/general/models/road_signs/general_road_signs_5.fbx using Guid(091f556825424184fafe43e2c115a8c8) Importer(815301076,1909f56bfc062723c751e8b465ee728b)  -> (artifact id: 'cdb4fd7b8f6480bc6c47e628d9a1b13d') in 0.062492 seconds
Number of updated asset objects reloaded before import = 0
Number of asset objects unloaded after import = 11
========================================================================
Received Import Request.
  Time since last request: 0.000069 seconds.
  path: Assets/small_town_america/general/models/road_signs/general_road_signs_8.fbx
  artifactKey: Guid(9b4fd35a4a40ace49a00d1107117a00c) Importer(815301076,1909f56bfc062723c751e8b465ee728b)
Start importing Assets/small_town_america/general/models/road_signs/general_road_signs_8.fbx using Guid(9b4fd35a4a40ace49a00d1107117a00c) Importer(815301076,1909f56bfc062723c751e8b465ee728b)  -> (artifact id: '87e4c54e09b747f7da145f6419b654a3') in 0.066910 seconds
Number of updated asset objects reloaded before import = 0
Number of asset objects unloaded after import = 11
========================================================================
Received Import Request.
  Time since last request: 13.382000 seconds.
  path: Assets/small_town_america/general/materials/general_flag_m.mat
  artifactKey: Guid(5109fdd91840ac040b590a1e77e2638a) Importer(815301076,1909f56bfc062723c751e8b465ee728b)
Start importing Assets/small_town_america/general/materials/general_flag_m.mat using Guid(5109fdd91840ac040b590a1e77e2638a) Importer(815301076,1909f56bfc062723c751e8b465ee728b)  -> (artifact id: '9182a8d0e48b08ecb1e4b7a5f8521803') in 0.073704 seconds
Number of updated asset objects reloaded before import = 0
Number of asset objects unloaded after import = 4
========================================================================
Received Import Request.
  Time since last request: 5.029190 seconds.
  path: Assets/small_town_america/general/textures/barricades_carstop/general_barricades_carstop_n.tga
  artifactKey: Guid(c89a8db7d15cde34e966bf8868c27a80) Importer(815301076,1909f56bfc062723c751e8b465ee728b)
Start importing Assets/small_town_america/general/textures/barricades_carstop/general_barricades_carstop_n.tga using Guid(c89a8db7d15cde34e966bf8868c27a80) Importer(815301076,1909f56bfc062723c751e8b465ee728b)  -> (artifact id: '7047e9bbe1896309211ee3039dd1eaa0') in 0.058870 seconds
Number of updated asset objects reloaded before import = 0
Number of asset objects unloaded after import = 2
========================================================================
Received Import Request.
  Time since last request: 121.596681 seconds.
  path: Assets/small_town_america/general/models/barricades_carstop/general_barricades_carstop_single.fbx
  artifactKey: Guid(516d43315fd257843800978827a40628) Importer(815301076,1909f56bfc062723c751e8b465ee728b)
Start importing Assets/small_town_america/general/models/barricades_carstop/general_barricades_carstop_single.fbx using Guid(516d43315fd257843800978827a40628) Importer(815301076,1909f56bfc062723c751e8b465ee728b)  -> (artifact id: '731d3698875c83d557ce2abce5835604') in 0.044973 seconds
Number of updated asset objects reloaded before import = 0
Number of asset objects unloaded after import = 11
========================================================================
Received Import Request.
  Time since last request: 7.409306 seconds.
  path: Assets/small_town_america/general/models/street/general_street_3_way_no_sidewalk.fbx
  artifactKey: Guid(dde7cc19a36f955469bb3fff3f2d29ec) Importer(815301076,1909f56bfc062723c751e8b465ee728b)
Start importing Assets/small_town_america/general/models/street/general_street_3_way_no_sidewalk.fbx using Guid(dde7cc19a36f955469bb3fff3f2d29ec) Importer(815301076,1909f56bfc062723c751e8b465ee728b)  -> (artifact id: '4bfb3de87205af5233c48a3238deaf59') in 0.067536 seconds
Number of updated asset objects reloaded before import = 0
Number of asset objects unloaded after import = 15
========================================================================
Received Import Request.
  Time since last request: 0.000105 seconds.
  path: Assets/small_town_america/general/models/street/general_street_straight_no_markings.fbx
  artifactKey: Guid(e77c4602354e0354baffa6967d57b0d2) Importer(815301076,1909f56bfc062723c751e8b465ee728b)
Start importing Assets/small_town_america/general/models/street/general_street_straight_no_markings.fbx using Guid(e77c4602354e0354baffa6967d57b0d2) Importer(815301076,1909f56bfc062723c751e8b465ee728b)  -> (artifact id: 'e5b4cacac7d5d93cb77bec3148efac5f') in 0.077550 seconds
Number of updated asset objects reloaded before import = 0
Number of asset objects unloaded after import = 11
========================================================================
Received Import Request.
  Time since last request: 0.000062 seconds.
  path: Assets/small_town_america/general/models/street/general_street_straight_no_sidewalk_long.fbx
  artifactKey: Guid(af737ec27fbf0af43acdb172eda053c5) Importer(815301076,1909f56bfc062723c751e8b465ee728b)
Start importing Assets/small_town_america/general/models/street/general_street_straight_no_sidewalk_long.fbx using Guid(af737ec27fbf0af43acdb172eda053c5) Importer(815301076,1909f56bfc062723c751e8b465ee728b)  -> (artifact id: 'a47ba414b8300a14b7a251cdc8187f9e') in 0.075794 seconds
Number of updated asset objects reloaded before import = 0
Number of asset objects unloaded after import = 15
========================================================================
Received Import Request.
  Time since last request: 0.000028 seconds.
  path: Assets/small_town_america/general/models/street/general_street_crossing_w_sidewalk.fbx
  artifactKey: Guid(321883f7aba6cbb4488b5f2c40654ace) Importer(815301076,1909f56bfc062723c751e8b465ee728b)
Start importing Assets/small_town_america/general/models/street/general_street_crossing_w_sidewalk.fbx using Guid(321883f7aba6cbb4488b5f2c40654ace) Importer(815301076,1909f56bfc062723c751e8b465ee728b)  -> (artifact id: '96f377f9597d212ff1eb88f86b111430') in 0.092911 seconds
Number of updated asset objects reloaded before import = 0
Number of asset objects unloaded after import = 15
========================================================================
Received Import Request.
  Time since last request: 0.000051 seconds.
  path: Assets/small_town_america/general/models/street/general_street_corner_no_markings.fbx
  artifactKey: Guid(d90e442b51080d64a8336d227d26269e) Importer(815301076,1909f56bfc062723c751e8b465ee728b)
Start importing Assets/small_town_america/general/models/street/general_street_corner_no_markings.fbx using Guid(d90e442b51080d64a8336d227d26269e) Importer(815301076,1909f56bfc062723c751e8b465ee728b)  -> (artifact id: '19d118c92353b5d0ecc10e0c74849db3') in 0.058295 seconds
Number of updated asset objects reloaded before import = 0
Number of asset objects unloaded after import = 11
========================================================================
Received Import Request.
  Time since last request: 0.000038 seconds.
  path: Assets/small_town_america/general/models/street/general_street_straight_no_markings_long.fbx
  artifactKey: Guid(3c46e1ca4159f7e468d5b7472a3793e7) Importer(815301076,1909f56bfc062723c751e8b465ee728b)
Start importing Assets/small_town_america/general/models/street/general_street_straight_no_markings_long.fbx using Guid(3c46e1ca4159f7e468d5b7472a3793e7) Importer(815301076,1909f56bfc062723c751e8b465ee728b)  -> (artifact id: 'a426cf8edf84b1d3b65dc35bc88cdfca') in 0.039393 seconds
Number of updated asset objects reloaded before import = 0
Number of asset objects unloaded after import = 11
========================================================================
Received Import Request.
  Time since last request: 0.000055 seconds.
  path: Assets/small_town_america/general/models/street/general_street_straight_w_sidewalk_long.fbx
  artifactKey: Guid(0656a7e5759ccaf40a463b72bbf3a345) Importer(815301076,1909f56bfc062723c751e8b465ee728b)
Start importing Assets/small_town_america/general/models/street/general_street_straight_w_sidewalk_long.fbx using Guid(0656a7e5759ccaf40a463b72bbf3a345) Importer(815301076,1909f56bfc062723c751e8b465ee728b)  -> (artifact id: 'efb2e4fac45a6d9907b8d37aa1c5ecf5') in 0.067712 seconds
Number of updated asset objects reloaded before import = 0
Number of asset objects unloaded after import = 15
========================================================================
Received Import Request.
  Time since last request: 0.000029 seconds.
  path: Assets/small_town_america/general/models/street/general_street_straight_no_sidewalk.fbx
  artifactKey: Guid(c24014bb2573314439344bb71ce5ef2e) Importer(815301076,1909f56bfc062723c751e8b465ee728b)
Start importing Assets/small_town_america/general/models/street/general_street_straight_no_sidewalk.fbx using Guid(c24014bb2573314439344bb71ce5ef2e) Importer(815301076,1909f56bfc062723c751e8b465ee728b)  -> (artifact id: '04382b29a8a75c587a91ae30f5b76a7e') in 0.043428 seconds
Number of updated asset objects reloaded before import = 0
Number of asset objects unloaded after import = 15
Editor requested this worker to shutdown with reason: Scaling down because of idle timeout
TcpMessagingSession - receive error: operation aborted. errorcode: 995, details: The I/O operation has been aborted because of either a thread exit or an application request.
AssetImportWorker is now disconnected from the server
Process exiting
Exiting without the bug reporter. Application will terminate with return code 0