Using pre-set license
Built from '2022.3/staging' branch; Version is '2022.3.15f1 (b58023a2b463) revision 11894819'; Using compiler version '192829333'; Build Type 'Release'
OS: 'Windows 11  (10.0.22621) 64bit Core' Language: 'en' Physical Memory: 15773 MB
BatchMode: 1, IsHumanControllingUs: 0, StartBugReporterOnCrash: 0, Is64bit: 1, IsPro: 1

COMMAND LINE ARGUMENTS:
C:\Program Files\Unity\Hub\Editor\2022.3.15f1\Editor\Unity.exe
-adb2
-batchMode
-noUpm
-name
AssetImportWorker9
-projectPath
C:/Users/zeuss/final
-logFile
Logs/AssetImportWorker9.log
-srvPort
64119
Successfully changed project path to: C:/Users/zeuss/final
C:/Users/zeuss/final
[UnityMemory] Configuration Parameters - Can be set up in boot.config
    "memorysetup-bucket-allocator-granularity=16"
    "memorysetup-bucket-allocator-bucket-count=8"
    "memorysetup-bucket-allocator-block-size=33554432"
    "memorysetup-bucket-allocator-block-count=8"
    "memorysetup-main-allocator-block-size=16777216"
    "memorysetup-thread-allocator-block-size=16777216"
    "memorysetup-gfx-main-allocator-block-size=16777216"
    "memorysetup-gfx-thread-allocator-block-size=16777216"
    "memorysetup-cache-allocator-block-size=4194304"
    "memorysetup-typetree-allocator-block-size=2097152"
    "memorysetup-profiler-bucket-allocator-granularity=16"
    "memorysetup-profiler-bucket-allocator-bucket-count=8"
    "memorysetup-profiler-bucket-allocator-block-size=33554432"
    "memorysetup-profiler-bucket-allocator-block-count=8"
    "memorysetup-profiler-allocator-block-size=16777216"
    "memorysetup-profiler-editor-allocator-block-size=1048576"
    "memorysetup-temp-allocator-size-main=16777216"
    "memorysetup-job-temp-allocator-block-size=2097152"
    "memorysetup-job-temp-allocator-block-size-background=1048576"
    "memorysetup-job-temp-allocator-reduction-small-platforms=262144"
    "memorysetup-allocator-temp-initial-block-size-main=262144"
    "memorysetup-allocator-temp-initial-block-size-worker=262144"
    "memorysetup-temp-allocator-size-background-worker=32768"
    "memorysetup-temp-allocator-size-job-worker=262144"
    "memorysetup-temp-allocator-size-preload-manager=33554432"
    "memorysetup-temp-allocator-size-nav-mesh-worker=65536"
    "memorysetup-temp-allocator-size-audio-worker=65536"
    "memorysetup-temp-allocator-size-cloud-worker=32768"
    "memorysetup-temp-allocator-size-gi-baking-worker=262144"
    "memorysetup-temp-allocator-size-gfx=262144"
Player connection [12032] Host "[IP] 192.168.75.1 [Port] 0 [Flags] 2 [Guid] 1896580949 [EditorId] 1896580949 [Version] 1048832 [Id] WindowsEditor(7,Aussiebeeff) [Debug] 1 [PackageName] WindowsEditor [ProjectName] Editor" joined multi-casting on [225.0.0.222:54997]...

Player connection [12032] Host "[IP] 192.168.75.1 [Port] 0 [Flags] 2 [Guid] 1896580949 [EditorId] 1896580949 [Version] 1048832 [Id] WindowsEditor(7,Aussiebeeff) [Debug] 1 [PackageName] WindowsEditor [ProjectName] Editor" joined alternative multi-casting on [225.0.0.222:34997]...

[Physics::Module] Initialized MultithreadedJobDispatcher with 15 workers.
Refreshing native plugins compatible for Editor in 55.08 ms, found 3 plugins.
Preloading 0 native plugins for Editor in 0.00 ms.
Initialize engine version: 2022.3.15f1 (b58023a2b463)
[Subsystems] Discovering subsystems at path C:/Program Files/Unity/Hub/Editor/2022.3.15f1/Editor/Data/Resources/UnitySubsystems
[Subsystems] Discovering subsystems at path C:/Users/zeuss/final/Assets
GfxDevice: creating device client; threaded=0; jobified=0
Direct3D:
    Version:  Direct3D 11.0 [level 11.1]
    Renderer: NVIDIA GeForce RTX 3050 Ti Laptop GPU (ID=0x25a0)
    Vendor:   NVIDIA
    VRAM:     3977 MB
    Driver:   31.0.15.4617
Initialize mono
Mono path[0] = 'C:/Program Files/Unity/Hub/Editor/2022.3.15f1/Editor/Data/Managed'
Mono path[1] = 'C:/Program Files/Unity/Hub/Editor/2022.3.15f1/Editor/Data/MonoBleedingEdge/lib/mono/unityjit-win32'
Mono config path = 'C:/Program Files/Unity/Hub/Editor/2022.3.15f1/Editor/Data/MonoBleedingEdge/etc'
Using monoOptions --debugger-agent=transport=dt_socket,embedding=1,server=y,suspend=n,address=127.0.0.1:56504
Begin MonoManager ReloadAssembly
Registering precompiled unity dll's ...
Register platform support module: C:/Program Files/Unity/Hub/Editor/2022.3.15f1/Editor/Data/PlaybackEngines/WebGLSupport/UnityEditor.WebGL.Extensions.dll
Register platform support module: C:/Program Files/Unity/Hub/Editor/2022.3.15f1/Editor/Data/PlaybackEngines/WindowsStandaloneSupport/UnityEditor.WindowsStandalone.Extensions.dll
Registered in 0.031150 seconds.
- Loaded All Assemblies, in  0.707 seconds
Native extension for WindowsStandalone target not found
Native extension for WebGL target not found
Mono: successfully reloaded assembly
- Finished resetting the current domain, in  0.502 seconds
Domain Reload Profiling: 1204ms
	BeginReloadAssembly (261ms)
		ExecutionOrderSort (0ms)
		DisableScriptedObjects (0ms)
		BackupInstance (0ms)
		ReleaseScriptingObjects (0ms)
		CreateAndSetChildDomain (1ms)
	RebuildCommonClasses (61ms)
	RebuildNativeTypeToScriptingClass (16ms)
	initialDomainReloadingComplete (133ms)
	LoadAllAssembliesAndSetupDomain (231ms)
		LoadAssemblies (257ms)
		RebuildTransferFunctionScriptingTraits (0ms)
		AnalyzeDomain (227ms)
			TypeCache.Refresh (225ms)
				TypeCache.ScanAssembly (205ms)
			ScanForSourceGeneratedMonoScriptInfo (1ms)
			ResolveRequiredComponents (1ms)
	FinalizeReload (502ms)
		ReleaseScriptCaches (0ms)
		RebuildScriptCaches (0ms)
		SetupLoadedEditorAssemblies (397ms)
			LogAssemblyErrors (0ms)
			InitializePlatformSupportModulesInManaged (28ms)
			SetLoadedEditorAssemblies (10ms)
			RefreshPlugins (0ms)
			BeforeProcessingInitializeOnLoad (5ms)
			ProcessInitializeOnLoadAttributes (264ms)
			ProcessInitializeOnLoadMethodAttributes (90ms)
			AfterProcessingInitializeOnLoad (0ms)
			EditorAssembliesLoaded (0ms)
		ExecutionOrderSort2 (0ms)
		AwakeInstancesAfterBackupRestoration (0ms)
========================================================================
Worker process is ready to serve import requests
Begin MonoManager ReloadAssembly
- Loaded All Assemblies, in  1.103 seconds
Refreshing native plugins compatible for Editor in 5.72 ms, found 3 plugins.
Native extension for WindowsStandalone target not found
Native extension for WebGL target not found
Package Manager log level set to [2]
[Package Manager] Server::EnsureServerProcessIsRunning -- launch failed, reason: Unity was launched with the -noUpm command-line argument
[Package Manager] UpmClient::Send -- Unable to send message (not connected to UPM process).
[Package Manager] Cannot connect to Unity Package Manager local server
Mono: successfully reloaded assembly
- Finished resetting the current domain, in  1.038 seconds
Domain Reload Profiling: 2134ms
	BeginReloadAssembly (230ms)
		ExecutionOrderSort (0ms)
		DisableScriptedObjects (7ms)
		BackupInstance (0ms)
		ReleaseScriptingObjects (0ms)
		CreateAndSetChildDomain (32ms)
	RebuildCommonClasses (44ms)
	RebuildNativeTypeToScriptingClass (13ms)
	initialDomainReloadingComplete (66ms)
	LoadAllAssembliesAndSetupDomain (744ms)
		LoadAssemblies (634ms)
		RebuildTransferFunctionScriptingTraits (0ms)
		AnalyzeDomain (255ms)
			TypeCache.Refresh (232ms)
				TypeCache.ScanAssembly (211ms)
			ScanForSourceGeneratedMonoScriptInfo (17ms)
			ResolveRequiredComponents (4ms)
	FinalizeReload (1038ms)
		ReleaseScriptCaches (0ms)
		RebuildScriptCaches (0ms)
		SetupLoadedEditorAssemblies (823ms)
			LogAssemblyErrors (0ms)
			InitializePlatformSupportModulesInManaged (17ms)
			SetLoadedEditorAssemblies (7ms)
			RefreshPlugins (0ms)
			BeforeProcessingInitializeOnLoad (153ms)
			ProcessInitializeOnLoadAttributes (593ms)
			ProcessInitializeOnLoadMethodAttributes (34ms)
			AfterProcessingInitializeOnLoad (19ms)
			EditorAssembliesLoaded (0ms)
		ExecutionOrderSort2 (0ms)
		AwakeInstancesAfterBackupRestoration (17ms)
Launched and connected shader compiler UnityShaderCompiler.exe after 0.09 seconds
Refreshing native plugins compatible for Editor in 7.75 ms, found 3 plugins.
Preloading 0 native plugins for Editor in 0.00 ms.
Unloading 3083 Unused Serialized files (Serialized files now loaded: 0)
Unloading 32 unused Assets / (56.8 KB). Loaded Objects now: 3546.
Memory consumption went from 123.9 MB to 123.9 MB.
Total: 3.698600 ms (FindLiveObjects: 0.269900 ms CreateObjectMapping: 0.245400 ms MarkObjects: 3.067000 ms  DeleteObjects: 0.115500 ms)

AssetImportParameters requested are different than current active one (requested -> active):
  custom:container-demuxer-ogg: 62fdf1f143b41e24485cea50d1cbac27 -> 
  custom:video-codec-MediaFoundation-h265: 746d11721c4dcdbdad8f713fa42b33f4 -> 
  custom:video-decoder-ogg-theora: a1e56fd34408186e4bbccfd4996cb3dc -> 
  custom:framework-win-MediaFoundation: 216162199b28c13a410421893ffa2e32 -> 
  custom:CustomObjectIndexerAttribute: 43b350a4d6e6d1791af0b5038c4bea17 -> 
  custom:container-demuxer-webm: 4f35f7cbe854078d1ac9338744f61a02 -> 
  custom:container-muxer-webm: aa71ff27fc2769a1b78a27578f13a17b -> 
  custom:video-decoder-webm-vp8: 9c59270c3fd7afecdb556c50c9e8de78 -> 
  custom:SearchIndexIgnoredProperties: e643bd26f0fe6173181afceb89e7c659 -> 
  custom:AudioImporter_EditorPlatform: d09bf68614088b80899f8185d706f6e7 -> 
  custom:video-encoder-webm-vp8: eb34c28f22e8b96e1ab97ce403110664 -> 
  custom:audio-decoder-ogg-vorbis: bf7c407c2cedff20999df2af8eb42d56 -> 
  custom:audio-encoder-webm-vorbis: bf7c407c2cedff20999df2af8eb42d56 -> 
========================================================================
Received Import Request.
  Time since last request: 450384.988355 seconds.
  path: Assets/LowpolyStreetPack/Meshes/Foliage.FBX
  artifactKey: Guid(e83dabdd8814e2243a3581266264de31) Importer(815301076,1909f56bfc062723c751e8b465ee728b)
Start importing Assets/LowpolyStreetPack/Meshes/Foliage.FBX using Guid(e83dabdd8814e2243a3581266264de31) Importer(815301076,1909f56bfc062723c751e8b465ee728b)  -> (artifact id: 'be7fe0e3a6e9f2e6a41535ae3e049485') in 0.552918 seconds
Number of updated asset objects reloaded before import = 0
Number of asset objects unloaded after import = 81
========================================================================
Received Import Request.
  Time since last request: 0.000055 seconds.
  path: Assets/LowpolyStreetPack/Meshes/RoadMarks.FBX
  artifactKey: Guid(33c8305a75ab5af45a870e900a34b596) Importer(815301076,1909f56bfc062723c751e8b465ee728b)
Start importing Assets/LowpolyStreetPack/Meshes/RoadMarks.FBX using Guid(33c8305a75ab5af45a870e900a34b596) Importer(815301076,1909f56bfc062723c751e8b465ee728b)  -> (artifact id: 'ea9e663cbffc7bb88242719f7b099926') in 0.238523 seconds
Number of updated asset objects reloaded before import = 0
Number of asset objects unloaded after import = 86
========================================================================
Received Import Request.
  Time since last request: 6.488805 seconds.
  path: Assets/LowpolyStreetPack/Prefabs/Foliage/Trees/Tree_B_V01_Leaves02.prefab
  artifactKey: Guid(ccf4b672827ca6341a08229cf5f40671) Importer(815301076,1909f56bfc062723c751e8b465ee728b)
Start importing Assets/LowpolyStreetPack/Prefabs/Foliage/Trees/Tree_B_V01_Leaves02.prefab using Guid(ccf4b672827ca6341a08229cf5f40671) Importer(815301076,1909f56bfc062723c751e8b465ee728b)  -> (artifact id: 'a488918963d2104786aaea0c9790a74b') in 0.544664 seconds
Number of updated asset objects reloaded before import = 0
Number of asset objects unloaded after import = 12
========================================================================
Received Import Request.
  Time since last request: 0.000055 seconds.
  path: Assets/LowpolyStreetPack/Prefabs/Foliage/Trees/Tree_E_V02.prefab
  artifactKey: Guid(3087c85ae73a9f94e900671ac1fd06de) Importer(815301076,1909f56bfc062723c751e8b465ee728b)
Start importing Assets/LowpolyStreetPack/Prefabs/Foliage/Trees/Tree_E_V02.prefab using Guid(3087c85ae73a9f94e900671ac1fd06de) Importer(815301076,1909f56bfc062723c751e8b465ee728b)  -> (artifact id: 'd6383700c370c50e663c2c7dc4ddb50b') in 0.108673 seconds
Number of updated asset objects reloaded before import = 0
Number of asset objects unloaded after import = 12
========================================================================
Received Import Request.
  Time since last request: 0.000064 seconds.
  path: Assets/LowpolyStreetPack/Prefabs/Foliage/Trees/Tree_E_V01.prefab
  artifactKey: Guid(f9d7a6d69ff216f4d8f4e709b84c1113) Importer(815301076,1909f56bfc062723c751e8b465ee728b)
Start importing Assets/LowpolyStreetPack/Prefabs/Foliage/Trees/Tree_E_V01.prefab using Guid(f9d7a6d69ff216f4d8f4e709b84c1113) Importer(815301076,1909f56bfc062723c751e8b465ee728b)  -> (artifact id: '2f32683c93e284a1c408984db3495477') in 0.068957 seconds
Number of updated asset objects reloaded before import = 0
Number of asset objects unloaded after import = 12
========================================================================
Received Import Request.
  Time since last request: 3.211700 seconds.
  path: Assets/LowpolyStreetPack/Prefabs/Foliage/Bushes/Bush_C.prefab
  artifactKey: Guid(204601f7f986c204c9e27d4285f4c425) Importer(815301076,1909f56bfc062723c751e8b465ee728b)
Start importing Assets/LowpolyStreetPack/Prefabs/Foliage/Bushes/Bush_C.prefab using Guid(204601f7f986c204c9e27d4285f4c425) Importer(815301076,1909f56bfc062723c751e8b465ee728b)  -> (artifact id: '2eeb2f37a338243f5f6057fe6aecfdcc') in 0.069054 seconds
Number of updated asset objects reloaded before import = 0
Number of asset objects unloaded after import = 11
========================================================================
Received Import Request.
  Time since last request: 164.208387 seconds.
  path: Assets/LowpolyStreetPack/Prefabs/Foliage/Trees_Big/Bush_D.prefab
  artifactKey: Guid(fc6387543ec400741a7191bb3032d0c6) Importer(815301076,1909f56bfc062723c751e8b465ee728b)
Start importing Assets/LowpolyStreetPack/Prefabs/Foliage/Trees_Big/Bush_D.prefab using Guid(fc6387543ec400741a7191bb3032d0c6) Importer(815301076,1909f56bfc062723c751e8b465ee728b)  -> (artifact id: 'e677fc54ae15c41d99d080e5696ef74e') in 0.002207 seconds
Number of updated asset objects reloaded before import = 0
Number of asset objects unloaded after import = 6
========================================================================
Received Import Request.
  Time since last request: 0.000014 seconds.
  path: Assets/LowpolyStreetPack/Prefabs/Foliage/Trees_Big/Tree_B_V01.prefab
  artifactKey: Guid(55ec860d4caf24541898e3ee68c376f3) Importer(815301076,1909f56bfc062723c751e8b465ee728b)
Start importing Assets/LowpolyStreetPack/Prefabs/Foliage/Trees_Big/Tree_B_V01.prefab using Guid(55ec860d4caf24541898e3ee68c376f3) Importer(815301076,1909f56bfc062723c751e8b465ee728b)  -> (artifact id: '193b2b6fa8ee3558d85b7795ef065d75') in 0.001859 seconds
Number of updated asset objects reloaded before import = 0
Number of asset objects unloaded after import = 6
========================================================================
Received Import Request.
  Time since last request: 0.000033 seconds.
  path: Assets/LowpolyStreetPack/Prefabs/Foliage/Trees_Big/Tree_E_V02.prefab
  artifactKey: Guid(aa32f53d6114a2d41968a8d8bfcd7ba1) Importer(815301076,1909f56bfc062723c751e8b465ee728b)
Start importing Assets/LowpolyStreetPack/Prefabs/Foliage/Trees_Big/Tree_E_V02.prefab using Guid(aa32f53d6114a2d41968a8d8bfcd7ba1) Importer(815301076,1909f56bfc062723c751e8b465ee728b)  -> (artifact id: '8024a110001eb23c9c82e999279e56f3') in 0.002508 seconds
Number of updated asset objects reloaded before import = 0
Number of asset objects unloaded after import = 6
========================================================================
Received Import Request.
  Time since last request: 29.958690 seconds.
  path: Assets/LowpolyStreetPack/Prefabs/StreetProps/Bench/Bench_B.prefab
  artifactKey: Guid(5cd02694d41c0254e951ddd6df1991ab) Importer(815301076,1909f56bfc062723c751e8b465ee728b)
Start importing Assets/LowpolyStreetPack/Prefabs/StreetProps/Bench/Bench_B.prefab using Guid(5cd02694d41c0254e951ddd6df1991ab) Importer(815301076,1909f56bfc062723c751e8b465ee728b)  -> (artifact id: '3ac519f6c5ec49a42e0be937b35b039f') in 0.056866 seconds
Number of updated asset objects reloaded before import = 0
Number of asset objects unloaded after import = 10
========================================================================
Received Import Request.
  Time since last request: 0.000030 seconds.
  path: Assets/LowpolyStreetPack/Prefabs/StreetProps/Bench/Bench_C.prefab
  artifactKey: Guid(fd58faf9989a8b64b90cfd27236a8f7a) Importer(815301076,1909f56bfc062723c751e8b465ee728b)
Start importing Assets/LowpolyStreetPack/Prefabs/StreetProps/Bench/Bench_C.prefab using Guid(fd58faf9989a8b64b90cfd27236a8f7a) Importer(815301076,1909f56bfc062723c751e8b465ee728b)  -> (artifact id: '87433ea8a552f67004bd5bc6f495351b') in 0.052528 seconds
Number of updated asset objects reloaded before import = 0
Number of asset objects unloaded after import = 10
========================================================================
Received Import Request.
  Time since last request: 57.369188 seconds.
  path: Assets/LowpolyStreetPack/Prefabs/Roads/Streets/Road_BusStop_Double.prefab
  artifactKey: Guid(322024f0dcbad3543a02ed05c4e57894) Importer(815301076,1909f56bfc062723c751e8b465ee728b)
Start importing Assets/LowpolyStreetPack/Prefabs/Roads/Streets/Road_BusStop_Double.prefab using Guid(322024f0dcbad3543a02ed05c4e57894) Importer(815301076,1909f56bfc062723c751e8b465ee728b)  -> (artifact id: '1a33cce2f0b1293f98731e954ff1e774') in 0.056564 seconds
Number of updated asset objects reloaded before import = 0
Number of asset objects unloaded after import = 10
========================================================================
Received Import Request.
  Time since last request: 0.000032 seconds.
  path: Assets/LowpolyStreetPack/Prefabs/Roads/Streets/Road_Cross_A_B.prefab
  artifactKey: Guid(6abaadc8b9590114b85efdcd4aceae2a) Importer(815301076,1909f56bfc062723c751e8b465ee728b)
Start importing Assets/LowpolyStreetPack/Prefabs/Roads/Streets/Road_Cross_A_B.prefab using Guid(6abaadc8b9590114b85efdcd4aceae2a) Importer(815301076,1909f56bfc062723c751e8b465ee728b)  -> (artifact id: '19b22c1cbc1ae7c30a2b31791e8f94e9') in 0.071224 seconds
Number of updated asset objects reloaded before import = 0
Number of asset objects unloaded after import = 10
========================================================================
Received Import Request.
  Time since last request: 0.000032 seconds.
  path: Assets/LowpolyStreetPack/Prefabs/Roads/Streets/Road_Widening.prefab
  artifactKey: Guid(6afa5a77086624546baa3e2ce7e68547) Importer(815301076,1909f56bfc062723c751e8b465ee728b)
Start importing Assets/LowpolyStreetPack/Prefabs/Roads/Streets/Road_Widening.prefab using Guid(6afa5a77086624546baa3e2ce7e68547) Importer(815301076,1909f56bfc062723c751e8b465ee728b)  -> (artifact id: 'ee0242399bd66560b9acbccade50f687') in 0.066934 seconds
Number of updated asset objects reloaded before import = 0
Number of asset objects unloaded after import = 10
========================================================================
Received Import Request.
  Time since last request: 0.000033 seconds.
  path: Assets/LowpolyStreetPack/Prefabs/Roads/Streets/Road_Crosswalk_Double.prefab
  artifactKey: Guid(86b090b788ee3da4bb8f8d7df751821e) Importer(815301076,1909f56bfc062723c751e8b465ee728b)
Start importing Assets/LowpolyStreetPack/Prefabs/Roads/Streets/Road_Crosswalk_Double.prefab using Guid(86b090b788ee3da4bb8f8d7df751821e) Importer(815301076,1909f56bfc062723c751e8b465ee728b)  -> (artifact id: '54254dc95816c95dbe55b7d7a8f7cd12') in 0.077981 seconds
Number of updated asset objects reloaded before import = 0
Number of asset objects unloaded after import = 10
========================================================================
Received Import Request.
  Time since last request: 0.000050 seconds.
  path: Assets/LowpolyStreetPack/Prefabs/Roads/Streets/Road_Turn.prefab
  artifactKey: Guid(9a9cb3d950c7e064694a5d362afcc5f7) Importer(815301076,1909f56bfc062723c751e8b465ee728b)
Start importing Assets/LowpolyStreetPack/Prefabs/Roads/Streets/Road_Turn.prefab using Guid(9a9cb3d950c7e064694a5d362afcc5f7) Importer(815301076,1909f56bfc062723c751e8b465ee728b)  -> (artifact id: 'b5801eaa3feb24dde40a1e27f84d7076') in 0.073974 seconds
Number of updated asset objects reloaded before import = 0
Number of asset objects unloaded after import = 10
========================================================================
Received Import Request.
  Time since last request: 0.000031 seconds.
  path: Assets/LowpolyStreetPack/Prefabs/Roads/Streets/Road_Cross_B_A.prefab
  artifactKey: Guid(d5fa7c28cb386fd4a9966aebe07b45f4) Importer(815301076,1909f56bfc062723c751e8b465ee728b)
Start importing Assets/LowpolyStreetPack/Prefabs/Roads/Streets/Road_Cross_B_A.prefab using Guid(d5fa7c28cb386fd4a9966aebe07b45f4) Importer(815301076,1909f56bfc062723c751e8b465ee728b)  -> (artifact id: 'fb66774180feb536ab37743df766555b') in 0.060364 seconds
Number of updated asset objects reloaded before import = 0
Number of asset objects unloaded after import = 10
========================================================================
Received Import Request.
  Time since last request: 0.000034 seconds.
  path: Assets/LowpolyStreetPack/Prefabs/Roads/Streets/Road_Streight_Double.prefab
  artifactKey: Guid(e21456eb7a6b18e4480b596463b9692a) Importer(815301076,1909f56bfc062723c751e8b465ee728b)
Start importing Assets/LowpolyStreetPack/Prefabs/Roads/Streets/Road_Streight_Double.prefab using Guid(e21456eb7a6b18e4480b596463b9692a) Importer(815301076,1909f56bfc062723c751e8b465ee728b)  -> (artifact id: 'a11efe08372674aeff6deb6060b79882') in 0.059802 seconds
Number of updated asset objects reloaded before import = 0
Number of asset objects unloaded after import = 10
========================================================================
Received Import Request.
  Time since last request: 0.000043 seconds.
  path: Assets/LowpolyStreetPack/Prefabs/Roads/Streets/Road_Turn_Double.prefab
  artifactKey: Guid(0bed13eadab93f14aaf58d070ad123d6) Importer(815301076,1909f56bfc062723c751e8b465ee728b)
Start importing Assets/LowpolyStreetPack/Prefabs/Roads/Streets/Road_Turn_Double.prefab using Guid(0bed13eadab93f14aaf58d070ad123d6) Importer(815301076,1909f56bfc062723c751e8b465ee728b)  -> (artifact id: 'd8df74fd2905f8898c4ab6833691bc5a') in 0.079488 seconds
Number of updated asset objects reloaded before import = 0
Number of asset objects unloaded after import = 10
========================================================================
Received Import Request.
  Time since last request: 0.000045 seconds.
  path: Assets/LowpolyStreetPack/Prefabs/Roads/Streets/Road_Intersection_C.prefab
  artifactKey: Guid(4abef24fee8553640be8f27a9782adde) Importer(815301076,1909f56bfc062723c751e8b465ee728b)
Start importing Assets/LowpolyStreetPack/Prefabs/Roads/Streets/Road_Intersection_C.prefab using Guid(4abef24fee8553640be8f27a9782adde) Importer(815301076,1909f56bfc062723c751e8b465ee728b)  -> (artifact id: 'e6361322c77e7469253fcceccbdadcec') in 0.062916 seconds
Number of updated asset objects reloaded before import = 0
Number of asset objects unloaded after import = 10
========================================================================
Received Import Request.
  Time since last request: 0.000061 seconds.
  path: Assets/LowpolyStreetPack/Prefabs/Roads/Streets/Road_Duble_Cross_B_C.prefab
  artifactKey: Guid(2fab976e80c97ff488f92721af8f5dab) Importer(815301076,1909f56bfc062723c751e8b465ee728b)
Start importing Assets/LowpolyStreetPack/Prefabs/Roads/Streets/Road_Duble_Cross_B_C.prefab using Guid(2fab976e80c97ff488f92721af8f5dab) Importer(815301076,1909f56bfc062723c751e8b465ee728b)  -> (artifact id: 'ee2e05a9631f13b697e7c3cb813aeeb8') in 0.060105 seconds
Number of updated asset objects reloaded before import = 0
Number of asset objects unloaded after import = 10
========================================================================
Received Import Request.
  Time since last request: 0.000041 seconds.
  path: Assets/LowpolyStreetPack/Prefabs/Roads/Streets/Road_Crosswalk.prefab
  artifactKey: Guid(38879fb80d2211342b5c6e8ca726f2f5) Importer(815301076,1909f56bfc062723c751e8b465ee728b)
Start importing Assets/LowpolyStreetPack/Prefabs/Roads/Streets/Road_Crosswalk.prefab using Guid(38879fb80d2211342b5c6e8ca726f2f5) Importer(815301076,1909f56bfc062723c751e8b465ee728b)  -> (artifact id: '84fd8c0f5e483ae72a5885b9b54f93b9') in 0.060135 seconds
Number of updated asset objects reloaded before import = 0
Number of asset objects unloaded after import = 10
========================================================================
Received Import Request.
  Time since last request: 0.000128 seconds.
  path: Assets/LowpolyStreetPack/Prefabs/Roads/Streets/Road_End_B.prefab
  artifactKey: Guid(de05db20770e11c4cb0ed895f43a95c7) Importer(815301076,1909f56bfc062723c751e8b465ee728b)
Start importing Assets/LowpolyStreetPack/Prefabs/Roads/Streets/Road_End_B.prefab using Guid(de05db20770e11c4cb0ed895f43a95c7) Importer(815301076,1909f56bfc062723c751e8b465ee728b)  -> (artifact id: '9d08cff2499e457cefb4240fd5e232dd') in 0.060424 seconds
Number of updated asset objects reloaded before import = 0
Number of asset objects unloaded after import = 10
========================================================================
Received Import Request.
  Time since last request: 4.162068 seconds.
  path: Assets/LowpolyStreetPack/Prefabs/Roads/Pavement/A/Pavement_A_B.prefab
  artifactKey: Guid(93cf1c792a7a62048a63caa5108922d9) Importer(815301076,1909f56bfc062723c751e8b465ee728b)
Start importing Assets/LowpolyStreetPack/Prefabs/Roads/Pavement/A/Pavement_A_B.prefab using Guid(93cf1c792a7a62048a63caa5108922d9) Importer(815301076,1909f56bfc062723c751e8b465ee728b)  -> (artifact id: 'dd29e56d2d1a10e8d33810ea072bc738') in 0.147598 seconds
Number of updated asset objects reloaded before import = 0
Number of asset objects unloaded after import = 10
========================================================================
Received Import Request.
  Time since last request: 0.000063 seconds.
  path: Assets/LowpolyStreetPack/Prefabs/Roads/Pavement/A/Pavement_A_D.prefab
  artifactKey: Guid(a3b58d20f44519c4697945a21972390d) Importer(815301076,1909f56bfc062723c751e8b465ee728b)
Start importing Assets/LowpolyStreetPack/Prefabs/Roads/Pavement/A/Pavement_A_D.prefab using Guid(a3b58d20f44519c4697945a21972390d) Importer(815301076,1909f56bfc062723c751e8b465ee728b)  -> (artifact id: '1172223dd11571380c679583e25db9c6') in 0.066467 seconds
Number of updated asset objects reloaded before import = 0
Number of asset objects unloaded after import = 10
========================================================================
Received Import Request.
  Time since last request: 0.000079 seconds.
  path: Assets/LowpolyStreetPack/Prefabs/Roads/Pavement/A/Pavement_A_E.prefab
  artifactKey: Guid(b0a22759ae5e8ca46a0a67debbb8b0a6) Importer(815301076,1909f56bfc062723c751e8b465ee728b)
Start importing Assets/LowpolyStreetPack/Prefabs/Roads/Pavement/A/Pavement_A_E.prefab using Guid(b0a22759ae5e8ca46a0a67debbb8b0a6) Importer(815301076,1909f56bfc062723c751e8b465ee728b)  -> (artifact id: '2e4a450a2cda9c44cdc8e3a061438cc6') in 0.070376 seconds
Number of updated asset objects reloaded before import = 0
Number of asset objects unloaded after import = 10
========================================================================
Received Import Request.
  Time since last request: 3.006451 seconds.
  path: Assets/LowpolyStreetPack/Prefabs/Roads/Pavement/B/Pavement_B_D.prefab
  artifactKey: Guid(c2f2ffdc594118d47b120d04e50ebd9a) Importer(815301076,1909f56bfc062723c751e8b465ee728b)
Start importing Assets/LowpolyStreetPack/Prefabs/Roads/Pavement/B/Pavement_B_D.prefab using Guid(c2f2ffdc594118d47b120d04e50ebd9a) Importer(815301076,1909f56bfc062723c751e8b465ee728b)  -> (artifact id: 'd8d154782f5c9d14b5b2df228c090444') in 0.055959 seconds
Number of updated asset objects reloaded before import = 0
Number of asset objects unloaded after import = 10
========================================================================
Received Import Request.
  Time since last request: 0.000043 seconds.
  path: Assets/LowpolyStreetPack/Prefabs/Roads/Pavement/B/Pavement_B_E.prefab
  artifactKey: Guid(8828ff689f63636428690ddb2364b87b) Importer(815301076,1909f56bfc062723c751e8b465ee728b)
Start importing Assets/LowpolyStreetPack/Prefabs/Roads/Pavement/B/Pavement_B_E.prefab using Guid(8828ff689f63636428690ddb2364b87b) Importer(815301076,1909f56bfc062723c751e8b465ee728b)  -> (artifact id: '79947c92cc61595857bdd2ce05c7ddfd') in 0.049684 seconds
Number of updated asset objects reloaded before import = 0
Number of asset objects unloaded after import = 10
========================================================================
Received Import Request.
  Time since last request: 1.664146 seconds.
  path: Assets/LowpolyStreetPack/Prefabs/Roads/Pavement/C/Pavement_C_D.prefab
  artifactKey: Guid(44c5cf8e9380420498eb18a741060a83) Importer(815301076,1909f56bfc062723c751e8b465ee728b)
Start importing Assets/LowpolyStreetPack/Prefabs/Roads/Pavement/C/Pavement_C_D.prefab using Guid(44c5cf8e9380420498eb18a741060a83) Importer(815301076,1909f56bfc062723c751e8b465ee728b)  -> (artifact id: '095cf3fede5e916a2b3f0b26bc846c9a') in 0.087400 seconds
Number of updated asset objects reloaded before import = 0
Number of asset objects unloaded after import = 10
========================================================================
Received Import Request.
  Time since last request: 1.730701 seconds.
  path: Assets/LowpolyStreetPack/Prefabs/Roads/Pavement/D/Pavement_D_D.prefab
  artifactKey: Guid(e46c7a3454f1f994f9ad3a0948236b50) Importer(815301076,1909f56bfc062723c751e8b465ee728b)
Start importing Assets/LowpolyStreetPack/Prefabs/Roads/Pavement/D/Pavement_D_D.prefab using Guid(e46c7a3454f1f994f9ad3a0948236b50) Importer(815301076,1909f56bfc062723c751e8b465ee728b)  -> (artifact id: '4bb0d7070ddfad8cd5949a1312e43368') in 0.054932 seconds
Number of updated asset objects reloaded before import = 0
Number of asset objects unloaded after import = 10
========================================================================
Received Import Request.
  Time since last request: 6.646564 seconds.
  path: Assets/LowpolyStreetPack/Prefabs/Roads/Parks/Elements/Park_Sidewalk_Corner_A.prefab
  artifactKey: Guid(7d4ae5af8165b424bac617f4d0c12a07) Importer(815301076,1909f56bfc062723c751e8b465ee728b)
Start importing Assets/LowpolyStreetPack/Prefabs/Roads/Parks/Elements/Park_Sidewalk_Corner_A.prefab using Guid(7d4ae5af8165b424bac617f4d0c12a07) Importer(815301076,1909f56bfc062723c751e8b465ee728b)  -> (artifact id: '6ac7b1646d7f64f5ac1736926d69a575') in 0.066703 seconds
Number of updated asset objects reloaded before import = 0
Number of asset objects unloaded after import = 10
========================================================================
Received Import Request.
  Time since last request: 0.000032 seconds.
  path: Assets/LowpolyStreetPack/Prefabs/Roads/Parks/Elements/Park_Sidewalk_Double.prefab
  artifactKey: Guid(002df49370ca7814499cb40ed86c61da) Importer(815301076,1909f56bfc062723c751e8b465ee728b)
Start importing Assets/LowpolyStreetPack/Prefabs/Roads/Parks/Elements/Park_Sidewalk_Double.prefab using Guid(002df49370ca7814499cb40ed86c61da) Importer(815301076,1909f56bfc062723c751e8b465ee728b)  -> (artifact id: '7eec13f8034e1b76076f2e1b4ee7524f') in 0.076600 seconds
Number of updated asset objects reloaded before import = 0
Number of asset objects unloaded after import = 10
========================================================================
Received Import Request.
  Time since last request: 0.000052 seconds.
  path: Assets/LowpolyStreetPack/Prefabs/Roads/Parks/Elements/Park_Streight.prefab
  artifactKey: Guid(22351419a83571849ae7f44cca0ff793) Importer(815301076,1909f56bfc062723c751e8b465ee728b)
Start importing Assets/LowpolyStreetPack/Prefabs/Roads/Parks/Elements/Park_Streight.prefab using Guid(22351419a83571849ae7f44cca0ff793) Importer(815301076,1909f56bfc062723c751e8b465ee728b)  -> (artifact id: '719145589f80dc2f0732a5b034904ea2') in 0.224713 seconds
Number of updated asset objects reloaded before import = 0
Number of asset objects unloaded after import = 12
========================================================================
Received Import Request.
  Time since last request: 25.585237 seconds.
  path: Assets/LowpolyStreetPack/Prefabs/Roads/Parking/Elements/Parking_Enterence_A.prefab
  artifactKey: Guid(10897b964fb3f3548b477b5fcabb6933) Importer(815301076,1909f56bfc062723c751e8b465ee728b)
Start importing Assets/LowpolyStreetPack/Prefabs/Roads/Parking/Elements/Parking_Enterence_A.prefab using Guid(10897b964fb3f3548b477b5fcabb6933) Importer(815301076,1909f56bfc062723c751e8b465ee728b)  -> (artifact id: 'c3cc5d0e2e83d7cbd7c08c252bb55049') in 0.082146 seconds
Number of updated asset objects reloaded before import = 0
Number of asset objects unloaded after import = 10
========================================================================
Received Import Request.
  Time since last request: 0.000055 seconds.
  path: Assets/LowpolyStreetPack/Prefabs/Roads/Parking/Elements/Parking_Streight.prefab
  artifactKey: Guid(5d790c5a0bec05048bcbf549fc6ed8f4) Importer(815301076,1909f56bfc062723c751e8b465ee728b)
Start importing Assets/LowpolyStreetPack/Prefabs/Roads/Parking/Elements/Parking_Streight.prefab using Guid(5d790c5a0bec05048bcbf549fc6ed8f4) Importer(815301076,1909f56bfc062723c751e8b465ee728b)  -> (artifact id: 'ccc3b3cb2610e9da37f55177e006fb07') in 0.051557 seconds
Number of updated asset objects reloaded before import = 0
Number of asset objects unloaded after import = 10
========================================================================
Received Import Request.
  Time since last request: 10.749138 seconds.
  path: Assets/LowpolyStreetPack/Prefabs/Roads/RoadMarks/RoadM_FR.prefab
  artifactKey: Guid(8fee0f6f57f4115409b5723de5e2a282) Importer(815301076,1909f56bfc062723c751e8b465ee728b)
Start importing Assets/LowpolyStreetPack/Prefabs/Roads/RoadMarks/RoadM_FR.prefab using Guid(8fee0f6f57f4115409b5723de5e2a282) Importer(815301076,1909f56bfc062723c751e8b465ee728b)  -> (artifact id: 'b000698a1b8f6d43f1953e92d88e6f10') in 0.031056 seconds
Number of updated asset objects reloaded before import = 0
Number of asset objects unloaded after import = 9
========================================================================
Received Import Request.
  Time since last request: 0.000040 seconds.
  path: Assets/LowpolyStreetPack/Prefabs/Roads/RoadMarks/RoadM_Triangle_B.prefab
  artifactKey: Guid(8f8e672dd81c57c48a5193448872e293) Importer(815301076,1909f56bfc062723c751e8b465ee728b)
Start importing Assets/LowpolyStreetPack/Prefabs/Roads/RoadMarks/RoadM_Triangle_B.prefab using Guid(8f8e672dd81c57c48a5193448872e293) Importer(815301076,1909f56bfc062723c751e8b465ee728b)  -> (artifact id: '14276fe7f03ca619db325a222f538175') in 0.037733 seconds
Number of updated asset objects reloaded before import = 0
Number of asset objects unloaded after import = 9
========================================================================
Received Import Request.
  Time since last request: 0.000072 seconds.
  path: Assets/LowpolyStreetPack/Prefabs/Roads/RoadMarks/RoadM_LFR.prefab
  artifactKey: Guid(aa1b033e9e56cc943be474bd4a08d4f0) Importer(815301076,1909f56bfc062723c751e8b465ee728b)
Start importing Assets/LowpolyStreetPack/Prefabs/Roads/RoadMarks/RoadM_LFR.prefab using Guid(aa1b033e9e56cc943be474bd4a08d4f0) Importer(815301076,1909f56bfc062723c751e8b465ee728b)  -> (artifact id: '9da986cbe8f703e7c75de43f1c132122') in 0.044547 seconds
Number of updated asset objects reloaded before import = 0
Number of asset objects unloaded after import = 9
========================================================================
Received Import Request.
  Time since last request: 0.000035 seconds.
  path: Assets/LowpolyStreetPack/Prefabs/Roads/RoadMarks/RoadM_L.prefab
  artifactKey: Guid(61d1bc1ee3cb69a4cb15494afd22fd31) Importer(815301076,1909f56bfc062723c751e8b465ee728b)
Start importing Assets/LowpolyStreetPack/Prefabs/Roads/RoadMarks/RoadM_L.prefab using Guid(61d1bc1ee3cb69a4cb15494afd22fd31) Importer(815301076,1909f56bfc062723c751e8b465ee728b)  -> (artifact id: 'cf0b75304776ea6807b528e3c88258b5') in 0.044755 seconds
Number of updated asset objects reloaded before import = 0
Number of asset objects unloaded after import = 9
========================================================================
Received Import Request.
  Time since last request: 13.177773 seconds.
  path: Assets/LowpolyStreetPack/Prefabs/Roads/Bridges/QuickBuilds/Bridge_Double_Straight_A 1.prefab
  artifactKey: Guid(c3e6e2141e17943449bba030041df68b) Importer(815301076,1909f56bfc062723c751e8b465ee728b)
Start importing Assets/LowpolyStreetPack/Prefabs/Roads/Bridges/QuickBuilds/Bridge_Double_Straight_A 1.prefab using Guid(c3e6e2141e17943449bba030041df68b) Importer(815301076,1909f56bfc062723c751e8b465ee728b)  -> (artifact id: '018b01c66d59a0f7c8372ae697e9c85a') in 0.180824 seconds
Number of updated asset objects reloaded before import = 0
Number of asset objects unloaded after import = 339
========================================================================
Received Import Request.
  Time since last request: 0.000057 seconds.
  path: Assets/LowpolyStreetPack/Prefabs/Roads/Bridges/QuickBuilds/BridgeSlope_Simple.prefab
  artifactKey: Guid(39799cf03cd78bd4b96ed2f556aa8af9) Importer(815301076,1909f56bfc062723c751e8b465ee728b)
Start importing Assets/LowpolyStreetPack/Prefabs/Roads/Bridges/QuickBuilds/BridgeSlope_Simple.prefab using Guid(39799cf03cd78bd4b96ed2f556aa8af9) Importer(815301076,1909f56bfc062723c751e8b465ee728b)  -> (artifact id: 'b3eae96eaeee06c56cbada3789cb6b06') in 0.092518 seconds
Number of updated asset objects reloaded before import = 0
Number of asset objects unloaded after import = 292
========================================================================
Received Import Request.
  Time since last request: 0.000068 seconds.
  path: Assets/LowpolyStreetPack/Prefabs/Roads/Bridges/QuickBuilds/Bridge_Simple_Straight.prefab
  artifactKey: Guid(b8d1a7213141ecc41a4daaa178fea399) Importer(815301076,1909f56bfc062723c751e8b465ee728b)
Start importing Assets/LowpolyStreetPack/Prefabs/Roads/Bridges/QuickBuilds/Bridge_Simple_Straight.prefab using Guid(b8d1a7213141ecc41a4daaa178fea399) Importer(815301076,1909f56bfc062723c751e8b465ee728b)  -> (artifact id: '3484e02d48d90cca085c61deca5a23b5') in 0.064442 seconds
Number of updated asset objects reloaded before import = 0
Number of asset objects unloaded after import = 266
========================================================================
Received Import Request.
  Time since last request: 0.000059 seconds.
  path: Assets/LowpolyStreetPack/Prefabs/Roads/Bridges/QuickBuilds/Bridge_Simple_Straight_A.prefab
  artifactKey: Guid(0ee78a4d576343145b941b9999014e56) Importer(815301076,1909f56bfc062723c751e8b465ee728b)
Start importing Assets/LowpolyStreetPack/Prefabs/Roads/Bridges/QuickBuilds/Bridge_Simple_Straight_A.prefab using Guid(0ee78a4d576343145b941b9999014e56) Importer(815301076,1909f56bfc062723c751e8b465ee728b)  -> (artifact id: '1907a66a73496bcc46314412549121e4') in 0.057732 seconds
Number of updated asset objects reloaded before import = 0
Number of asset objects unloaded after import = 266
========================================================================
Received Import Request.
  Time since last request: 12.132666 seconds.
  path: Assets/LowpolyStreetPack/Meshes/Textures/grass.png
  artifactKey: Guid(3482d24f9e4f70741a9780133bcc144d) Importer(815301076,1909f56bfc062723c751e8b465ee728b)
Start importing Assets/LowpolyStreetPack/Meshes/Textures/grass.png using Guid(3482d24f9e4f70741a9780133bcc144d) Importer(815301076,1909f56bfc062723c751e8b465ee728b)  -> (artifact id: '1ce33e6d777e1a69c7bf4113d4a43f44') in 0.082308 seconds
Number of updated asset objects reloaded before import = 0
Number of asset objects unloaded after import = 2
========================================================================
Received Import Request.
  Time since last request: 0.000030 seconds.
  path: Assets/LowpolyStreetPack/Meshes/Textures/Grass_C.tga
  artifactKey: Guid(23cac4404a733cd4f88a923c763c99aa) Importer(815301076,1909f56bfc062723c751e8b465ee728b)
Start importing Assets/LowpolyStreetPack/Meshes/Textures/Grass_C.tga using Guid(23cac4404a733cd4f88a923c763c99aa) Importer(815301076,1909f56bfc062723c751e8b465ee728b)  -> (artifact id: '75bb272ff8ffc31166256f16886910fa') in 0.072981 seconds
Number of updated asset objects reloaded before import = 0
Number of asset objects unloaded after import = 2
========================================================================
Received Import Request.
  Time since last request: 0.000064 seconds.
  path: Assets/LowpolyStreetPack/Meshes/Textures/RoadMarkings.png
  artifactKey: Guid(38ceac90f23ec7c40a491bf8f9e4a9fa) Importer(815301076,1909f56bfc062723c751e8b465ee728b)
Start importing Assets/LowpolyStreetPack/Meshes/Textures/RoadMarkings.png using Guid(38ceac90f23ec7c40a491bf8f9e4a9fa) Importer(815301076,1909f56bfc062723c751e8b465ee728b)  -> (artifact id: '235ad83bbaf77f823489793c531268cd') in 0.107763 seconds
Number of updated asset objects reloaded before import = 0
Number of asset objects unloaded after import = 2
========================================================================
Received Import Request.
  Time since last request: 0.000182 seconds.
  path: Assets/LowpolyStreetPack/Meshes/Textures/Grass_A.tga
  artifactKey: Guid(e8dd2fb6922cf6b4bb858a98837a2f9e) Importer(815301076,1909f56bfc062723c751e8b465ee728b)
Start importing Assets/LowpolyStreetPack/Meshes/Textures/Grass_A.tga using Guid(e8dd2fb6922cf6b4bb858a98837a2f9e) Importer(815301076,1909f56bfc062723c751e8b465ee728b)  -> (artifact id: '75ee450c1ab75e62aea080382b9a568e') in 0.098264 seconds
Number of updated asset objects reloaded before import = 0
Number of asset objects unloaded after import = 2
========================================================================
Received Import Request.
  Time since last request: 2.041427 seconds.
  path: Assets/LowpolyStreetPack/Meshes/Materials/Leavas_03.mat
  artifactKey: Guid(bc03ba30a4c457d47883b5eb0920749c) Importer(815301076,1909f56bfc062723c751e8b465ee728b)
Start importing Assets/LowpolyStreetPack/Meshes/Materials/Leavas_03.mat using Guid(bc03ba30a4c457d47883b5eb0920749c) Importer(815301076,1909f56bfc062723c751e8b465ee728b)  -> (artifact id: 'cb7c15eed503cdc2a980883cef6db438') in 0.092572 seconds
Number of updated asset objects reloaded before import = 0
Number of asset objects unloaded after import = 2
========================================================================
Received Import Request.
  Time since last request: 0.000047 seconds.
  path: Assets/LowpolyStreetPack/Meshes/Materials/Signs.mat
  artifactKey: Guid(3d0ac4bb440627e48aaad2b0af727801) Importer(815301076,1909f56bfc062723c751e8b465ee728b)
Start importing Assets/LowpolyStreetPack/Meshes/Materials/Signs.mat using Guid(3d0ac4bb440627e48aaad2b0af727801) Importer(815301076,1909f56bfc062723c751e8b465ee728b)  -> (artifact id: '61e44d3d2f0e5c55e3ce67e1b7e7a3ca') in 0.058070 seconds
Number of updated asset objects reloaded before import = 0
Number of asset objects unloaded after import = 2
========================================================================
Received Import Request.
  Time since last request: 0.000045 seconds.
  path: Assets/LowpolyStreetPack/Meshes/Materials/Leaves_V01.mat
  artifactKey: Guid(5cc1d00d2a111e94fbaa8e91793ebc62) Importer(815301076,1909f56bfc062723c751e8b465ee728b)
Start importing Assets/LowpolyStreetPack/Meshes/Materials/Leaves_V01.mat using Guid(5cc1d00d2a111e94fbaa8e91793ebc62) Importer(815301076,1909f56bfc062723c751e8b465ee728b)  -> (artifact id: '4dcb1b3d71bbe3f009530c416b922b79') in 0.065984 seconds
Number of updated asset objects reloaded before import = 0
Number of asset objects unloaded after import = 2
========================================================================
Received Import Request.
  Time since last request: 21.163786 seconds.
  path: Assets/LowpolyStreetPack/Prefabs/StreetProps/TraficLights/LampPost_D.prefab
  artifactKey: Guid(2ea1ccd72e26f874eac1724744be6ae7) Importer(815301076,1909f56bfc062723c751e8b465ee728b)
Start importing Assets/LowpolyStreetPack/Prefabs/StreetProps/TraficLights/LampPost_D.prefab using Guid(2ea1ccd72e26f874eac1724744be6ae7) Importer(815301076,1909f56bfc062723c751e8b465ee728b)  -> (artifact id: '218a6da84297ad0bfe6aadf0a741b403') in 0.080606 seconds
Number of updated asset objects reloaded before import = 0
Number of asset objects unloaded after import = 31
========================================================================
Received Import Request.
  Time since last request: 0.000060 seconds.
  path: Assets/LowpolyStreetPack/Prefabs/StreetProps/TraficLights/LampPost_K.prefab
  artifactKey: Guid(e1bc359441555dc4394ba9abb79e5db7) Importer(815301076,1909f56bfc062723c751e8b465ee728b)
Start importing Assets/LowpolyStreetPack/Prefabs/StreetProps/TraficLights/LampPost_K.prefab using Guid(e1bc359441555dc4394ba9abb79e5db7) Importer(815301076,1909f56bfc062723c751e8b465ee728b)  -> (artifact id: '05958c7fb2a273ac3b33085b43b65ace') in 0.082553 seconds
Number of updated asset objects reloaded before import = 0
Number of asset objects unloaded after import = 30
========================================================================
Received Import Request.
  Time since last request: 0.000041 seconds.
  path: Assets/LowpolyStreetPack/Prefabs/StreetProps/TraficLights/LampPost_I.prefab
  artifactKey: Guid(1f2fa3a64566519459d43669bf89c0e4) Importer(815301076,1909f56bfc062723c751e8b465ee728b)
Start importing Assets/LowpolyStreetPack/Prefabs/StreetProps/TraficLights/LampPost_I.prefab using Guid(1f2fa3a64566519459d43669bf89c0e4) Importer(815301076,1909f56bfc062723c751e8b465ee728b)  -> (artifact id: '0e86aafd8aafb551de22c31aaafd8c5b') in 0.062427 seconds
Number of updated asset objects reloaded before import = 0
Number of asset objects unloaded after import = 49
========================================================================
Received Import Request.
  Time since last request: 88.078372 seconds.
  path: Assets/small_town_america/general/models/street/general_street_3_way_no_sidewalk.fbx
  artifactKey: Guid(dde7cc19a36f955469bb3fff3f2d29ec) Importer(815301076,1909f56bfc062723c751e8b465ee728b)
Start importing Assets/small_town_america/general/models/street/general_street_3_way_no_sidewalk.fbx using Guid(dde7cc19a36f955469bb3fff3f2d29ec) Importer(815301076,1909f56bfc062723c751e8b465ee728b)  -> (artifact id: 'ea8297a005fd56798158ce73a7bf50cb') in 0.523886 seconds
Number of updated asset objects reloaded before import = 0
Number of asset objects unloaded after import = 15
========================================================================
Received Import Request.
  Time since last request: 0.000054 seconds.
  path: Assets/small_town_america/general/models/street/general_street_straight_no_sidewalk_long.fbx
  artifactKey: Guid(af737ec27fbf0af43acdb172eda053c5) Importer(815301076,1909f56bfc062723c751e8b465ee728b)
Start importing Assets/small_town_america/general/models/street/general_street_straight_no_sidewalk_long.fbx using Guid(af737ec27fbf0af43acdb172eda053c5) Importer(815301076,1909f56bfc062723c751e8b465ee728b)  -> (artifact id: '3816f02347fa1bec039f09f12545f048') in 0.084436 seconds
Number of updated asset objects reloaded before import = 0
Number of asset objects unloaded after import = 15
========================================================================
Received Import Request.
  Time since last request: 0.000048 seconds.
  path: Assets/small_town_america/general/models/street/general_street_straight_w_sidewalk.fbx
  artifactKey: Guid(b3d4034243f222040b4d93939101cfee) Importer(815301076,1909f56bfc062723c751e8b465ee728b)
Start importing Assets/small_town_america/general/models/street/general_street_straight_w_sidewalk.fbx using Guid(b3d4034243f222040b4d93939101cfee) Importer(815301076,1909f56bfc062723c751e8b465ee728b)  -> (artifact id: '0bd82501c2c36a14596dc0517f0269a5') in 0.091548 seconds
Number of updated asset objects reloaded before import = 0
Number of asset objects unloaded after import = 15
========================================================================
Received Import Request.
  Time since last request: 0.000037 seconds.
  path: Assets/small_town_america/general/models/street/general_street_crossing_w_sidewalk.fbx
  artifactKey: Guid(321883f7aba6cbb4488b5f2c40654ace) Importer(815301076,1909f56bfc062723c751e8b465ee728b)
Start importing Assets/small_town_america/general/models/street/general_street_crossing_w_sidewalk.fbx using Guid(321883f7aba6cbb4488b5f2c40654ace) Importer(815301076,1909f56bfc062723c751e8b465ee728b)  -> (artifact id: '80b3e9cf23086f0973edd345f6cfd00b') in 0.096019 seconds
Number of updated asset objects reloaded before import = 0
Number of asset objects unloaded after import = 15
========================================================================
Received Import Request.
  Time since last request: 0.000061 seconds.
  path: Assets/small_town_america/general/models/street/general_street_crossing_no_markings.fbx
  artifactKey: Guid(89ddfff65d6074a41a2f3f1b7c8bc51c) Importer(815301076,1909f56bfc062723c751e8b465ee728b)
Start importing Assets/small_town_america/general/models/street/general_street_crossing_no_markings.fbx using Guid(89ddfff65d6074a41a2f3f1b7c8bc51c) Importer(815301076,1909f56bfc062723c751e8b465ee728b)  -> (artifact id: '095d6f5dea203f5d5977be60da3f466d') in 0.070158 seconds
Number of updated asset objects reloaded before import = 0
Number of asset objects unloaded after import = 11
========================================================================
Received Import Request.
  Time since last request: 0.000045 seconds.
  path: Assets/small_town_america/general/models/street/general_street_corner_no_sidewalk.fbx
  artifactKey: Guid(5c0b1057a51cdfe4f9d0e32b147efb4c) Importer(815301076,1909f56bfc062723c751e8b465ee728b)
Start importing Assets/small_town_america/general/models/street/general_street_corner_no_sidewalk.fbx using Guid(5c0b1057a51cdfe4f9d0e32b147efb4c) Importer(815301076,1909f56bfc062723c751e8b465ee728b)  -> (artifact id: 'd8fc29162fca7747ac8fd348c39f97ad') in 0.066221 seconds
Number of updated asset objects reloaded before import = 0
Number of asset objects unloaded after import = 15
========================================================================
Received Import Request.
  Time since last request: 0.000078 seconds.
  path: Assets/small_town_america/general/models/street/general_street_straight_w_sidewalk_long.fbx
  artifactKey: Guid(0656a7e5759ccaf40a463b72bbf3a345) Importer(815301076,1909f56bfc062723c751e8b465ee728b)
Start importing Assets/small_town_america/general/models/street/general_street_straight_w_sidewalk_long.fbx using Guid(0656a7e5759ccaf40a463b72bbf3a345) Importer(815301076,1909f56bfc062723c751e8b465ee728b)  -> (artifact id: '7218788301463820bede17744739e270') in 0.073323 seconds
Number of updated asset objects reloaded before import = 0
Number of asset objects unloaded after import = 15
========================================================================
Received Import Request.
  Time since last request: 4.573185 seconds.
  path: Assets/small_town_america/general/models/street_decal/general_street_decal_2.fbx
  artifactKey: Guid(72a63c892c9cc0644acf65c1a710feed) Importer(815301076,1909f56bfc062723c751e8b465ee728b)
Start importing Assets/small_town_america/general/models/street_decal/general_street_decal_2.fbx using Guid(72a63c892c9cc0644acf65c1a710feed) Importer(815301076,1909f56bfc062723c751e8b465ee728b)  -> (artifact id: 'bfd6a2a39d7bb1c085056a8967cf85de') in 0.656617 seconds
Number of updated asset objects reloaded before import = 0
Number of asset objects unloaded after import = 11
========================================================================
Received Import Request.
  Time since last request: 15.542448 seconds.
  path: Assets/small_town_america/general/models/road_signs/general_road_signs_4.fbx
  artifactKey: Guid(061345ac31783db44b7e87caa346c786) Importer(815301076,1909f56bfc062723c751e8b465ee728b)
Start importing Assets/small_town_america/general/models/road_signs/general_road_signs_4.fbx using Guid(061345ac31783db44b7e87caa346c786) Importer(815301076,1909f56bfc062723c751e8b465ee728b)  -> (artifact id: '63d6184f880267b8b30cba963449497d') in 0.565096 seconds
Number of updated asset objects reloaded before import = 0
Number of asset objects unloaded after import = 11
========================================================================
Received Import Request.
  Time since last request: 0.000120 seconds.
  path: Assets/small_town_america/general/models/road_signs/general_road_signs_17.fbx
  artifactKey: Guid(0360cf2c56d61794590fa26293345e64) Importer(815301076,1909f56bfc062723c751e8b465ee728b)
Start importing Assets/small_town_america/general/models/road_signs/general_road_signs_17.fbx using Guid(0360cf2c56d61794590fa26293345e64) Importer(815301076,1909f56bfc062723c751e8b465ee728b)  -> (artifact id: '0c3b7e8af463d7cc6af74196e5e65614') in 0.078909 seconds
Number of updated asset objects reloaded before import = 0
Number of asset objects unloaded after import = 11
========================================================================
Received Import Request.
  Time since last request: 0.000049 seconds.
  path: Assets/small_town_america/general/models/road_signs/general_road_signs_10.fbx
  artifactKey: Guid(d69aa20486dd1404ea2fce632637adaf) Importer(815301076,1909f56bfc062723c751e8b465ee728b)
Start importing Assets/small_town_america/general/models/road_signs/general_road_signs_10.fbx using Guid(d69aa20486dd1404ea2fce632637adaf) Importer(815301076,1909f56bfc062723c751e8b465ee728b)  -> (artifact id: 'def14062578d65ffc0fc6b270b3cda64') in 0.058716 seconds
Number of updated asset objects reloaded before import = 0
Number of asset objects unloaded after import = 11
========================================================================
Received Import Request.
  Time since last request: 0.000058 seconds.
  path: Assets/small_town_america/general/models/road_signs/general_road_signs_28.fbx
  artifactKey: Guid(7eb5941b51186d7409e0f95787076918) Importer(815301076,1909f56bfc062723c751e8b465ee728b)
Start importing Assets/small_town_america/general/models/road_signs/general_road_signs_28.fbx using Guid(7eb5941b51186d7409e0f95787076918) Importer(815301076,1909f56bfc062723c751e8b465ee728b)  -> (artifact id: 'ec0da8867376da886e7900c3fd126cf3') in 0.046275 seconds
Number of updated asset objects reloaded before import = 0
Number of asset objects unloaded after import = 11
========================================================================
Received Import Request.
  Time since last request: 0.000079 seconds.
  path: Assets/small_town_america/general/models/road_signs/general_road_signs_15.fbx
  artifactKey: Guid(769fe886c4ed60744b4ad3548891e8dd) Importer(815301076,1909f56bfc062723c751e8b465ee728b)
Start importing Assets/small_town_america/general/models/road_signs/general_road_signs_15.fbx using Guid(769fe886c4ed60744b4ad3548891e8dd) Importer(815301076,1909f56bfc062723c751e8b465ee728b)  -> (artifact id: '0722637bd6b971ce4ed9aa8aa02623d5') in 0.055686 seconds
Number of updated asset objects reloaded before import = 0
Number of asset objects unloaded after import = 11
========================================================================
Received Import Request.
  Time since last request: 0.000053 seconds.
  path: Assets/small_town_america/general/models/road_signs/general_road_signs_30.fbx
  artifactKey: Guid(ac9cb3db4b496c041a6c181e0d0b3133) Importer(815301076,1909f56bfc062723c751e8b465ee728b)
Start importing Assets/small_town_america/general/models/road_signs/general_road_signs_30.fbx using Guid(ac9cb3db4b496c041a6c181e0d0b3133) Importer(815301076,1909f56bfc062723c751e8b465ee728b)  -> (artifact id: '6e731f80a7c06339aced70782ea6be55') in 0.068715 seconds
Number of updated asset objects reloaded before import = 0
Number of asset objects unloaded after import = 11
========================================================================
Received Import Request.
  Time since last request: 0.000062 seconds.
  path: Assets/small_town_america/general/models/road_signs/general_road_signs_pole.fbx
  artifactKey: Guid(90b75e776992f7048815cf83acb663cd) Importer(815301076,1909f56bfc062723c751e8b465ee728b)
Start importing Assets/small_town_america/general/models/road_signs/general_road_signs_pole.fbx using Guid(90b75e776992f7048815cf83acb663cd) Importer(815301076,1909f56bfc062723c751e8b465ee728b)  -> (artifact id: 'd26af5453215c2399f975c6fdcfa9d55') in 0.050076 seconds
Number of updated asset objects reloaded before import = 0
Number of asset objects unloaded after import = 11
========================================================================
Received Import Request.
  Time since last request: 0.000047 seconds.
  path: Assets/small_town_america/general/models/road_signs/general_road_signs_7.fbx
  artifactKey: Guid(b6b9d527bb0363643a42edce416eb2bc) Importer(815301076,1909f56bfc062723c751e8b465ee728b)
Start importing Assets/small_town_america/general/models/road_signs/general_road_signs_7.fbx using Guid(b6b9d527bb0363643a42edce416eb2bc) Importer(815301076,1909f56bfc062723c751e8b465ee728b)  -> (artifact id: '553be2d7b1163bc415f9f67511313a03') in 0.053179 seconds
Number of updated asset objects reloaded before import = 0
Number of asset objects unloaded after import = 11
========================================================================
Received Import Request.
  Time since last request: 0.000046 seconds.
  path: Assets/small_town_america/general/models/road_signs/general_road_signs_23.fbx
  artifactKey: Guid(98eef02ae5e39ec44a02925017a35340) Importer(815301076,1909f56bfc062723c751e8b465ee728b)
Start importing Assets/small_town_america/general/models/road_signs/general_road_signs_23.fbx using Guid(98eef02ae5e39ec44a02925017a35340) Importer(815301076,1909f56bfc062723c751e8b465ee728b)  -> (artifact id: 'd45c4730931de32eea45a4ad22a26503') in 0.047394 seconds
Number of updated asset objects reloaded before import = 0
Number of asset objects unloaded after import = 11
========================================================================
Received Import Request.
  Time since last request: 13.366145 seconds.
  path: Assets/small_town_america/general/materials/general_flagpole_m.mat
  artifactKey: Guid(19c2479f4ac57894e9205d9238d25ec2) Importer(815301076,1909f56bfc062723c751e8b465ee728b)
Start importing Assets/small_town_america/general/materials/general_flagpole_m.mat using Guid(19c2479f4ac57894e9205d9238d25ec2) Importer(815301076,1909f56bfc062723c751e8b465ee728b)  -> (artifact id: '5f346194f27e7ed94ceb7337334eb229') in 0.037053 seconds
Number of updated asset objects reloaded before import = 0
Number of asset objects unloaded after import = 4
========================================================================
Received Import Request.
  Time since last request: 0.000031 seconds.
  path: Assets/small_town_america/general/materials/general_rope_flag_m.mat
  artifactKey: Guid(5391500aea8116749abe517b3f51b3d9) Importer(815301076,1909f56bfc062723c751e8b465ee728b)
Start importing Assets/small_town_america/general/materials/general_rope_flag_m.mat using Guid(5391500aea8116749abe517b3f51b3d9) Importer(815301076,1909f56bfc062723c751e8b465ee728b)  -> (artifact id: '0a7778b00aca7477ff6545cd141938c9') in 0.035918 seconds
Number of updated asset objects reloaded before import = 0
Number of asset objects unloaded after import = 4
Editor requested this worker to shutdown with reason: Scaling down because of idle timeout
TcpMessagingSession - receive error: operation aborted. errorcode: 995, details: The I/O operation has been aborted because of either a thread exit or an application request.
AssetImportWorker is now disconnected from the server
Process exiting
Exiting without the bug reporter. Application will terminate with return code 0