Using pre-set license
Built from '2022.3/staging' branch; Version is '2022.3.15f1 (b58023a2b463) revision 11894819'; Using compiler version '192829333'; Build Type 'Release'
OS: 'Windows 11  (10.0.22621) 64bit Core' Language: 'en' Physical Memory: 15773 MB
BatchMode: 1, IsHumanControllingUs: 0, StartBugReporterOnCrash: 0, Is64bit: 1, IsPro: 1

COMMAND LINE ARGUMENTS:
C:\Program Files\Unity\Hub\Editor\2022.3.15f1\Editor\Unity.exe
-adb2
-batchMode
-noUpm
-name
AssetImportWorker15
-projectPath
C:/Users/zeuss/final
-logFile
Logs/AssetImportWorker15.log
-srvPort
64119
Successfully changed project path to: C:/Users/zeuss/final
C:/Users/zeuss/final
[UnityMemory] Configuration Parameters - Can be set up in boot.config
    "memorysetup-bucket-allocator-granularity=16"
    "memorysetup-bucket-allocator-bucket-count=8"
    "memorysetup-bucket-allocator-block-size=33554432"
    "memorysetup-bucket-allocator-block-count=8"
    "memorysetup-main-allocator-block-size=16777216"
    "memorysetup-thread-allocator-block-size=16777216"
    "memorysetup-gfx-main-allocator-block-size=16777216"
    "memorysetup-gfx-thread-allocator-block-size=16777216"
    "memorysetup-cache-allocator-block-size=4194304"
    "memorysetup-typetree-allocator-block-size=2097152"
    "memorysetup-profiler-bucket-allocator-granularity=16"
    "memorysetup-profiler-bucket-allocator-bucket-count=8"
    "memorysetup-profiler-bucket-allocator-block-size=33554432"
    "memorysetup-profiler-bucket-allocator-block-count=8"
    "memorysetup-profiler-allocator-block-size=16777216"
    "memorysetup-profiler-editor-allocator-block-size=1048576"
    "memorysetup-temp-allocator-size-main=16777216"
    "memorysetup-job-temp-allocator-block-size=2097152"
    "memorysetup-job-temp-allocator-block-size-background=1048576"
    "memorysetup-job-temp-allocator-reduction-small-platforms=262144"
    "memorysetup-allocator-temp-initial-block-size-main=262144"
    "memorysetup-allocator-temp-initial-block-size-worker=262144"
    "memorysetup-temp-allocator-size-background-worker=32768"
    "memorysetup-temp-allocator-size-job-worker=262144"
    "memorysetup-temp-allocator-size-preload-manager=33554432"
    "memorysetup-temp-allocator-size-nav-mesh-worker=65536"
    "memorysetup-temp-allocator-size-audio-worker=65536"
    "memorysetup-temp-allocator-size-cloud-worker=32768"
    "memorysetup-temp-allocator-size-gi-baking-worker=262144"
    "memorysetup-temp-allocator-size-gfx=262144"
Player connection [46976] Host "[IP] 192.168.75.1 [Port] 0 [Flags] 2 [Guid] 1834808478 [EditorId] 1834808478 [Version] 1048832 [Id] WindowsEditor(7,Aussiebeeff) [Debug] 1 [PackageName] WindowsEditor [ProjectName] Editor" joined multi-casting on [225.0.0.222:54997]...

Player connection [46976] Host "[IP] 192.168.75.1 [Port] 0 [Flags] 2 [Guid] 1834808478 [EditorId] 1834808478 [Version] 1048832 [Id] WindowsEditor(7,Aussiebeeff) [Debug] 1 [PackageName] WindowsEditor [ProjectName] Editor" joined alternative multi-casting on [225.0.0.222:34997]...

[Physics::Module] Initialized MultithreadedJobDispatcher with 15 workers.
Refreshing native plugins compatible for Editor in 23.50 ms, found 3 plugins.
Preloading 0 native plugins for Editor in 0.00 ms.
Initialize engine version: 2022.3.15f1 (b58023a2b463)
[Subsystems] Discovering subsystems at path C:/Program Files/Unity/Hub/Editor/2022.3.15f1/Editor/Data/Resources/UnitySubsystems
[Subsystems] Discovering subsystems at path C:/Users/zeuss/final/Assets
GfxDevice: creating device client; threaded=0; jobified=0
Direct3D:
    Version:  Direct3D 11.0 [level 11.1]
    Renderer: NVIDIA GeForce RTX 3050 Ti Laptop GPU (ID=0x25a0)
    Vendor:   NVIDIA
    VRAM:     3977 MB
    Driver:   31.0.15.4617
Initialize mono
Mono path[0] = 'C:/Program Files/Unity/Hub/Editor/2022.3.15f1/Editor/Data/Managed'
Mono path[1] = 'C:/Program Files/Unity/Hub/Editor/2022.3.15f1/Editor/Data/MonoBleedingEdge/lib/mono/unityjit-win32'
Mono config path = 'C:/Program Files/Unity/Hub/Editor/2022.3.15f1/Editor/Data/MonoBleedingEdge/etc'
Using monoOptions --debugger-agent=transport=dt_socket,embedding=1,server=y,suspend=n,address=127.0.0.1:56852
Begin MonoManager ReloadAssembly
Registering precompiled unity dll's ...
Register platform support module: C:/Program Files/Unity/Hub/Editor/2022.3.15f1/Editor/Data/PlaybackEngines/WebGLSupport/UnityEditor.WebGL.Extensions.dll
Register platform support module: C:/Program Files/Unity/Hub/Editor/2022.3.15f1/Editor/Data/PlaybackEngines/WindowsStandaloneSupport/UnityEditor.WindowsStandalone.Extensions.dll
Registered in 0.024979 seconds.
- Loaded All Assemblies, in  0.610 seconds
Native extension for WindowsStandalone target not found
Native extension for WebGL target not found
Mono: successfully reloaded assembly
- Finished resetting the current domain, in  0.498 seconds
Domain Reload Profiling: 1104ms
	BeginReloadAssembly (187ms)
		ExecutionOrderSort (0ms)
		DisableScriptedObjects (0ms)
		BackupInstance (0ms)
		ReleaseScriptingObjects (0ms)
		CreateAndSetChildDomain (1ms)
	RebuildCommonClasses (52ms)
	RebuildNativeTypeToScriptingClass (15ms)
	initialDomainReloadingComplete (125ms)
	LoadAllAssembliesAndSetupDomain (225ms)
		LoadAssemblies (180ms)
		RebuildTransferFunctionScriptingTraits (0ms)
		AnalyzeDomain (221ms)
			TypeCache.Refresh (219ms)
				TypeCache.ScanAssembly (199ms)
			ScanForSourceGeneratedMonoScriptInfo (1ms)
			ResolveRequiredComponents (1ms)
	FinalizeReload (499ms)
		ReleaseScriptCaches (0ms)
		RebuildScriptCaches (0ms)
		SetupLoadedEditorAssemblies (388ms)
			LogAssemblyErrors (0ms)
			InitializePlatformSupportModulesInManaged (24ms)
			SetLoadedEditorAssemblies (11ms)
			RefreshPlugins (0ms)
			BeforeProcessingInitializeOnLoad (4ms)
			ProcessInitializeOnLoadAttributes (247ms)
			ProcessInitializeOnLoadMethodAttributes (101ms)
			AfterProcessingInitializeOnLoad (0ms)
			EditorAssembliesLoaded (0ms)
		ExecutionOrderSort2 (0ms)
		AwakeInstancesAfterBackupRestoration (0ms)
========================================================================
Worker process is ready to serve import requests
Begin MonoManager ReloadAssembly
- Loaded All Assemblies, in  1.323 seconds
Refreshing native plugins compatible for Editor in 11.43 ms, found 3 plugins.
Native extension for WindowsStandalone target not found
Native extension for WebGL target not found
Package Manager log level set to [2]
[Package Manager] Server::EnsureServerProcessIsRunning -- launch failed, reason: Unity was launched with the -noUpm command-line argument
[Package Manager] UpmClient::Send -- Unable to send message (not connected to UPM process).
[Package Manager] Cannot connect to Unity Package Manager local server
Mono: successfully reloaded assembly
- Finished resetting the current domain, in  1.690 seconds
Domain Reload Profiling: 3008ms
	BeginReloadAssembly (304ms)
		ExecutionOrderSort (0ms)
		DisableScriptedObjects (15ms)
		BackupInstance (0ms)
		ReleaseScriptingObjects (0ms)
		CreateAndSetChildDomain (39ms)
	RebuildCommonClasses (64ms)
	RebuildNativeTypeToScriptingClass (28ms)
	initialDomainReloadingComplete (88ms)
	LoadAllAssembliesAndSetupDomain (833ms)
		LoadAssemblies (656ms)
		RebuildTransferFunctionScriptingTraits (0ms)
		AnalyzeDomain (355ms)
			TypeCache.Refresh (320ms)
				TypeCache.ScanAssembly (295ms)
			ScanForSourceGeneratedMonoScriptInfo (24ms)
			ResolveRequiredComponents (9ms)
	FinalizeReload (1692ms)
		ReleaseScriptCaches (0ms)
		RebuildScriptCaches (0ms)
		SetupLoadedEditorAssemblies (1319ms)
			LogAssemblyErrors (0ms)
			InitializePlatformSupportModulesInManaged (32ms)
			SetLoadedEditorAssemblies (18ms)
			RefreshPlugins (0ms)
			BeforeProcessingInitializeOnLoad (303ms)
			ProcessInitializeOnLoadAttributes (897ms)
			ProcessInitializeOnLoadMethodAttributes (42ms)
			AfterProcessingInitializeOnLoad (26ms)
			EditorAssembliesLoaded (0ms)
		ExecutionOrderSort2 (0ms)
		AwakeInstancesAfterBackupRestoration (26ms)
Launched and connected shader compiler UnityShaderCompiler.exe after 0.16 seconds
Refreshing native plugins compatible for Editor in 8.29 ms, found 3 plugins.
Preloading 0 native plugins for Editor in 0.00 ms.
Unloading 3083 Unused Serialized files (Serialized files now loaded: 0)
Unloading 32 unused Assets / (56.9 KB). Loaded Objects now: 3549.
Memory consumption went from 124.3 MB to 124.3 MB.
Total: 6.253100 ms (FindLiveObjects: 0.419700 ms CreateObjectMapping: 0.265300 ms MarkObjects: 4.083300 ms  DeleteObjects: 1.477800 ms)

AssetImportParameters requested are different than current active one (requested -> active):
  custom:container-demuxer-ogg: 62fdf1f143b41e24485cea50d1cbac27 -> 
  custom:video-codec-MediaFoundation-h265: 746d11721c4dcdbdad8f713fa42b33f4 -> 
  custom:video-decoder-ogg-theora: a1e56fd34408186e4bbccfd4996cb3dc -> 
  custom:framework-win-MediaFoundation: 216162199b28c13a410421893ffa2e32 -> 
  custom:CustomObjectIndexerAttribute: 43b350a4d6e6d1791af0b5038c4bea17 -> 
  custom:container-demuxer-webm: 4f35f7cbe854078d1ac9338744f61a02 -> 
  custom:container-muxer-webm: aa71ff27fc2769a1b78a27578f13a17b -> 
  custom:video-decoder-webm-vp8: 9c59270c3fd7afecdb556c50c9e8de78 -> 
  custom:SearchIndexIgnoredProperties: e643bd26f0fe6173181afceb89e7c659 -> 
  custom:AudioImporter_EditorPlatform: d09bf68614088b80899f8185d706f6e7 -> 
  custom:video-encoder-webm-vp8: eb34c28f22e8b96e1ab97ce403110664 -> 
  custom:audio-decoder-ogg-vorbis: bf7c407c2cedff20999df2af8eb42d56 -> 
  custom:audio-encoder-webm-vorbis: bf7c407c2cedff20999df2af8eb42d56 -> 
========================================================================
Received Import Request.
  Time since last request: 451154.748528 seconds.
  path: Assets/small_town_america/general/materials/general_damage_ground_1.mat
  artifactKey: Guid(f73cff647ed4f264bb55f23ca72992bc) Importer(815301076,1909f56bfc062723c751e8b465ee728b)
Start importing Assets/small_town_america/general/materials/general_damage_ground_1.mat using Guid(f73cff647ed4f264bb55f23ca72992bc) Importer(815301076,1909f56bfc062723c751e8b465ee728b)  -> (artifact id: '8d6c861b7f2d57cf362aca26d2f7c763') in 0.167511 seconds
Number of updated asset objects reloaded before import = 0
Number of asset objects unloaded after import = 4
========================================================================
Received Import Request.
  Time since last request: 0.114315 seconds.
  path: Assets/small_town_america/general/materials/sidewalk_markings.mat
  artifactKey: Guid(c1ee70dfa8eaa764cac686b842614f4c) Importer(815301076,1909f56bfc062723c751e8b465ee728b)
Start importing Assets/small_town_america/general/materials/sidewalk_markings.mat using Guid(c1ee70dfa8eaa764cac686b842614f4c) Importer(815301076,1909f56bfc062723c751e8b465ee728b)  -> (artifact id: '5614a06e2989d7a66e04db7b77e0c293') in 0.045588 seconds
Number of updated asset objects reloaded before import = 0
Number of asset objects unloaded after import = 4
========================================================================
Received Import Request.
  Time since last request: 0.000029 seconds.
  path: Assets/small_town_america/general/materials/street_pavement.mat
  artifactKey: Guid(db31076ba1760ef4f9c335f799c085ec) Importer(815301076,1909f56bfc062723c751e8b465ee728b)
Start importing Assets/small_town_america/general/materials/street_pavement.mat using Guid(db31076ba1760ef4f9c335f799c085ec) Importer(815301076,1909f56bfc062723c751e8b465ee728b)  -> (artifact id: 'bfd512d1240a0366237de988b61edce8') in 0.044238 seconds
Number of updated asset objects reloaded before import = 0
Number of asset objects unloaded after import = 4
========================================================================
Received Import Request.
  Time since last request: 0.000025 seconds.
  path: Assets/small_town_america/general/materials/street_decal_2.mat
  artifactKey: Guid(029674896a135ef4180cfe29a7239a50) Importer(815301076,1909f56bfc062723c751e8b465ee728b)
Start importing Assets/small_town_america/general/materials/street_decal_2.mat using Guid(029674896a135ef4180cfe29a7239a50) Importer(815301076,1909f56bfc062723c751e8b465ee728b)  -> (artifact id: '3350b345af9338b24895508bfe2e8d1a') in 0.031082 seconds
Number of updated asset objects reloaded before import = 0
Number of asset objects unloaded after import = 4
========================================================================
Received Import Request.
  Time since last request: 63.441028 seconds.
  path: Assets/small_town_america/general/textures/street
  artifactKey: Guid(052a6b0a9af4b7141b98744d03db67d3) Importer(815301076,1909f56bfc062723c751e8b465ee728b)
Start importing Assets/small_town_america/general/textures/street using Guid(052a6b0a9af4b7141b98744d03db67d3) Importer(815301076,1909f56bfc062723c751e8b465ee728b)  -> (artifact id: 'f90f751bd0354ae44a6ea27858e4ae7b') in 0.000828 seconds
Number of updated asset objects reloaded before import = 0
Number of asset objects unloaded after import = 0
========================================================================
Received Import Request.
  Time since last request: 0.050835 seconds.
  path: Assets/small_town_america/general/textures/street/general_sidewalk_markings_a.tga
  artifactKey: Guid(5ed2c3b32ebb96245be448985319a22d) Importer(815301076,1909f56bfc062723c751e8b465ee728b)
Start importing Assets/small_town_america/general/textures/street/general_sidewalk_markings_a.tga using Guid(5ed2c3b32ebb96245be448985319a22d) Importer(815301076,1909f56bfc062723c751e8b465ee728b)  -> (artifact id: 'bcb45c154996aeeafa1fd448e10dfd8e') in 0.072479 seconds
Number of updated asset objects reloaded before import = 0
Number of asset objects unloaded after import = 2
========================================================================
Received Import Request.
  Time since last request: 0.000035 seconds.
  path: Assets/small_town_america/general/textures/street/general_street_pavement_m.tga
  artifactKey: Guid(d1cceed0566a0df46a54e770a974814e) Importer(815301076,1909f56bfc062723c751e8b465ee728b)
Start importing Assets/small_town_america/general/textures/street/general_street_pavement_m.tga using Guid(d1cceed0566a0df46a54e770a974814e) Importer(815301076,1909f56bfc062723c751e8b465ee728b)  -> (artifact id: '664410f3e1717cef299f1d10e4e703bf') in 0.058718 seconds
Number of updated asset objects reloaded before import = 0
Number of asset objects unloaded after import = 2
========================================================================
Received Import Request.
  Time since last request: 0.000030 seconds.
  path: Assets/small_town_america/general/textures/street/general_sidewalk_markings_n.tga
  artifactKey: Guid(9e6d5ce5e94859a4681b29191e42fab9) Importer(815301076,1909f56bfc062723c751e8b465ee728b)
Start importing Assets/small_town_america/general/textures/street/general_sidewalk_markings_n.tga using Guid(9e6d5ce5e94859a4681b29191e42fab9) Importer(815301076,1909f56bfc062723c751e8b465ee728b)  -> (artifact id: 'fa78c4af33fa6d34a589a81937b1944e') in 0.055633 seconds
Number of updated asset objects reloaded before import = 0
Number of asset objects unloaded after import = 2
========================================================================
Received Import Request.
  Time since last request: 11.110588 seconds.
  path: Assets/small_town_america/general/textures/street_decals
  artifactKey: Guid(4f12d57556b1aa643aa2173b1e69e416) Importer(815301076,1909f56bfc062723c751e8b465ee728b)
Start importing Assets/small_town_america/general/textures/street_decals using Guid(4f12d57556b1aa643aa2173b1e69e416) Importer(815301076,1909f56bfc062723c751e8b465ee728b)  -> (artifact id: '63113095ee81daa7c189f2465dfa03a5') in 0.000639 seconds
Number of updated asset objects reloaded before import = 0
Number of asset objects unloaded after import = 0
========================================================================
Received Import Request.
  Time since last request: 0.027310 seconds.
  path: Assets/small_town_america/general/textures/street_decals/general_street_decals_1_a.tga
  artifactKey: Guid(73c6c2c64144fa146abec8ab9cd5bce6) Importer(815301076,1909f56bfc062723c751e8b465ee728b)
Start importing Assets/small_town_america/general/textures/street_decals/general_street_decals_1_a.tga using Guid(73c6c2c64144fa146abec8ab9cd5bce6) Importer(815301076,1909f56bfc062723c751e8b465ee728b)  -> (artifact id: 'de8690e4451d70eb31f19e7c36dac0be') in 0.039924 seconds
Number of updated asset objects reloaded before import = 0
Number of asset objects unloaded after import = 2
========================================================================
Received Import Request.
  Time since last request: 0.000049 seconds.
  path: Assets/small_town_america/general/textures/street_decals/general_street_decals_2_n.tga
  artifactKey: Guid(5b59d7c75246a9e4fb9b86163badd6e3) Importer(815301076,1909f56bfc062723c751e8b465ee728b)
Start importing Assets/small_town_america/general/textures/street_decals/general_street_decals_2_n.tga using Guid(5b59d7c75246a9e4fb9b86163badd6e3) Importer(815301076,1909f56bfc062723c751e8b465ee728b)  -> (artifact id: 'd917eb0b15c1fe50f6306c8f6da5fdf4') in 0.050688 seconds
Number of updated asset objects reloaded before import = 0
Number of asset objects unloaded after import = 2
========================================================================
Received Import Request.
  Time since last request: 0.000047 seconds.
  path: Assets/small_town_america/general/textures/street_decals/general_street_decals_2_a.tga
  artifactKey: Guid(2c27a6ce5fea9b54399cd5f52a7a0e83) Importer(815301076,1909f56bfc062723c751e8b465ee728b)
Start importing Assets/small_town_america/general/textures/street_decals/general_street_decals_2_a.tga using Guid(2c27a6ce5fea9b54399cd5f52a7a0e83) Importer(815301076,1909f56bfc062723c751e8b465ee728b)  -> (artifact id: 'b046e946b4c290ae4529b603a473e56b') in 0.046447 seconds
Number of updated asset objects reloaded before import = 0
Number of asset objects unloaded after import = 2
========================================================================
Received Import Request.
  Time since last request: 2.221235 seconds.
  path: Assets/small_town_america/general/textures/flagpole
  artifactKey: Guid(3806c5645b8940c4f9f38057b597314f) Importer(815301076,1909f56bfc062723c751e8b465ee728b)
Start importing Assets/small_town_america/general/textures/flagpole using Guid(3806c5645b8940c4f9f38057b597314f) Importer(815301076,1909f56bfc062723c751e8b465ee728b)  -> (artifact id: '0c15fb09bc00784f7b50a179c1d90ed2') in 0.000705 seconds
Number of updated asset objects reloaded before import = 0
Number of asset objects unloaded after import = 0
========================================================================
Received Import Request.
  Time since last request: 0.535021 seconds.
  path: Assets/small_town_america/general/textures/road_signs
  artifactKey: Guid(c4602960ef4c03a428e109f43f7079d6) Importer(815301076,1909f56bfc062723c751e8b465ee728b)
Start importing Assets/small_town_america/general/textures/road_signs using Guid(c4602960ef4c03a428e109f43f7079d6) Importer(815301076,1909f56bfc062723c751e8b465ee728b)  -> (artifact id: '5847c1c8dac409a25079a9d8bfe70215') in 0.000891 seconds
Number of updated asset objects reloaded before import = 0
Number of asset objects unloaded after import = 0
========================================================================
Received Import Request.
  Time since last request: 0.050929 seconds.
  path: Assets/small_town_america/general/textures/road_signs/general_road_signs_a.tga
  artifactKey: Guid(c63800b8c2ed2134ab88edce4a8e3faa) Importer(815301076,1909f56bfc062723c751e8b465ee728b)
Start importing Assets/small_town_america/general/textures/road_signs/general_road_signs_a.tga using Guid(c63800b8c2ed2134ab88edce4a8e3faa) Importer(815301076,1909f56bfc062723c751e8b465ee728b)  -> (artifact id: '4dedb43cf38e3d6eb64a2fb0456db5f9') in 0.043105 seconds
Number of updated asset objects reloaded before import = 0
Number of asset objects unloaded after import = 2
========================================================================
Received Import Request.
  Time since last request: 1.636931 seconds.
  path: Assets/small_town_america/general/textures/damage_ground
  artifactKey: Guid(3f0efa2964488a14882c2456d267a1d1) Importer(815301076,1909f56bfc062723c751e8b465ee728b)
Start importing Assets/small_town_america/general/textures/damage_ground using Guid(3f0efa2964488a14882c2456d267a1d1) Importer(815301076,1909f56bfc062723c751e8b465ee728b)  -> (artifact id: 'ed29c2658e1e147e42a78ba3f72ad6e7') in 0.000791 seconds
Number of updated asset objects reloaded before import = 0
Number of asset objects unloaded after import = 0
========================================================================
Received Import Request.
  Time since last request: 0.063426 seconds.
  path: Assets/small_town_america/general/textures/damage_ground/general_damage_ground_1_a.tga
  artifactKey: Guid(8f802c380c7427b4ab6b513c30d767fe) Importer(815301076,1909f56bfc062723c751e8b465ee728b)
Start importing Assets/small_town_america/general/textures/damage_ground/general_damage_ground_1_a.tga using Guid(8f802c380c7427b4ab6b513c30d767fe) Importer(815301076,1909f56bfc062723c751e8b465ee728b)  -> (artifact id: 'ac8f90af694bd3c6eb56a2318a4e93a8') in 0.073192 seconds
Number of updated asset objects reloaded before import = 0
Number of asset objects unloaded after import = 2
========================================================================
Received Import Request.
  Time since last request: 0.000034 seconds.
  path: Assets/small_town_america/general/textures/damage_ground/general_damage_ground_3_a.tga
  artifactKey: Guid(361a49e779fe3b84da81f2beb681f052) Importer(815301076,1909f56bfc062723c751e8b465ee728b)
Start importing Assets/small_town_america/general/textures/damage_ground/general_damage_ground_3_a.tga using Guid(361a49e779fe3b84da81f2beb681f052) Importer(815301076,1909f56bfc062723c751e8b465ee728b)  -> (artifact id: 'd723186dfe108c20b3cfe455b9367e94') in 0.086251 seconds
Number of updated asset objects reloaded before import = 0
Number of asset objects unloaded after import = 2
========================================================================
Received Import Request.
  Time since last request: 0.000208 seconds.
  path: Assets/small_town_america/general/textures/damage_ground/general_damage_ground_2_m.tga
  artifactKey: Guid(3d3a2308dd496464196a50efb573b32b) Importer(815301076,1909f56bfc062723c751e8b465ee728b)
Start importing Assets/small_town_america/general/textures/damage_ground/general_damage_ground_2_m.tga using Guid(3d3a2308dd496464196a50efb573b32b) Importer(815301076,1909f56bfc062723c751e8b465ee728b)  -> (artifact id: 'ff16cff4a1061ee74344baf58c777126') in 0.082463 seconds
Number of updated asset objects reloaded before import = 0
Number of asset objects unloaded after import = 2
========================================================================
Received Import Request.
  Time since last request: 7.036604 seconds.
  path: Assets/small_town_america/general/textures/flagpole/general_flag_a.tga
  artifactKey: Guid(aacd93505ef95d744b90d55211e4ae3b) Importer(815301076,1909f56bfc062723c751e8b465ee728b)
Start importing Assets/small_town_america/general/textures/flagpole/general_flag_a.tga using Guid(aacd93505ef95d744b90d55211e4ae3b) Importer(815301076,1909f56bfc062723c751e8b465ee728b)  -> (artifact id: '3c69b1d32aff9fc45ca02d5dda5a6df5') in 0.054039 seconds
Number of updated asset objects reloaded before import = 0
Number of asset objects unloaded after import = 2
========================================================================
Received Import Request.
  Time since last request: 0.000031 seconds.
  path: Assets/small_town_america/general/textures/flagpole/general_rope_flag_n.tga
  artifactKey: Guid(d65ef273ac764724894d280b22505082) Importer(815301076,1909f56bfc062723c751e8b465ee728b)
Start importing Assets/small_town_america/general/textures/flagpole/general_rope_flag_n.tga using Guid(d65ef273ac764724894d280b22505082) Importer(815301076,1909f56bfc062723c751e8b465ee728b)  -> (artifact id: 'f57bb313360eedc8d6a470738a57720a') in 0.057338 seconds
Number of updated asset objects reloaded before import = 0
Number of asset objects unloaded after import = 2
========================================================================
Received Import Request.
  Time since last request: 0.000041 seconds.
  path: Assets/small_town_america/general/textures/flagpole/general_flagpole_m.tga
  artifactKey: Guid(908b5c4e4a58ae341bf59e2b7ba887f7) Importer(815301076,1909f56bfc062723c751e8b465ee728b)
Start importing Assets/small_town_america/general/textures/flagpole/general_flagpole_m.tga using Guid(908b5c4e4a58ae341bf59e2b7ba887f7) Importer(815301076,1909f56bfc062723c751e8b465ee728b)  -> (artifact id: 'a81accf4c6f4da6488cbdf2dba9d6c9b') in 0.054758 seconds
Number of updated asset objects reloaded before import = 0
Number of asset objects unloaded after import = 2
========================================================================
Received Import Request.
  Time since last request: 55.308675 seconds.
  path: Assets/LowpolyStreetPack/Prefabs/StreetProps/ParkLamp/ParkLamp.prefab
  artifactKey: Guid(859c228a1a8fbe4439ce250eabda57aa) Importer(815301076,1909f56bfc062723c751e8b465ee728b)
Start importing Assets/LowpolyStreetPack/Prefabs/StreetProps/ParkLamp/ParkLamp.prefab using Guid(859c228a1a8fbe4439ce250eabda57aa) Importer(815301076,1909f56bfc062723c751e8b465ee728b)  -> (artifact id: '672e04810b0867561b3da8f03bdebb76') in 0.061359 seconds
Number of updated asset objects reloaded before import = 0
Number of asset objects unloaded after import = 19
========================================================================
Received Import Request.
  Time since last request: 49.329251 seconds.
  path: Assets/small_town_america/general/models/street_decal/general_street_decal_1.fbx
  artifactKey: Guid(656f10b27002b374cbac90ca70b2433b) Importer(815301076,1909f56bfc062723c751e8b465ee728b)
Start importing Assets/small_town_america/general/models/street_decal/general_street_decal_1.fbx using Guid(656f10b27002b374cbac90ca70b2433b) Importer(815301076,1909f56bfc062723c751e8b465ee728b)  -> (artifact id: '83c0b55ca9435f7327fa5ca7d255adfd') in 0.046366 seconds
Number of updated asset objects reloaded before import = 0
Number of asset objects unloaded after import = 11
========================================================================
Received Import Request.
  Time since last request: 40.209873 seconds.
  path: Assets/small_town_america/general/textures/street/Materials
  artifactKey: Guid(b71c4b09358ab2a4885228d8f2fb62d3) Importer(815301076,1909f56bfc062723c751e8b465ee728b)
Start importing Assets/small_town_america/general/textures/street/Materials using Guid(b71c4b09358ab2a4885228d8f2fb62d3) Importer(815301076,1909f56bfc062723c751e8b465ee728b)  -> (artifact id: '09e38534ef222fdf31fa63cccc4fcc70') in 0.000733 seconds
Number of updated asset objects reloaded before import = 0
Number of asset objects unloaded after import = 0
========================================================================
Received Import Request.
  Time since last request: 0.066607 seconds.
  path: Assets/small_town_america/general/textures/street/Materials/general_sidewalk_markings_a.mat
  artifactKey: Guid(25502f4167c99df489c94dd81c33392b) Importer(815301076,1909f56bfc062723c751e8b465ee728b)
Start importing Assets/small_town_america/general/textures/street/Materials/general_sidewalk_markings_a.mat using Guid(25502f4167c99df489c94dd81c33392b) Importer(815301076,1909f56bfc062723c751e8b465ee728b)  -> (artifact id: 'e752c5ea6d8fa3438f7e4d0587611ef6') in 0.024108 seconds
Number of updated asset objects reloaded before import = 0
Number of asset objects unloaded after import = 2
========================================================================
Received Import Request.
  Time since last request: 275.133559 seconds.
  path: Assets/small_town_america/general/textures/road_signs_pole/general_road_signs_pole_a.tga
  artifactKey: Guid(202d49f7dd5080844b738dde2bf3fa26) Importer(815301076,1909f56bfc062723c751e8b465ee728b)
Start importing Assets/small_town_america/general/textures/road_signs_pole/general_road_signs_pole_a.tga using Guid(202d49f7dd5080844b738dde2bf3fa26) Importer(815301076,1909f56bfc062723c751e8b465ee728b)  -> (artifact id: 'e014e394281d39fea1c71f6f8fcee826') in 0.034005 seconds
Number of updated asset objects reloaded before import = 0
Number of asset objects unloaded after import = 2
========================================================================
Received Import Request.
  Time since last request: 0.000028 seconds.
  path: Assets/small_town_america/general/textures/road_signs_pole/general_road_signs_pole_n.tga
  artifactKey: Guid(0d15c07755fea7c47a8d8afb29066321) Importer(815301076,1909f56bfc062723c751e8b465ee728b)
Start importing Assets/small_town_america/general/textures/road_signs_pole/general_road_signs_pole_n.tga using Guid(0d15c07755fea7c47a8d8afb29066321) Importer(815301076,1909f56bfc062723c751e8b465ee728b)  -> (artifact id: 'c6d660b280fe537ca49c623aaf67408a') in 0.037743 seconds
Number of updated asset objects reloaded before import = 0
Number of asset objects unloaded after import = 2
========================================================================
Received Import Request.
  Time since last request: 624.193282 seconds.
  path: Assets/LowpolyStreetPack/Prefabs/StreetProps/FuseBox/FuseBox.prefab
  artifactKey: Guid(86948bb7ab2a8274aa6a73f0ed8b64d5) Importer(815301076,1909f56bfc062723c751e8b465ee728b)
Start importing Assets/LowpolyStreetPack/Prefabs/StreetProps/FuseBox/FuseBox.prefab using Guid(86948bb7ab2a8274aa6a73f0ed8b64d5) Importer(815301076,1909f56bfc062723c751e8b465ee728b)  -> (artifact id: 'c5a5537607fcbc91cb5b87b415d7745b') in 0.041619 seconds
Number of updated asset objects reloaded before import = 0
Number of asset objects unloaded after import = 10
========================================================================
Received Import Request.
  Time since last request: 1.050193 seconds.
  path: Assets/LowpolyStreetPack/Prefabs/StreetProps/Hidrant/Hidrant.prefab
  artifactKey: Guid(28d375a433cc78c4fa3db00df795f14d) Importer(815301076,1909f56bfc062723c751e8b465ee728b)
Start importing Assets/LowpolyStreetPack/Prefabs/StreetProps/Hidrant/Hidrant.prefab using Guid(28d375a433cc78c4fa3db00df795f14d) Importer(815301076,1909f56bfc062723c751e8b465ee728b)  -> (artifact id: '4e644951773433c510b02c80eaa16958') in 0.036943 seconds
Number of updated asset objects reloaded before import = 0
Number of asset objects unloaded after import = 10
========================================================================
Received Import Request.
  Time since last request: 29.659602 seconds.
  path: Assets/LowpolyStreetPack/Prefabs/StreetProps/LightShape/LightShape.prefab
  artifactKey: Guid(29a3662e1f6b9874f8b00773a2e193f7) Importer(815301076,1909f56bfc062723c751e8b465ee728b)
Start importing Assets/LowpolyStreetPack/Prefabs/StreetProps/LightShape/LightShape.prefab using Guid(29a3662e1f6b9874f8b00773a2e193f7) Importer(815301076,1909f56bfc062723c751e8b465ee728b)  -> (artifact id: 'b43ef97098653c36f8f50e33afd5009d') in 0.021888 seconds
Number of updated asset objects reloaded before import = 0
Number of asset objects unloaded after import = 11
========================================================================
Received Import Request.
  Time since last request: 114.967004 seconds.
  path: Assets/LowpolyStreetPack/Prefabs/StreetProps/Powerpoles/Powerpole_A_A.prefab
  artifactKey: Guid(0f92d2fd15e7f4b4e9ed2fb13644ad68) Importer(815301076,1909f56bfc062723c751e8b465ee728b)
Start importing Assets/LowpolyStreetPack/Prefabs/StreetProps/Powerpoles/Powerpole_A_A.prefab using Guid(0f92d2fd15e7f4b4e9ed2fb13644ad68) Importer(815301076,1909f56bfc062723c751e8b465ee728b)  -> (artifact id: 'c6b0e41bfa4f16bd9b5008e68e7b46d8') in 0.043120 seconds
Number of updated asset objects reloaded before import = 0
Number of asset objects unloaded after import = 10
========================================================================
Received Import Request.
  Time since last request: 0.000031 seconds.
  path: Assets/LowpolyStreetPack/Prefabs/StreetProps/Powerpoles/Powerpole_B_B.prefab
  artifactKey: Guid(b3bfdc11c7193c04d93f651feb81749f) Importer(815301076,1909f56bfc062723c751e8b465ee728b)
Start importing Assets/LowpolyStreetPack/Prefabs/StreetProps/Powerpoles/Powerpole_B_B.prefab using Guid(b3bfdc11c7193c04d93f651feb81749f) Importer(815301076,1909f56bfc062723c751e8b465ee728b)  -> (artifact id: 'bd89b71244e6eb349f97e146be0c0dc0') in 0.042959 seconds
Number of updated asset objects reloaded before import = 0
Number of asset objects unloaded after import = 10
========================================================================
Received Import Request.
  Time since last request: 10.803637 seconds.
  path: Assets/LowpolyStreetPack/Prefabs/StreetProps/RoadBlocks/RoadBlock_A.prefab
  artifactKey: Guid(86f783457a9659e41a99dc3147fefdba) Importer(815301076,1909f56bfc062723c751e8b465ee728b)
Start importing Assets/LowpolyStreetPack/Prefabs/StreetProps/RoadBlocks/RoadBlock_A.prefab using Guid(86f783457a9659e41a99dc3147fefdba) Importer(815301076,1909f56bfc062723c751e8b465ee728b)  -> (artifact id: '447ff7b5a8bbffc7b08738d0bc00ef30') in 0.043471 seconds
Number of updated asset objects reloaded before import = 0
Number of asset objects unloaded after import = 10
========================================================================
Received Import Request.
  Time since last request: 0.000044 seconds.
  path: Assets/LowpolyStreetPack/Prefabs/StreetProps/RoadBlocks/RoadCone_B.prefab
  artifactKey: Guid(ed49ee3d893710a4e9c396aa38de2c0b) Importer(815301076,1909f56bfc062723c751e8b465ee728b)
Start importing Assets/LowpolyStreetPack/Prefabs/StreetProps/RoadBlocks/RoadCone_B.prefab using Guid(ed49ee3d893710a4e9c396aa38de2c0b) Importer(815301076,1909f56bfc062723c751e8b465ee728b)  -> (artifact id: '02ec3e5aceb955febc20a1f66ba20115') in 0.068100 seconds
Number of updated asset objects reloaded before import = 0
Number of asset objects unloaded after import = 10
========================================================================
Received Import Request.
  Time since last request: 0.000066 seconds.
  path: Assets/LowpolyStreetPack/Prefabs/StreetProps/RoadBlocks/RoadCone_C.prefab
  artifactKey: Guid(3ab888083d06e9b4b8a6eaa0568b5ac8) Importer(815301076,1909f56bfc062723c751e8b465ee728b)
Start importing Assets/LowpolyStreetPack/Prefabs/StreetProps/RoadBlocks/RoadCone_C.prefab using Guid(3ab888083d06e9b4b8a6eaa0568b5ac8) Importer(815301076,1909f56bfc062723c751e8b465ee728b)  -> (artifact id: 'b165523db1f72a13a8c169a04730a5dc') in 0.060089 seconds
Number of updated asset objects reloaded before import = 0
Number of asset objects unloaded after import = 10
========================================================================
Received Import Request.
  Time since last request: 0.000034 seconds.
  path: Assets/LowpolyStreetPack/Prefabs/StreetProps/RoadBlocks/RoadBlock_D.prefab
  artifactKey: Guid(914351682f086b145ae6774edb5da09b) Importer(815301076,1909f56bfc062723c751e8b465ee728b)
Start importing Assets/LowpolyStreetPack/Prefabs/StreetProps/RoadBlocks/RoadBlock_D.prefab using Guid(914351682f086b145ae6774edb5da09b) Importer(815301076,1909f56bfc062723c751e8b465ee728b)  -> (artifact id: 'dbf82a72ffbb6952ce74a00b5769d289') in 0.058285 seconds
Number of updated asset objects reloaded before import = 0
Number of asset objects unloaded after import = 10
========================================================================
Received Import Request.
  Time since last request: 3.954020 seconds.
  path: Assets/LowpolyStreetPack/Prefabs/StreetProps/SewerCaps/SewerCap_A.prefab
  artifactKey: Guid(381f2680f281e244eb33ca1608e0a5f1) Importer(815301076,1909f56bfc062723c751e8b465ee728b)
Start importing Assets/LowpolyStreetPack/Prefabs/StreetProps/SewerCaps/SewerCap_A.prefab using Guid(381f2680f281e244eb33ca1608e0a5f1) Importer(815301076,1909f56bfc062723c751e8b465ee728b)  -> (artifact id: 'db7e7b36a85f857e3e629075456a1500') in 0.082194 seconds
Number of updated asset objects reloaded before import = 0
Number of asset objects unloaded after import = 9
========================================================================
Received Import Request.
  Time since last request: 2.970318 seconds.
  path: Assets/LowpolyStreetPack/Prefabs/StreetProps/Signs/HighwaySigns
  artifactKey: Guid(c16ec17e2b0c54648a22313b032cfe4c) Importer(815301076,1909f56bfc062723c751e8b465ee728b)
Start importing Assets/LowpolyStreetPack/Prefabs/StreetProps/Signs/HighwaySigns using Guid(c16ec17e2b0c54648a22313b032cfe4c) Importer(815301076,1909f56bfc062723c751e8b465ee728b)  -> (artifact id: '6297ed4f0fd5cedd05e7a848b56d4ff5') in 0.000779 seconds
Number of updated asset objects reloaded before import = 0
Number of asset objects unloaded after import = 0
========================================================================
Received Import Request.
  Time since last request: 0.045086 seconds.
  path: Assets/LowpolyStreetPack/Prefabs/StreetProps/Signs/HighwaySigns/HighwaySign_A.prefab
  artifactKey: Guid(cbb4718899d5da64aa2e1cf45bf3aee8) Importer(815301076,1909f56bfc062723c751e8b465ee728b)
Start importing Assets/LowpolyStreetPack/Prefabs/StreetProps/Signs/HighwaySigns/HighwaySign_A.prefab using Guid(cbb4718899d5da64aa2e1cf45bf3aee8) Importer(815301076,1909f56bfc062723c751e8b465ee728b)  -> (artifact id: '62dc50d1bdd51aa454326635bb9493b0') in 0.069962 seconds
Number of updated asset objects reloaded before import = 0
Number of asset objects unloaded after import = 13
========================================================================
Received Import Request.
  Time since last request: 5.752874 seconds.
  path: Assets/LowpolyStreetPack/Prefabs/StreetProps/Signs/StreetSigns/StreetSign_A.prefab
  artifactKey: Guid(62317ef00c9448d4494341221e1c2aa1) Importer(815301076,1909f56bfc062723c751e8b465ee728b)
Start importing Assets/LowpolyStreetPack/Prefabs/StreetProps/Signs/StreetSigns/StreetSign_A.prefab using Guid(62317ef00c9448d4494341221e1c2aa1) Importer(815301076,1909f56bfc062723c751e8b465ee728b)  -> (artifact id: '1a21423c9e6641514e31eace7e1ca333') in 0.045424 seconds
Number of updated asset objects reloaded before import = 0
Number of asset objects unloaded after import = 10
========================================================================
Received Import Request.
  Time since last request: 0.000037 seconds.
  path: Assets/LowpolyStreetPack/Prefabs/StreetProps/Signs/StreetSigns/StreetSign_F.prefab
  artifactKey: Guid(85fbd51db45c21840bc12ee6a54d5080) Importer(815301076,1909f56bfc062723c751e8b465ee728b)
Start importing Assets/LowpolyStreetPack/Prefabs/StreetProps/Signs/StreetSigns/StreetSign_F.prefab using Guid(85fbd51db45c21840bc12ee6a54d5080) Importer(815301076,1909f56bfc062723c751e8b465ee728b)  -> (artifact id: '4bf1db89b913fa23c86ee0c2599ad68a') in 0.068444 seconds
Number of updated asset objects reloaded before import = 0
Number of asset objects unloaded after import = 10
Editor requested this worker to shutdown with reason: Scaling down because of idle timeout
TcpMessagingSession - receive error: operation aborted. errorcode: 995, details: The I/O operation has been aborted because of either a thread exit or an application request.
AssetImportWorker is now disconnected from the server
Process exiting
Exiting without the bug reporter. Application will terminate with return code 0