Using pre-set license
Built from '2022.3/staging' branch; Version is '2022.3.15f1 (b58023a2b463) revision 11894819'; Using compiler version '192829333'; Build Type 'Release'
OS: 'Windows 11  (10.0.22621) 64bit Core' Language: 'en' Physical Memory: 15773 MB
BatchMode: 1, IsHumanControllingUs: 0, StartBugReporterOnCrash: 0, Is64bit: 1, IsPro: 1

COMMAND LINE ARGUMENTS:
C:\Program Files\Unity\Hub\Editor\2022.3.15f1\Editor\Unity.exe
-adb2
-batchMode
-noUpm
-name
AssetImportWorker5
-projectPath
C:/Users/zeuss/final
-logFile
Logs/AssetImportWorker5.log
-srvPort
64119
Successfully changed project path to: C:/Users/zeuss/final
C:/Users/zeuss/final
[UnityMemory] Configuration Parameters - Can be set up in boot.config
    "memorysetup-bucket-allocator-granularity=16"
    "memorysetup-bucket-allocator-bucket-count=8"
    "memorysetup-bucket-allocator-block-size=33554432"
    "memorysetup-bucket-allocator-block-count=8"
    "memorysetup-main-allocator-block-size=16777216"
    "memorysetup-thread-allocator-block-size=16777216"
    "memorysetup-gfx-main-allocator-block-size=16777216"
    "memorysetup-gfx-thread-allocator-block-size=16777216"
    "memorysetup-cache-allocator-block-size=4194304"
    "memorysetup-typetree-allocator-block-size=2097152"
    "memorysetup-profiler-bucket-allocator-granularity=16"
    "memorysetup-profiler-bucket-allocator-bucket-count=8"
    "memorysetup-profiler-bucket-allocator-block-size=33554432"
    "memorysetup-profiler-bucket-allocator-block-count=8"
    "memorysetup-profiler-allocator-block-size=16777216"
    "memorysetup-profiler-editor-allocator-block-size=1048576"
    "memorysetup-temp-allocator-size-main=16777216"
    "memorysetup-job-temp-allocator-block-size=2097152"
    "memorysetup-job-temp-allocator-block-size-background=1048576"
    "memorysetup-job-temp-allocator-reduction-small-platforms=262144"
    "memorysetup-allocator-temp-initial-block-size-main=262144"
    "memorysetup-allocator-temp-initial-block-size-worker=262144"
    "memorysetup-temp-allocator-size-background-worker=32768"
    "memorysetup-temp-allocator-size-job-worker=262144"
    "memorysetup-temp-allocator-size-preload-manager=33554432"
    "memorysetup-temp-allocator-size-nav-mesh-worker=65536"
    "memorysetup-temp-allocator-size-audio-worker=65536"
    "memorysetup-temp-allocator-size-cloud-worker=32768"
    "memorysetup-temp-allocator-size-gi-baking-worker=262144"
    "memorysetup-temp-allocator-size-gfx=262144"
Player connection [16324] Host "[IP] 192.168.75.1 [Port] 0 [Flags] 2 [Guid] 3956761165 [EditorId] 3956761165 [Version] 1048832 [Id] WindowsEditor(7,Aussiebeeff) [Debug] 1 [PackageName] WindowsEditor [ProjectName] Editor" joined multi-casting on [225.0.0.222:54997]...

Player connection [16324] Host "[IP] 192.168.75.1 [Port] 0 [Flags] 2 [Guid] 3956761165 [EditorId] 3956761165 [Version] 1048832 [Id] WindowsEditor(7,Aussiebeeff) [Debug] 1 [PackageName] WindowsEditor [ProjectName] Editor" joined alternative multi-casting on [225.0.0.222:34997]...

[Physics::Module] Initialized MultithreadedJobDispatcher with 15 workers.
Refreshing native plugins compatible for Editor in 28.11 ms, found 3 plugins.
Preloading 0 native plugins for Editor in 0.00 ms.
Initialize engine version: 2022.3.15f1 (b58023a2b463)
[Subsystems] Discovering subsystems at path C:/Program Files/Unity/Hub/Editor/2022.3.15f1/Editor/Data/Resources/UnitySubsystems
[Subsystems] Discovering subsystems at path C:/Users/zeuss/final/Assets
GfxDevice: creating device client; threaded=0; jobified=0
Direct3D:
    Version:  Direct3D 11.0 [level 11.1]
    Renderer: NVIDIA GeForce RTX 3050 Ti Laptop GPU (ID=0x25a0)
    Vendor:   NVIDIA
    VRAM:     3977 MB
    Driver:   31.0.15.4617
Initialize mono
Mono path[0] = 'C:/Program Files/Unity/Hub/Editor/2022.3.15f1/Editor/Data/Managed'
Mono path[1] = 'C:/Program Files/Unity/Hub/Editor/2022.3.15f1/Editor/Data/MonoBleedingEdge/lib/mono/unityjit-win32'
Mono config path = 'C:/Program Files/Unity/Hub/Editor/2022.3.15f1/Editor/Data/MonoBleedingEdge/etc'
Using monoOptions --debugger-agent=transport=dt_socket,embedding=1,server=y,suspend=n,address=127.0.0.1:56716
Begin MonoManager ReloadAssembly
Registering precompiled unity dll's ...
Register platform support module: C:/Program Files/Unity/Hub/Editor/2022.3.15f1/Editor/Data/PlaybackEngines/WebGLSupport/UnityEditor.WebGL.Extensions.dll
Register platform support module: C:/Program Files/Unity/Hub/Editor/2022.3.15f1/Editor/Data/PlaybackEngines/WindowsStandaloneSupport/UnityEditor.WindowsStandalone.Extensions.dll
Registered in 0.030527 seconds.
- Loaded All Assemblies, in  0.805 seconds
Native extension for WindowsStandalone target not found
Native extension for WebGL target not found
Mono: successfully reloaded assembly
- Finished resetting the current domain, in  0.544 seconds
Domain Reload Profiling: 1344ms
	BeginReloadAssembly (293ms)
		ExecutionOrderSort (0ms)
		DisableScriptedObjects (0ms)
		BackupInstance (0ms)
		ReleaseScriptingObjects (0ms)
		CreateAndSetChildDomain (1ms)
	RebuildCommonClasses (75ms)
	RebuildNativeTypeToScriptingClass (23ms)
	initialDomainReloadingComplete (153ms)
	LoadAllAssembliesAndSetupDomain (254ms)
		LoadAssemblies (286ms)
		RebuildTransferFunctionScriptingTraits (0ms)
		AnalyzeDomain (248ms)
			TypeCache.Refresh (246ms)
				TypeCache.ScanAssembly (222ms)
			ScanForSourceGeneratedMonoScriptInfo (1ms)
			ResolveRequiredComponents (1ms)
	FinalizeReload (545ms)
		ReleaseScriptCaches (0ms)
		RebuildScriptCaches (0ms)
		SetupLoadedEditorAssemblies (438ms)
			LogAssemblyErrors (0ms)
			InitializePlatformSupportModulesInManaged (23ms)
			SetLoadedEditorAssemblies (12ms)
			RefreshPlugins (0ms)
			BeforeProcessingInitializeOnLoad (4ms)
			ProcessInitializeOnLoadAttributes (294ms)
			ProcessInitializeOnLoadMethodAttributes (104ms)
			AfterProcessingInitializeOnLoad (0ms)
			EditorAssembliesLoaded (0ms)
		ExecutionOrderSort2 (0ms)
		AwakeInstancesAfterBackupRestoration (0ms)
========================================================================
Worker process is ready to serve import requests
Begin MonoManager ReloadAssembly
- Loaded All Assemblies, in  1.315 seconds
Refreshing native plugins compatible for Editor in 11.52 ms, found 3 plugins.
Native extension for WindowsStandalone target not found
Native extension for WebGL target not found
Package Manager log level set to [2]
[Package Manager] Server::EnsureServerProcessIsRunning -- launch failed, reason: Unity was launched with the -noUpm command-line argument
[Package Manager] UpmClient::Send -- Unable to send message (not connected to UPM process).
[Package Manager] Cannot connect to Unity Package Manager local server
Mono: successfully reloaded assembly
- Finished resetting the current domain, in  1.558 seconds
Domain Reload Profiling: 2866ms
	BeginReloadAssembly (263ms)
		ExecutionOrderSort (0ms)
		DisableScriptedObjects (17ms)
		BackupInstance (0ms)
		ReleaseScriptingObjects (0ms)
		CreateAndSetChildDomain (30ms)
	RebuildCommonClasses (47ms)
	RebuildNativeTypeToScriptingClass (13ms)
	initialDomainReloadingComplete (84ms)
	LoadAllAssembliesAndSetupDomain (901ms)
		LoadAssemblies (716ms)
		RebuildTransferFunctionScriptingTraits (0ms)
		AnalyzeDomain (326ms)
			TypeCache.Refresh (283ms)
				TypeCache.ScanAssembly (260ms)
			ScanForSourceGeneratedMonoScriptInfo (28ms)
			ResolveRequiredComponents (11ms)
	FinalizeReload (1559ms)
		ReleaseScriptCaches (0ms)
		RebuildScriptCaches (0ms)
		SetupLoadedEditorAssemblies (1187ms)
			LogAssemblyErrors (0ms)
			InitializePlatformSupportModulesInManaged (39ms)
			SetLoadedEditorAssemblies (18ms)
			RefreshPlugins (0ms)
			BeforeProcessingInitializeOnLoad (277ms)
			ProcessInitializeOnLoadAttributes (806ms)
			ProcessInitializeOnLoadMethodAttributes (29ms)
			AfterProcessingInitializeOnLoad (18ms)
			EditorAssembliesLoaded (0ms)
		ExecutionOrderSort2 (0ms)
		AwakeInstancesAfterBackupRestoration (19ms)
Launched and connected shader compiler UnityShaderCompiler.exe after 0.13 seconds
Refreshing native plugins compatible for Editor in 17.47 ms, found 3 plugins.
Preloading 0 native plugins for Editor in 0.00 ms.
Unloading 3083 Unused Serialized files (Serialized files now loaded: 0)
Unloading 32 unused Assets / (56.8 KB). Loaded Objects now: 3546.
Memory consumption went from 123.9 MB to 123.8 MB.
Total: 4.523400 ms (FindLiveObjects: 0.309700 ms CreateObjectMapping: 0.156400 ms MarkObjects: 3.918300 ms  DeleteObjects: 0.137800 ms)

AssetImportParameters requested are different than current active one (requested -> active):
  custom:container-demuxer-ogg: 62fdf1f143b41e24485cea50d1cbac27 -> 
  custom:video-codec-MediaFoundation-h265: 746d11721c4dcdbdad8f713fa42b33f4 -> 
  custom:video-decoder-ogg-theora: a1e56fd34408186e4bbccfd4996cb3dc -> 
  custom:framework-win-MediaFoundation: 216162199b28c13a410421893ffa2e32 -> 
  custom:CustomObjectIndexerAttribute: 43b350a4d6e6d1791af0b5038c4bea17 -> 
  custom:container-demuxer-webm: 4f35f7cbe854078d1ac9338744f61a02 -> 
  custom:container-muxer-webm: aa71ff27fc2769a1b78a27578f13a17b -> 
  custom:video-decoder-webm-vp8: 9c59270c3fd7afecdb556c50c9e8de78 -> 
  custom:SearchIndexIgnoredProperties: e643bd26f0fe6173181afceb89e7c659 -> 
  custom:AudioImporter_EditorPlatform: d09bf68614088b80899f8185d706f6e7 -> 
  custom:video-encoder-webm-vp8: eb34c28f22e8b96e1ab97ce403110664 -> 
  custom:audio-decoder-ogg-vorbis: bf7c407c2cedff20999df2af8eb42d56 -> 
  custom:audio-encoder-webm-vorbis: bf7c407c2cedff20999df2af8eb42d56 -> 
========================================================================
Received Import Request.
  Time since last request: 448370.354880 seconds.
  path: Assets/ModularHousePack1/Prefabs/Modules/Floors/Floor2.prefab
  artifactKey: Guid(98ccaac5ef4cded498a86349bc17f210) Importer(815301076,1909f56bfc062723c751e8b465ee728b)
Start importing Assets/ModularHousePack1/Prefabs/Modules/Floors/Floor2.prefab using Guid(98ccaac5ef4cded498a86349bc17f210) Importer(815301076,1909f56bfc062723c751e8b465ee728b)  -> (artifact id: '3f472f0f3344a403a17dac8494a3be31') in 0.297675 seconds
Number of updated asset objects reloaded before import = 0
Number of asset objects unloaded after import = 41
========================================================================
Received Import Request.
  Time since last request: 2.643989 seconds.
  path: Assets/ModularHousePack1/Prefabs/Modules/Floors/Parts/Interior_Floor_Up.prefab
  artifactKey: Guid(989a9b55bc3f4ec428b6f8a1b6783c8d) Importer(815301076,1909f56bfc062723c751e8b465ee728b)
Start importing Assets/ModularHousePack1/Prefabs/Modules/Floors/Parts/Interior_Floor_Up.prefab using Guid(989a9b55bc3f4ec428b6f8a1b6783c8d) Importer(815301076,1909f56bfc062723c751e8b465ee728b)  -> (artifact id: 'b47ac9355975b9c7a9b30e22c34d8207') in 0.028504 seconds
Number of updated asset objects reloaded before import = 0
Number of asset objects unloaded after import = 11
========================================================================
Received Import Request.
  Time since last request: 0.000041 seconds.
  path: Assets/ModularHousePack1/Prefabs/Modules/Floors/Parts/Interior_FloorToRoof_Up.prefab
  artifactKey: Guid(515421c9cde82904484842a01492abf8) Importer(815301076,1909f56bfc062723c751e8b465ee728b)
Start importing Assets/ModularHousePack1/Prefabs/Modules/Floors/Parts/Interior_FloorToRoof_Up.prefab using Guid(515421c9cde82904484842a01492abf8) Importer(815301076,1909f56bfc062723c751e8b465ee728b)  -> (artifact id: '00235d873916ac2f03d7709da4821c41') in 0.034572 seconds
Number of updated asset objects reloaded before import = 0
Number of asset objects unloaded after import = 11
========================================================================
Received Import Request.
  Time since last request: 3.127909 seconds.
  path: Assets/ModularHousePack1/Prefabs/Modules/Roads/Road_2.prefab
  artifactKey: Guid(14eff43560d00ad48a0e0a14bce124d6) Importer(815301076,1909f56bfc062723c751e8b465ee728b)
Start importing Assets/ModularHousePack1/Prefabs/Modules/Roads/Road_2.prefab using Guid(14eff43560d00ad48a0e0a14bce124d6) Importer(815301076,1909f56bfc062723c751e8b465ee728b)  -> (artifact id: 'eeb82723245aa6b318a10ec56b28732d') in 0.158953 seconds
Number of updated asset objects reloaded before import = 0
Number of asset objects unloaded after import = 152
========================================================================
Received Import Request.
  Time since last request: 0.000158 seconds.
  path: Assets/ModularHousePack1/Prefabs/Modules/Roads/Road_4.prefab
  artifactKey: Guid(7b9f3c8d21e94104890a51e94bdb7178) Importer(815301076,1909f56bfc062723c751e8b465ee728b)
Start importing Assets/ModularHousePack1/Prefabs/Modules/Roads/Road_4.prefab using Guid(7b9f3c8d21e94104890a51e94bdb7178) Importer(815301076,1909f56bfc062723c751e8b465ee728b)  -> (artifact id: '2882f4c67a90d5c8bbb919a2c94b34e5') in 0.139916 seconds
Number of updated asset objects reloaded before import = 0
Number of asset objects unloaded after import = 119
========================================================================
Received Import Request.
  Time since last request: 0.000081 seconds.
  path: Assets/ModularHousePack1/Prefabs/Modules/Roads/Road_5.prefab
  artifactKey: Guid(ac978f16bc4a5e54bb39bc04fc76b166) Importer(815301076,1909f56bfc062723c751e8b465ee728b)
Start importing Assets/ModularHousePack1/Prefabs/Modules/Roads/Road_5.prefab using Guid(ac978f16bc4a5e54bb39bc04fc76b166) Importer(815301076,1909f56bfc062723c751e8b465ee728b)  -> (artifact id: 'd879dc0464262919b9b2e3b478c5269b') in 0.072139 seconds
Number of updated asset objects reloaded before import = 0
Number of asset objects unloaded after import = 61
========================================================================
Received Import Request.
  Time since last request: 26.603654 seconds.
  path: Assets/ModularHousePack1/Prefabs/Modules/Roads/Parts/Pavement_1.prefab
  artifactKey: Guid(cd5ee2e9de7f79349bd62291a3bc97b9) Importer(815301076,1909f56bfc062723c751e8b465ee728b)
Start importing Assets/ModularHousePack1/Prefabs/Modules/Roads/Parts/Pavement_1.prefab using Guid(cd5ee2e9de7f79349bd62291a3bc97b9) Importer(815301076,1909f56bfc062723c751e8b465ee728b)  -> (artifact id: '14c3b53b157d25bfbcee4d1b1db21409') in 0.043714 seconds
Number of updated asset objects reloaded before import = 0
Number of asset objects unloaded after import = 13
========================================================================
Received Import Request.
  Time since last request: 0.000034 seconds.
  path: Assets/ModularHousePack1/Prefabs/Modules/Roads/Parts/Sewer.prefab
  artifactKey: Guid(1b666f9f236058140a75290cef765719) Importer(815301076,1909f56bfc062723c751e8b465ee728b)
Start importing Assets/ModularHousePack1/Prefabs/Modules/Roads/Parts/Sewer.prefab using Guid(1b666f9f236058140a75290cef765719) Importer(815301076,1909f56bfc062723c751e8b465ee728b)  -> (artifact id: '37c20400985d106dbdacaa5127638796') in 0.059484 seconds
Number of updated asset objects reloaded before import = 0
Number of asset objects unloaded after import = 12
========================================================================
Received Import Request.
  Time since last request: 0.000054 seconds.
  path: Assets/ModularHousePack1/Prefabs/Modules/Roads/Parts/Road_1.prefab
  artifactKey: Guid(3133e5149236b8d4cbc502ebd3a2b25f) Importer(815301076,1909f56bfc062723c751e8b465ee728b)
Start importing Assets/ModularHousePack1/Prefabs/Modules/Roads/Parts/Road_1.prefab using Guid(3133e5149236b8d4cbc502ebd3a2b25f) Importer(815301076,1909f56bfc062723c751e8b465ee728b)  -> (artifact id: 'a7d891b22c043e0e7c592e2eb3fa5731') in 0.054322 seconds
Number of updated asset objects reloaded before import = 0
Number of asset objects unloaded after import = 12
========================================================================
Received Import Request.
  Time since last request: 0.000054 seconds.
  path: Assets/ModularHousePack1/Prefabs/Modules/Roads/Parts/Pavement_2.prefab
  artifactKey: Guid(67fb80768041ca648adba793bae28b6e) Importer(815301076,1909f56bfc062723c751e8b465ee728b)
Start importing Assets/ModularHousePack1/Prefabs/Modules/Roads/Parts/Pavement_2.prefab using Guid(67fb80768041ca648adba793bae28b6e) Importer(815301076,1909f56bfc062723c751e8b465ee728b)  -> (artifact id: '34cb02fde9b0cfd9e95b75f9bb4f7126') in 0.045854 seconds
Number of updated asset objects reloaded before import = 0
Number of asset objects unloaded after import = 13
========================================================================
Received Import Request.
  Time since last request: 0.000051 seconds.
  path: Assets/ModularHousePack1/Prefabs/Modules/Roads/Parts/Road_5.prefab
  artifactKey: Guid(c22d7a0efa417a74aadb83bc4c94df24) Importer(815301076,1909f56bfc062723c751e8b465ee728b)
Start importing Assets/ModularHousePack1/Prefabs/Modules/Roads/Parts/Road_5.prefab using Guid(c22d7a0efa417a74aadb83bc4c94df24) Importer(815301076,1909f56bfc062723c751e8b465ee728b)  -> (artifact id: 'b4d97d2755830cc3dd4ca290d3af1ca6') in 0.047531 seconds
Number of updated asset objects reloaded before import = 0
Number of asset objects unloaded after import = 12
========================================================================
Received Import Request.
  Time since last request: 0.000030 seconds.
  path: Assets/ModularHousePack1/Prefabs/Modules/Roads/Parts/Slab_3.prefab
  artifactKey: Guid(5eb4cd7b2948ce241a0eede50313b3cd) Importer(815301076,1909f56bfc062723c751e8b465ee728b)
Start importing Assets/ModularHousePack1/Prefabs/Modules/Roads/Parts/Slab_3.prefab using Guid(5eb4cd7b2948ce241a0eede50313b3cd) Importer(815301076,1909f56bfc062723c751e8b465ee728b)  -> (artifact id: 'de4e7b1b0c1eb376648d4ed6ce58a2f0') in 0.053133 seconds
Number of updated asset objects reloaded before import = 0
Number of asset objects unloaded after import = 12
========================================================================
Received Import Request.
  Time since last request: 0.000060 seconds.
  path: Assets/ModularHousePack1/Prefabs/Modules/Roads/Parts/Pavement_4.prefab
  artifactKey: Guid(b4a25529b95c7da4d9397daed0afba44) Importer(815301076,1909f56bfc062723c751e8b465ee728b)
Start importing Assets/ModularHousePack1/Prefabs/Modules/Roads/Parts/Pavement_4.prefab using Guid(b4a25529b95c7da4d9397daed0afba44) Importer(815301076,1909f56bfc062723c751e8b465ee728b)  -> (artifact id: '5de9e8975ed139e39fab18e4fa72fe31') in 0.052962 seconds
Number of updated asset objects reloaded before import = 0
Number of asset objects unloaded after import = 14
========================================================================
Received Import Request.
  Time since last request: 0.000040 seconds.
  path: Assets/ModularHousePack1/Prefabs/Modules/Roads/Parts/Streetlight_Post.prefab
  artifactKey: Guid(984a81660ecdcf548a3c063812ba4ef2) Importer(815301076,1909f56bfc062723c751e8b465ee728b)
Start importing Assets/ModularHousePack1/Prefabs/Modules/Roads/Parts/Streetlight_Post.prefab using Guid(984a81660ecdcf548a3c063812ba4ef2) Importer(815301076,1909f56bfc062723c751e8b465ee728b)  -> (artifact id: '1ac74a894404549b372a003b01a57e1f') in 0.045843 seconds
Number of updated asset objects reloaded before import = 0
Number of asset objects unloaded after import = 13
Editor requested this worker to shutdown with reason: Scaling down because of idle timeout
TcpMessagingSession - receive error: operation aborted. errorcode: 995, details: The I/O operation has been aborted because of either a thread exit or an application request.
AssetImportWorker is now disconnected from the server
Process exiting
Exiting without the bug reporter. Application will terminate with return code 0