Using pre-set license
Built from '2022.3/staging' branch; Version is '2022.3.15f1 (b58023a2b463) revision 11894819'; Using compiler version '192829333'; Build Type 'Release'
OS: 'Windows 11  (10.0.22621) 64bit Core' Language: 'en' Physical Memory: 15773 MB
BatchMode: 1, IsHumanControllingUs: 0, StartBugReporterOnCrash: 0, Is64bit: 1, IsPro: 1

COMMAND LINE ARGUMENTS:
C:\Program Files\Unity\Hub\Editor\2022.3.15f1\Editor\Unity.exe
-adb2
-batchMode
-noUpm
-name
AssetImportWorker26
-projectPath
C:/Users/zeuss/final
-logFile
Logs/AssetImportWorker26.log
-srvPort
64119
Successfully changed project path to: C:/Users/zeuss/final
C:/Users/zeuss/final
[UnityMemory] Configuration Parameters - Can be set up in boot.config
    "memorysetup-bucket-allocator-granularity=16"
    "memorysetup-bucket-allocator-bucket-count=8"
    "memorysetup-bucket-allocator-block-size=33554432"
    "memorysetup-bucket-allocator-block-count=8"
    "memorysetup-main-allocator-block-size=16777216"
    "memorysetup-thread-allocator-block-size=16777216"
    "memorysetup-gfx-main-allocator-block-size=16777216"
    "memorysetup-gfx-thread-allocator-block-size=16777216"
    "memorysetup-cache-allocator-block-size=4194304"
    "memorysetup-typetree-allocator-block-size=2097152"
    "memorysetup-profiler-bucket-allocator-granularity=16"
    "memorysetup-profiler-bucket-allocator-bucket-count=8"
    "memorysetup-profiler-bucket-allocator-block-size=33554432"
    "memorysetup-profiler-bucket-allocator-block-count=8"
    "memorysetup-profiler-allocator-block-size=16777216"
    "memorysetup-profiler-editor-allocator-block-size=1048576"
    "memorysetup-temp-allocator-size-main=16777216"
    "memorysetup-job-temp-allocator-block-size=2097152"
    "memorysetup-job-temp-allocator-block-size-background=1048576"
    "memorysetup-job-temp-allocator-reduction-small-platforms=262144"
    "memorysetup-allocator-temp-initial-block-size-main=262144"
    "memorysetup-allocator-temp-initial-block-size-worker=262144"
    "memorysetup-temp-allocator-size-background-worker=32768"
    "memorysetup-temp-allocator-size-job-worker=262144"
    "memorysetup-temp-allocator-size-preload-manager=33554432"
    "memorysetup-temp-allocator-size-nav-mesh-worker=65536"
    "memorysetup-temp-allocator-size-audio-worker=65536"
    "memorysetup-temp-allocator-size-cloud-worker=32768"
    "memorysetup-temp-allocator-size-gi-baking-worker=262144"
    "memorysetup-temp-allocator-size-gfx=262144"
Player connection [40168] Host "[IP] 192.168.75.1 [Port] 0 [Flags] 2 [Guid] 3163942158 [EditorId] 3163942158 [Version] 1048832 [Id] WindowsEditor(7,Aussiebeeff) [Debug] 1 [PackageName] WindowsEditor [ProjectName] Editor" joined multi-casting on [225.0.0.222:54997]...

Player connection [40168] Host "[IP] 192.168.75.1 [Port] 0 [Flags] 2 [Guid] 3163942158 [EditorId] 3163942158 [Version] 1048832 [Id] WindowsEditor(7,Aussiebeeff) [Debug] 1 [PackageName] WindowsEditor [ProjectName] Editor" joined alternative multi-casting on [225.0.0.222:34997]...

[Physics::Module] Initialized MultithreadedJobDispatcher with 15 workers.
Refreshing native plugins compatible for Editor in 17.82 ms, found 3 plugins.
Preloading 0 native plugins for Editor in 0.00 ms.
Initialize engine version: 2022.3.15f1 (b58023a2b463)
[Subsystems] Discovering subsystems at path C:/Program Files/Unity/Hub/Editor/2022.3.15f1/Editor/Data/Resources/UnitySubsystems
[Subsystems] Discovering subsystems at path C:/Users/zeuss/final/Assets
GfxDevice: creating device client; threaded=0; jobified=0
Direct3D:
    Version:  Direct3D 11.0 [level 11.1]
    Renderer: NVIDIA GeForce RTX 3050 Ti Laptop GPU (ID=0x25a0)
    Vendor:   NVIDIA
    VRAM:     3977 MB
    Driver:   31.0.15.4617
Initialize mono
Mono path[0] = 'C:/Program Files/Unity/Hub/Editor/2022.3.15f1/Editor/Data/Managed'
Mono path[1] = 'C:/Program Files/Unity/Hub/Editor/2022.3.15f1/Editor/Data/MonoBleedingEdge/lib/mono/unityjit-win32'
Mono config path = 'C:/Program Files/Unity/Hub/Editor/2022.3.15f1/Editor/Data/MonoBleedingEdge/etc'
Using monoOptions --debugger-agent=transport=dt_socket,embedding=1,server=y,suspend=n,address=127.0.0.1:56636
Begin MonoManager ReloadAssembly
Registering precompiled unity dll's ...
Register platform support module: C:/Program Files/Unity/Hub/Editor/2022.3.15f1/Editor/Data/PlaybackEngines/WebGLSupport/UnityEditor.WebGL.Extensions.dll
Register platform support module: C:/Program Files/Unity/Hub/Editor/2022.3.15f1/Editor/Data/PlaybackEngines/WindowsStandaloneSupport/UnityEditor.WindowsStandalone.Extensions.dll
Registered in 0.022357 seconds.
- Loaded All Assemblies, in  0.653 seconds
Native extension for WindowsStandalone target not found
Native extension for WebGL target not found
Mono: successfully reloaded assembly
- Finished resetting the current domain, in  0.438 seconds
Domain Reload Profiling: 1086ms
	BeginReloadAssembly (227ms)
		ExecutionOrderSort (0ms)
		DisableScriptedObjects (0ms)
		BackupInstance (0ms)
		ReleaseScriptingObjects (0ms)
		CreateAndSetChildDomain (1ms)
	RebuildCommonClasses (67ms)
	RebuildNativeTypeToScriptingClass (19ms)
	initialDomainReloadingComplete (109ms)
	LoadAllAssembliesAndSetupDomain (226ms)
		LoadAssemblies (221ms)
		RebuildTransferFunctionScriptingTraits (0ms)
		AnalyzeDomain (222ms)
			TypeCache.Refresh (220ms)
				TypeCache.ScanAssembly (200ms)
			ScanForSourceGeneratedMonoScriptInfo (0ms)
			ResolveRequiredComponents (1ms)
	FinalizeReload (438ms)
		ReleaseScriptCaches (0ms)
		RebuildScriptCaches (0ms)
		SetupLoadedEditorAssemblies (341ms)
			LogAssemblyErrors (0ms)
			InitializePlatformSupportModulesInManaged (19ms)
			SetLoadedEditorAssemblies (8ms)
			RefreshPlugins (0ms)
			BeforeProcessingInitializeOnLoad (4ms)
			ProcessInitializeOnLoadAttributes (219ms)
			ProcessInitializeOnLoadMethodAttributes (92ms)
			AfterProcessingInitializeOnLoad (0ms)
			EditorAssembliesLoaded (0ms)
		ExecutionOrderSort2 (0ms)
		AwakeInstancesAfterBackupRestoration (0ms)
========================================================================
Worker process is ready to serve import requests
Begin MonoManager ReloadAssembly
- Loaded All Assemblies, in  1.002 seconds
Refreshing native plugins compatible for Editor in 7.04 ms, found 3 plugins.
Native extension for WindowsStandalone target not found
Native extension for WebGL target not found
Package Manager log level set to [2]
[Package Manager] Server::EnsureServerProcessIsRunning -- launch failed, reason: Unity was launched with the -noUpm command-line argument
[Package Manager] UpmClient::Send -- Unable to send message (not connected to UPM process).
[Package Manager] Cannot connect to Unity Package Manager local server
Mono: successfully reloaded assembly
- Finished resetting the current domain, in  1.093 seconds
Domain Reload Profiling: 2087ms
	BeginReloadAssembly (232ms)
		ExecutionOrderSort (0ms)
		DisableScriptedObjects (7ms)
		BackupInstance (0ms)
		ReleaseScriptingObjects (0ms)
		CreateAndSetChildDomain (30ms)
	RebuildCommonClasses (69ms)
	RebuildNativeTypeToScriptingClass (19ms)
	initialDomainReloadingComplete (90ms)
	LoadAllAssembliesAndSetupDomain (583ms)
		LoadAssemblies (491ms)
		RebuildTransferFunctionScriptingTraits (0ms)
		AnalyzeDomain (223ms)
			TypeCache.Refresh (185ms)
				TypeCache.ScanAssembly (163ms)
			ScanForSourceGeneratedMonoScriptInfo (28ms)
			ResolveRequiredComponents (8ms)
	FinalizeReload (1094ms)
		ReleaseScriptCaches (0ms)
		RebuildScriptCaches (0ms)
		SetupLoadedEditorAssemblies (827ms)
			LogAssemblyErrors (0ms)
			InitializePlatformSupportModulesInManaged (23ms)
			SetLoadedEditorAssemblies (9ms)
			RefreshPlugins (0ms)
			BeforeProcessingInitializeOnLoad (207ms)
			ProcessInitializeOnLoadAttributes (551ms)
			ProcessInitializeOnLoadMethodAttributes (25ms)
			AfterProcessingInitializeOnLoad (12ms)
			EditorAssembliesLoaded (0ms)
		ExecutionOrderSort2 (0ms)
		AwakeInstancesAfterBackupRestoration (16ms)
Launched and connected shader compiler UnityShaderCompiler.exe after 0.09 seconds
Refreshing native plugins compatible for Editor in 9.28 ms, found 3 plugins.
Preloading 0 native plugins for Editor in 0.00 ms.
Unloading 3083 Unused Serialized files (Serialized files now loaded: 0)
Unloading 32 unused Assets / (56.8 KB). Loaded Objects now: 3552.
Memory consumption went from 124.6 MB to 124.6 MB.
Total: 6.040700 ms (FindLiveObjects: 0.287300 ms CreateObjectMapping: 0.221800 ms MarkObjects: 5.379400 ms  DeleteObjects: 0.151000 ms)

AssetImportParameters requested are different than current active one (requested -> active):
  custom:container-demuxer-ogg: 62fdf1f143b41e24485cea50d1cbac27 -> 
  custom:video-codec-MediaFoundation-h265: 746d11721c4dcdbdad8f713fa42b33f4 -> 
  custom:video-decoder-ogg-theora: a1e56fd34408186e4bbccfd4996cb3dc -> 
  custom:framework-win-MediaFoundation: 216162199b28c13a410421893ffa2e32 -> 
  custom:CustomObjectIndexerAttribute: 43b350a4d6e6d1791af0b5038c4bea17 -> 
  custom:container-demuxer-webm: 4f35f7cbe854078d1ac9338744f61a02 -> 
  custom:container-muxer-webm: aa71ff27fc2769a1b78a27578f13a17b -> 
  custom:video-decoder-webm-vp8: 9c59270c3fd7afecdb556c50c9e8de78 -> 
  custom:SearchIndexIgnoredProperties: e643bd26f0fe6173181afceb89e7c659 -> 
  custom:AudioImporter_EditorPlatform: d09bf68614088b80899f8185d706f6e7 -> 
  custom:video-encoder-webm-vp8: eb34c28f22e8b96e1ab97ce403110664 -> 
  custom:audio-decoder-ogg-vorbis: bf7c407c2cedff20999df2af8eb42d56 -> 
  custom:audio-encoder-webm-vorbis: bf7c407c2cedff20999df2af8eb42d56 -> 
========================================================================
Received Import Request.
  Time since last request: 455188.224370 seconds.
  path: Assets/ModularHousePack1/Prefabs/Modules/Doors/Door_2A.prefab
  artifactKey: Guid(750b5b79ce0ce464bbb70d0166296e9d) Importer(815301076,1909f56bfc062723c751e8b465ee728b)
Start importing Assets/ModularHousePack1/Prefabs/Modules/Doors/Door_2A.prefab using Guid(750b5b79ce0ce464bbb70d0166296e9d) Importer(815301076,1909f56bfc062723c751e8b465ee728b)  -> (artifact id: '0f33c6372bbdb63c336e53886261c2fa') in 0.286644 seconds
Number of updated asset objects reloaded before import = 0
Number of asset objects unloaded after import = 129
========================================================================
Received Import Request.
  Time since last request: 1.309184 seconds.
  path: Assets/ModularHousePack1/Prefabs/Modules/Doors/Parts/Exterior_Door_Baseboard.prefab
  artifactKey: Guid(79c6b4bb7db855848bb6b092a84b5104) Importer(815301076,1909f56bfc062723c751e8b465ee728b)
Start importing Assets/ModularHousePack1/Prefabs/Modules/Doors/Parts/Exterior_Door_Baseboard.prefab using Guid(79c6b4bb7db855848bb6b092a84b5104) Importer(815301076,1909f56bfc062723c751e8b465ee728b)  -> (artifact id: 'fa2a4d65c5d1c75818e817702863e970') in 0.034653 seconds
Number of updated asset objects reloaded before import = 0
Number of asset objects unloaded after import = 11
========================================================================
Received Import Request.
  Time since last request: 0.005005 seconds.
  path: Assets/ModularHousePack1/Prefabs/Modules/Doors/Parts/Exterior_Door_HingesA.prefab
  artifactKey: Guid(883b0d6e7385b014c8d33e0586cb42be) Importer(815301076,1909f56bfc062723c751e8b465ee728b)
Start importing Assets/ModularHousePack1/Prefabs/Modules/Doors/Parts/Exterior_Door_HingesA.prefab using Guid(883b0d6e7385b014c8d33e0586cb42be) Importer(815301076,1909f56bfc062723c751e8b465ee728b)  -> (artifact id: '10d206f22adf1db49cf8626c4ca4c5e8') in 0.054292 seconds
Number of updated asset objects reloaded before import = 0
Number of asset objects unloaded after import = 12
========================================================================
Received Import Request.
  Time since last request: 0.000031 seconds.
  path: Assets/ModularHousePack1/Prefabs/Modules/Doors/Parts/Exterior_Doorhandle.prefab
  artifactKey: Guid(99504df19992cb14ab3fb85911305df3) Importer(815301076,1909f56bfc062723c751e8b465ee728b)
Start importing Assets/ModularHousePack1/Prefabs/Modules/Doors/Parts/Exterior_Doorhandle.prefab using Guid(99504df19992cb14ab3fb85911305df3) Importer(815301076,1909f56bfc062723c751e8b465ee728b)  -> (artifact id: '36c6518c6c007ef2fb08d8e3c9c4c81e') in 0.056995 seconds
Number of updated asset objects reloaded before import = 0
Number of asset objects unloaded after import = 12
========================================================================
Received Import Request.
  Time since last request: 0.000045 seconds.
  path: Assets/ModularHousePack1/Prefabs/Modules/Doors/Parts/Interior_Door_Lock.prefab
  artifactKey: Guid(08f110985fcd3b148b2f4fea2a9672d0) Importer(815301076,1909f56bfc062723c751e8b465ee728b)
Start importing Assets/ModularHousePack1/Prefabs/Modules/Doors/Parts/Interior_Door_Lock.prefab using Guid(08f110985fcd3b148b2f4fea2a9672d0) Importer(815301076,1909f56bfc062723c751e8b465ee728b)  -> (artifact id: '12475eb5e68ecc245ada8a4cbcbf289c') in 0.076094 seconds
Number of updated asset objects reloaded before import = 0
Number of asset objects unloaded after import = 12
========================================================================
Received Import Request.
  Time since last request: 0.000062 seconds.
  path: Assets/ModularHousePack1/Prefabs/Modules/Doors/Parts/ExteriorToInterior_Door_Wall.prefab
  artifactKey: Guid(aa8e4509ee372b44b9b708e7672aa86d) Importer(815301076,1909f56bfc062723c751e8b465ee728b)
Start importing Assets/ModularHousePack1/Prefabs/Modules/Doors/Parts/ExteriorToInterior_Door_Wall.prefab using Guid(aa8e4509ee372b44b9b708e7672aa86d) Importer(815301076,1909f56bfc062723c751e8b465ee728b)  -> (artifact id: '92c795b002f5c8a8e7d14b16fbb33ef5') in 0.046425 seconds
Number of updated asset objects reloaded before import = 0
Number of asset objects unloaded after import = 10
========================================================================
Received Import Request.
  Time since last request: 0.000045 seconds.
  path: Assets/ModularHousePack1/Prefabs/Modules/Doors/Parts/Exterior_Door_Pommel.prefab
  artifactKey: Guid(dadddd395936d3d439434bf21d645680) Importer(815301076,1909f56bfc062723c751e8b465ee728b)
Start importing Assets/ModularHousePack1/Prefabs/Modules/Doors/Parts/Exterior_Door_Pommel.prefab using Guid(dadddd395936d3d439434bf21d645680) Importer(815301076,1909f56bfc062723c751e8b465ee728b)  -> (artifact id: 'cc8e9aa0676cb5bc367f373689327ffe') in 0.054304 seconds
Number of updated asset objects reloaded before import = 0
Number of asset objects unloaded after import = 12
========================================================================
Received Import Request.
  Time since last request: 0.000042 seconds.
  path: Assets/ModularHousePack1/Prefabs/Modules/Doors/Parts/Exterior_Door_HingesB.prefab
  artifactKey: Guid(ddf0fb2eba698b44281d1997267982c2) Importer(815301076,1909f56bfc062723c751e8b465ee728b)
Start importing Assets/ModularHousePack1/Prefabs/Modules/Doors/Parts/Exterior_Door_HingesB.prefab using Guid(ddf0fb2eba698b44281d1997267982c2) Importer(815301076,1909f56bfc062723c751e8b465ee728b)  -> (artifact id: '5e476173c36b0f51eed3acbad536047b') in 0.065309 seconds
Number of updated asset objects reloaded before import = 0
Number of asset objects unloaded after import = 12
========================================================================
Received Import Request.
  Time since last request: 0.000037 seconds.
  path: Assets/ModularHousePack1/Prefabs/Modules/Doors/Parts/Interior_Door.prefab
  artifactKey: Guid(c7049498fdae1fa4992800082e31571c) Importer(815301076,1909f56bfc062723c751e8b465ee728b)
Start importing Assets/ModularHousePack1/Prefabs/Modules/Doors/Parts/Interior_Door.prefab using Guid(c7049498fdae1fa4992800082e31571c) Importer(815301076,1909f56bfc062723c751e8b465ee728b)  -> (artifact id: '8cf2cfc72adf03b0079e2846c976eac1') in 0.046723 seconds
Number of updated asset objects reloaded before import = 0
Number of asset objects unloaded after import = 12
========================================================================
Received Import Request.
  Time since last request: 0.000036 seconds.
  path: Assets/ModularHousePack1/Prefabs/Modules/Doors/Parts/Exterior_Door_Wall.prefab
  artifactKey: Guid(f26f109289c64474ba24a13aada60740) Importer(815301076,1909f56bfc062723c751e8b465ee728b)
Start importing Assets/ModularHousePack1/Prefabs/Modules/Doors/Parts/Exterior_Door_Wall.prefab using Guid(f26f109289c64474ba24a13aada60740) Importer(815301076,1909f56bfc062723c751e8b465ee728b)  -> (artifact id: 'eca5541303fbcf2eb64427d10b8db6e1') in 0.055368 seconds
Number of updated asset objects reloaded before import = 0
Number of asset objects unloaded after import = 15
========================================================================
Received Import Request.
  Time since last request: 0.000053 seconds.
  path: Assets/ModularHousePack1/Prefabs/Modules/Doors/Parts/Interior_Door_HingesB.prefab
  artifactKey: Guid(c249fc6e3f813f14dbe21617804ed17f) Importer(815301076,1909f56bfc062723c751e8b465ee728b)
Start importing Assets/ModularHousePack1/Prefabs/Modules/Doors/Parts/Interior_Door_HingesB.prefab using Guid(c249fc6e3f813f14dbe21617804ed17f) Importer(815301076,1909f56bfc062723c751e8b465ee728b)  -> (artifact id: '29de983569ad0e153013d0ae7ead9a88') in 0.044147 seconds
Number of updated asset objects reloaded before import = 0
Number of asset objects unloaded after import = 12
========================================================================
Received Import Request.
  Time since last request: 5.175234 seconds.
  path: Assets/ModularHousePack1/Prefabs/Modules/Stairs/Stairs_1B.prefab
  artifactKey: Guid(f92d78dadfcab204787fcc670a0c3922) Importer(815301076,1909f56bfc062723c751e8b465ee728b)
Start importing Assets/ModularHousePack1/Prefabs/Modules/Stairs/Stairs_1B.prefab using Guid(f92d78dadfcab204787fcc670a0c3922) Importer(815301076,1909f56bfc062723c751e8b465ee728b)  -> (artifact id: '7bf0109b699a61017846c13f3db8cbe2') in 0.079740 seconds
Number of updated asset objects reloaded before import = 0
Number of asset objects unloaded after import = 161
========================================================================
Received Import Request.
  Time since last request: 0.000035 seconds.
  path: Assets/ModularHousePack1/Prefabs/Modules/Stairs/Stairs_3B.prefab
  artifactKey: Guid(c0804da773bf1ed43b03138c53a0e865) Importer(815301076,1909f56bfc062723c751e8b465ee728b)
Start importing Assets/ModularHousePack1/Prefabs/Modules/Stairs/Stairs_3B.prefab using Guid(c0804da773bf1ed43b03138c53a0e865) Importer(815301076,1909f56bfc062723c751e8b465ee728b)  -> (artifact id: 'e2044a4853bfbc1f005ab8ca8ba55b92') in 0.138814 seconds
Number of updated asset objects reloaded before import = 0
Number of asset objects unloaded after import = 169
========================================================================
Received Import Request.
  Time since last request: 0.000050 seconds.
  path: Assets/ModularHousePack1/Prefabs/Modules/Stairs/Stairs_4B.prefab
  artifactKey: Guid(8e9d29f60e7f7f04e8a72005b29d3e32) Importer(815301076,1909f56bfc062723c751e8b465ee728b)
Start importing Assets/ModularHousePack1/Prefabs/Modules/Stairs/Stairs_4B.prefab using Guid(8e9d29f60e7f7f04e8a72005b29d3e32) Importer(815301076,1909f56bfc062723c751e8b465ee728b)  -> (artifact id: '27aeb0e15a8dd7c050dfbb7c48547d18') in 0.110473 seconds
Number of updated asset objects reloaded before import = 0
Number of asset objects unloaded after import = 180
========================================================================
Received Import Request.
  Time since last request: 0.000047 seconds.
  path: Assets/ModularHousePack1/Prefabs/Modules/Stairs/Stairs_2A.prefab
  artifactKey: Guid(7ef8f970a729f264590d125b80a52995) Importer(815301076,1909f56bfc062723c751e8b465ee728b)
Start importing Assets/ModularHousePack1/Prefabs/Modules/Stairs/Stairs_2A.prefab using Guid(7ef8f970a729f264590d125b80a52995) Importer(815301076,1909f56bfc062723c751e8b465ee728b)  -> (artifact id: '934e968d71aa409cbe4db3bef3348ba4') in 0.099055 seconds
Number of updated asset objects reloaded before import = 0
Number of asset objects unloaded after import = 153
========================================================================
Received Import Request.
  Time since last request: 0.000052 seconds.
  path: Assets/ModularHousePack1/Prefabs/Modules/Stairs/Stairs_4A.prefab
  artifactKey: Guid(3ef7ccb589cd5c24790af1ae146d1a24) Importer(815301076,1909f56bfc062723c751e8b465ee728b)
Start importing Assets/ModularHousePack1/Prefabs/Modules/Stairs/Stairs_4A.prefab using Guid(3ef7ccb589cd5c24790af1ae146d1a24) Importer(815301076,1909f56bfc062723c751e8b465ee728b)  -> (artifact id: '2ac1191986dc072cc4ba6159a14330cc') in 0.082837 seconds
Number of updated asset objects reloaded before import = 0
Number of asset objects unloaded after import = 181
========================================================================
Received Import Request.
  Time since last request: 0.353233 seconds.
  path: Assets/ModularHousePack1/Prefabs/Modules/Walls/Wall_1B.prefab
  artifactKey: Guid(30a4853d16a9aea4ba5ede2026f9be51) Importer(815301076,1909f56bfc062723c751e8b465ee728b)
Start importing Assets/ModularHousePack1/Prefabs/Modules/Walls/Wall_1B.prefab using Guid(30a4853d16a9aea4ba5ede2026f9be51) Importer(815301076,1909f56bfc062723c751e8b465ee728b)  -> (artifact id: '9db850b3e3830edb9603f7c485e7272e') in 0.059585 seconds
Number of updated asset objects reloaded before import = 0
Number of asset objects unloaded after import = 37
========================================================================
Received Import Request.
  Time since last request: 0.000041 seconds.
  path: Assets/ModularHousePack1/Prefabs/Modules/Walls/Wall_2F.prefab
  artifactKey: Guid(8fb0975a029d13847b8b987825cc70cd) Importer(815301076,1909f56bfc062723c751e8b465ee728b)
Start importing Assets/ModularHousePack1/Prefabs/Modules/Walls/Wall_2F.prefab using Guid(8fb0975a029d13847b8b987825cc70cd) Importer(815301076,1909f56bfc062723c751e8b465ee728b)  -> (artifact id: 'ea01de18f063a5d19528801ae67d761a') in 0.048975 seconds
Number of updated asset objects reloaded before import = 0
Number of asset objects unloaded after import = 35
========================================================================
Received Import Request.
  Time since last request: 0.000064 seconds.
  path: Assets/ModularHousePack1/Prefabs/Modules/Walls/Wall_2B.prefab
  artifactKey: Guid(d6e2c8bf9837afb43aaf81d2205c950c) Importer(815301076,1909f56bfc062723c751e8b465ee728b)
Start importing Assets/ModularHousePack1/Prefabs/Modules/Walls/Wall_2B.prefab using Guid(d6e2c8bf9837afb43aaf81d2205c950c) Importer(815301076,1909f56bfc062723c751e8b465ee728b)  -> (artifact id: '16f29367b7b69b3445ddcf84d8d90d25') in 0.049520 seconds
Number of updated asset objects reloaded before import = 0
Number of asset objects unloaded after import = 51
========================================================================
Received Import Request.
  Time since last request: 0.000033 seconds.
  path: Assets/ModularHousePack1/Prefabs/Modules/Walls/Wall_2A.prefab
  artifactKey: Guid(9ecc2ebd70186d24e9bf13c60234c241) Importer(815301076,1909f56bfc062723c751e8b465ee728b)
Start importing Assets/ModularHousePack1/Prefabs/Modules/Walls/Wall_2A.prefab using Guid(9ecc2ebd70186d24e9bf13c60234c241) Importer(815301076,1909f56bfc062723c751e8b465ee728b)  -> (artifact id: '0fdea7fa22469dd45ebba050d05dea8b') in 0.037818 seconds
Number of updated asset objects reloaded before import = 0
Number of asset objects unloaded after import = 31
========================================================================
Received Import Request.
  Time since last request: 0.000052 seconds.
  path: Assets/ModularHousePack1/Prefabs/Modules/Walls/Wall_1C.prefab
  artifactKey: Guid(9ea994d7aba236048919b0df82377ea7) Importer(815301076,1909f56bfc062723c751e8b465ee728b)
Start importing Assets/ModularHousePack1/Prefabs/Modules/Walls/Wall_1C.prefab using Guid(9ea994d7aba236048919b0df82377ea7) Importer(815301076,1909f56bfc062723c751e8b465ee728b)  -> (artifact id: '398f06a7dd36aa31387a31b91b28273a') in 0.058540 seconds
Number of updated asset objects reloaded before import = 0
Number of asset objects unloaded after import = 24
