Using pre-set license
Built from '2022.3/staging' branch; Version is '2022.3.15f1 (b58023a2b463) revision 11894819'; Using compiler version '192829333'; Build Type 'Release'
OS: 'Windows 11  (10.0.22621) 64bit Core' Language: 'en' Physical Memory: 15773 MB
BatchMode: 1, IsHumanControllingUs: 0, StartBugReporterOnCrash: 0, Is64bit: 1, IsPro: 1

COMMAND LINE ARGUMENTS:
C:\Program Files\Unity\Hub\Editor\2022.3.15f1\Editor\Unity.exe
-adb2
-batchMode
-noUpm
-name
AssetImportWorker10
-projectPath
C:/Users/zeuss/final
-logFile
Logs/AssetImportWorker10.log
-srvPort
64119
Successfully changed project path to: C:/Users/zeuss/final
C:/Users/zeuss/final
[UnityMemory] Configuration Parameters - Can be set up in boot.config
    "memorysetup-bucket-allocator-granularity=16"
    "memorysetup-bucket-allocator-bucket-count=8"
    "memorysetup-bucket-allocator-block-size=33554432"
    "memorysetup-bucket-allocator-block-count=8"
    "memorysetup-main-allocator-block-size=16777216"
    "memorysetup-thread-allocator-block-size=16777216"
    "memorysetup-gfx-main-allocator-block-size=16777216"
    "memorysetup-gfx-thread-allocator-block-size=16777216"
    "memorysetup-cache-allocator-block-size=4194304"
    "memorysetup-typetree-allocator-block-size=2097152"
    "memorysetup-profiler-bucket-allocator-granularity=16"
    "memorysetup-profiler-bucket-allocator-bucket-count=8"
    "memorysetup-profiler-bucket-allocator-block-size=33554432"
    "memorysetup-profiler-bucket-allocator-block-count=8"
    "memorysetup-profiler-allocator-block-size=16777216"
    "memorysetup-profiler-editor-allocator-block-size=1048576"
    "memorysetup-temp-allocator-size-main=16777216"
    "memorysetup-job-temp-allocator-block-size=2097152"
    "memorysetup-job-temp-allocator-block-size-background=1048576"
    "memorysetup-job-temp-allocator-reduction-small-platforms=262144"
    "memorysetup-allocator-temp-initial-block-size-main=262144"
    "memorysetup-allocator-temp-initial-block-size-worker=262144"
    "memorysetup-temp-allocator-size-background-worker=32768"
    "memorysetup-temp-allocator-size-job-worker=262144"
    "memorysetup-temp-allocator-size-preload-manager=33554432"
    "memorysetup-temp-allocator-size-nav-mesh-worker=65536"
    "memorysetup-temp-allocator-size-audio-worker=65536"
    "memorysetup-temp-allocator-size-cloud-worker=32768"
    "memorysetup-temp-allocator-size-gi-baking-worker=262144"
    "memorysetup-temp-allocator-size-gfx=262144"
Player connection [24708] Host "[IP] 192.168.75.1 [Port] 0 [Flags] 2 [Guid] 871624160 [EditorId] 871624160 [Version] 1048832 [Id] WindowsEditor(7,Aussiebeeff) [Debug] 1 [PackageName] WindowsEditor [ProjectName] Editor" joined multi-casting on [225.0.0.222:54997]...

Player connection [24708] Host "[IP] 192.168.75.1 [Port] 0 [Flags] 2 [Guid] 871624160 [EditorId] 871624160 [Version] 1048832 [Id] WindowsEditor(7,Aussiebeeff) [Debug] 1 [PackageName] WindowsEditor [ProjectName] Editor" joined alternative multi-casting on [225.0.0.222:34997]...

[Physics::Module] Initialized MultithreadedJobDispatcher with 15 workers.
Refreshing native plugins compatible for Editor in 40.27 ms, found 3 plugins.
Preloading 0 native plugins for Editor in 0.00 ms.
Initialize engine version: 2022.3.15f1 (b58023a2b463)
[Subsystems] Discovering subsystems at path C:/Program Files/Unity/Hub/Editor/2022.3.15f1/Editor/Data/Resources/UnitySubsystems
[Subsystems] Discovering subsystems at path C:/Users/zeuss/final/Assets
GfxDevice: creating device client; threaded=0; jobified=0
Direct3D:
    Version:  Direct3D 11.0 [level 11.1]
    Renderer: NVIDIA GeForce RTX 3050 Ti Laptop GPU (ID=0x25a0)
    Vendor:   NVIDIA
    VRAM:     3977 MB
    Driver:   31.0.15.4617
Initialize mono
Mono path[0] = 'C:/Program Files/Unity/Hub/Editor/2022.3.15f1/Editor/Data/Managed'
Mono path[1] = 'C:/Program Files/Unity/Hub/Editor/2022.3.15f1/Editor/Data/MonoBleedingEdge/lib/mono/unityjit-win32'
Mono config path = 'C:/Program Files/Unity/Hub/Editor/2022.3.15f1/Editor/Data/MonoBleedingEdge/etc'
Using monoOptions --debugger-agent=transport=dt_socket,embedding=1,server=y,suspend=n,address=127.0.0.1:56268
Begin MonoManager ReloadAssembly
Registering precompiled unity dll's ...
Register platform support module: C:/Program Files/Unity/Hub/Editor/2022.3.15f1/Editor/Data/PlaybackEngines/WebGLSupport/UnityEditor.WebGL.Extensions.dll
Register platform support module: C:/Program Files/Unity/Hub/Editor/2022.3.15f1/Editor/Data/PlaybackEngines/WindowsStandaloneSupport/UnityEditor.WindowsStandalone.Extensions.dll
Registered in 0.034327 seconds.
- Loaded All Assemblies, in  0.985 seconds
Native extension for WindowsStandalone target not found
Native extension for WebGL target not found
Mono: successfully reloaded assembly
- Finished resetting the current domain, in  0.554 seconds
Domain Reload Profiling: 1532ms
	BeginReloadAssembly (378ms)
		ExecutionOrderSort (0ms)
		DisableScriptedObjects (0ms)
		BackupInstance (0ms)
		ReleaseScriptingObjects (0ms)
		CreateAndSetChildDomain (2ms)
	RebuildCommonClasses (83ms)
	RebuildNativeTypeToScriptingClass (15ms)
	initialDomainReloadingComplete (161ms)
	LoadAllAssembliesAndSetupDomain (340ms)
		LoadAssemblies (374ms)
		RebuildTransferFunctionScriptingTraits (0ms)
		AnalyzeDomain (333ms)
			TypeCache.Refresh (331ms)
				TypeCache.ScanAssembly (309ms)
			ScanForSourceGeneratedMonoScriptInfo (1ms)
			ResolveRequiredComponents (1ms)
	FinalizeReload (555ms)
		ReleaseScriptCaches (0ms)
		RebuildScriptCaches (0ms)
		SetupLoadedEditorAssemblies (427ms)
			LogAssemblyErrors (0ms)
			InitializePlatformSupportModulesInManaged (23ms)
			SetLoadedEditorAssemblies (10ms)
			RefreshPlugins (0ms)
			BeforeProcessingInitializeOnLoad (3ms)
			ProcessInitializeOnLoadAttributes (277ms)
			ProcessInitializeOnLoadMethodAttributes (113ms)
			AfterProcessingInitializeOnLoad (0ms)
			EditorAssembliesLoaded (0ms)
		ExecutionOrderSort2 (0ms)
		AwakeInstancesAfterBackupRestoration (0ms)
========================================================================
Worker process is ready to serve import requests
Begin MonoManager ReloadAssembly
- Loaded All Assemblies, in  1.166 seconds
Refreshing native plugins compatible for Editor in 7.00 ms, found 3 plugins.
Native extension for WindowsStandalone target not found
Native extension for WebGL target not found
Package Manager log level set to [2]
[Package Manager] Server::EnsureServerProcessIsRunning -- launch failed, reason: Unity was launched with the -noUpm command-line argument
[Package Manager] UpmClient::Send -- Unable to send message (not connected to UPM process).
[Package Manager] Cannot connect to Unity Package Manager local server
Mono: successfully reloaded assembly
- Finished resetting the current domain, in  0.946 seconds
Domain Reload Profiling: 2107ms
	BeginReloadAssembly (260ms)
		ExecutionOrderSort (0ms)
		DisableScriptedObjects (12ms)
		BackupInstance (0ms)
		ReleaseScriptingObjects (0ms)
		CreateAndSetChildDomain (38ms)
	RebuildCommonClasses (49ms)
	RebuildNativeTypeToScriptingClass (14ms)
	initialDomainReloadingComplete (77ms)
	LoadAllAssembliesAndSetupDomain (758ms)
		LoadAssemblies (677ms)
		RebuildTransferFunctionScriptingTraits (0ms)
		AnalyzeDomain (233ms)
			TypeCache.Refresh (208ms)
				TypeCache.ScanAssembly (190ms)
			ScanForSourceGeneratedMonoScriptInfo (18ms)
			ResolveRequiredComponents (5ms)
	FinalizeReload (949ms)
		ReleaseScriptCaches (0ms)
		RebuildScriptCaches (0ms)
		SetupLoadedEditorAssemblies (736ms)
			LogAssemblyErrors (0ms)
			InitializePlatformSupportModulesInManaged (14ms)
			SetLoadedEditorAssemblies (7ms)
			RefreshPlugins (0ms)
			BeforeProcessingInitializeOnLoad (132ms)
			ProcessInitializeOnLoadAttributes (542ms)
			ProcessInitializeOnLoadMethodAttributes (26ms)
			AfterProcessingInitializeOnLoad (16ms)
			EditorAssembliesLoaded (0ms)
		ExecutionOrderSort2 (0ms)
		AwakeInstancesAfterBackupRestoration (16ms)
Launched and connected shader compiler UnityShaderCompiler.exe after 0.11 seconds
Refreshing native plugins compatible for Editor in 6.86 ms, found 3 plugins.
Preloading 0 native plugins for Editor in 0.00 ms.
Unloading 3083 Unused Serialized files (Serialized files now loaded: 0)
Unloading 32 unused Assets / (56.8 KB). Loaded Objects now: 3548.
Memory consumption went from 124.2 MB to 124.1 MB.
Total: 4.103200 ms (FindLiveObjects: 0.282400 ms CreateObjectMapping: 0.379000 ms MarkObjects: 3.312900 ms  DeleteObjects: 0.128000 ms)

AssetImportParameters requested are different than current active one (requested -> active):
  custom:container-demuxer-ogg: 62fdf1f143b41e24485cea50d1cbac27 -> 
  custom:video-codec-MediaFoundation-h265: 746d11721c4dcdbdad8f713fa42b33f4 -> 
  custom:video-decoder-ogg-theora: a1e56fd34408186e4bbccfd4996cb3dc -> 
  custom:framework-win-MediaFoundation: 216162199b28c13a410421893ffa2e32 -> 
  custom:CustomObjectIndexerAttribute: 43b350a4d6e6d1791af0b5038c4bea17 -> 
  custom:container-demuxer-webm: 4f35f7cbe854078d1ac9338744f61a02 -> 
  custom:container-muxer-webm: aa71ff27fc2769a1b78a27578f13a17b -> 
  custom:video-decoder-webm-vp8: 9c59270c3fd7afecdb556c50c9e8de78 -> 
  custom:SearchIndexIgnoredProperties: e643bd26f0fe6173181afceb89e7c659 -> 
  custom:AudioImporter_EditorPlatform: d09bf68614088b80899f8185d706f6e7 -> 
  custom:video-encoder-webm-vp8: eb34c28f22e8b96e1ab97ce403110664 -> 
  custom:audio-decoder-ogg-vorbis: bf7c407c2cedff20999df2af8eb42d56 -> 
  custom:audio-encoder-webm-vorbis: bf7c407c2cedff20999df2af8eb42d56 -> 
========================================================================
Received Import Request.
  Time since last request: 450656.255478 seconds.
  path: Assets/LowpolyStreetPack/Prefabs/Roads/Pavement/B/Pavement_B_C.prefab
  artifactKey: Guid(37d18b07b40e51540963831941c65367) Importer(815301076,1909f56bfc062723c751e8b465ee728b)
Start importing Assets/LowpolyStreetPack/Prefabs/Roads/Pavement/B/Pavement_B_C.prefab using Guid(37d18b07b40e51540963831941c65367) Importer(815301076,1909f56bfc062723c751e8b465ee728b)  -> (artifact id: 'c888591d579cc2f38008485d2d10e850') in 0.240157 seconds
Number of updated asset objects reloaded before import = 0
Number of asset objects unloaded after import = 10
========================================================================
Received Import Request.
  Time since last request: 1.531679 seconds.
  path: Assets/LowpolyStreetPack/Prefabs/Roads/Pavement/C/Pavement_C_C.prefab
  artifactKey: Guid(f4b69fbbe6e76794aa701fde37c48b94) Importer(815301076,1909f56bfc062723c751e8b465ee728b)
Start importing Assets/LowpolyStreetPack/Prefabs/Roads/Pavement/C/Pavement_C_C.prefab using Guid(f4b69fbbe6e76794aa701fde37c48b94) Importer(815301076,1909f56bfc062723c751e8b465ee728b)  -> (artifact id: '3e06096777d1ab0aa60ba9b27c1d4227') in 0.088587 seconds
Number of updated asset objects reloaded before import = 0
Number of asset objects unloaded after import = 10
========================================================================
Received Import Request.
  Time since last request: 1.729953 seconds.
  path: Assets/LowpolyStreetPack/Prefabs/Roads/Pavement/D/Pavement_D_C.prefab
  artifactKey: Guid(78de78b6f9d98ee4da4f4d354d0744e6) Importer(815301076,1909f56bfc062723c751e8b465ee728b)
Start importing Assets/LowpolyStreetPack/Prefabs/Roads/Pavement/D/Pavement_D_C.prefab using Guid(78de78b6f9d98ee4da4f4d354d0744e6) Importer(815301076,1909f56bfc062723c751e8b465ee728b)  -> (artifact id: '313b221cac40dd90237b7bbc8111d359') in 0.056311 seconds
Number of updated asset objects reloaded before import = 0
Number of asset objects unloaded after import = 11
========================================================================
Received Import Request.
  Time since last request: 6.644718 seconds.
  path: Assets/LowpolyStreetPack/Prefabs/Roads/Parks/Elements/Park_Corner_B.prefab
  artifactKey: Guid(13a50703d36e976459baf23952272a6f) Importer(815301076,1909f56bfc062723c751e8b465ee728b)
Start importing Assets/LowpolyStreetPack/Prefabs/Roads/Parks/Elements/Park_Corner_B.prefab using Guid(13a50703d36e976459baf23952272a6f) Importer(815301076,1909f56bfc062723c751e8b465ee728b)  -> (artifact id: 'f72e93f3f79c38807cd648f3beb644fd') in 0.269693 seconds
Number of updated asset objects reloaded before import = 0
Number of asset objects unloaded after import = 12
========================================================================
Received Import Request.
  Time since last request: 0.000038 seconds.
  path: Assets/LowpolyStreetPack/Prefabs/Roads/Parks/Elements/Park_Sidewalk_End.prefab
  artifactKey: Guid(438f52309bcadde48abffadc0bb7652c) Importer(815301076,1909f56bfc062723c751e8b465ee728b)
Start importing Assets/LowpolyStreetPack/Prefabs/Roads/Parks/Elements/Park_Sidewalk_End.prefab using Guid(438f52309bcadde48abffadc0bb7652c) Importer(815301076,1909f56bfc062723c751e8b465ee728b)  -> (artifact id: '6989ed4ebb5b64a87da2948d283c880b') in 0.061221 seconds
Number of updated asset objects reloaded before import = 0
Number of asset objects unloaded after import = 10
========================================================================
Received Import Request.
  Time since last request: 25.627315 seconds.
  path: Assets/LowpolyStreetPack/Prefabs/Roads/Parking/Elements/Parking_Corner_B.prefab
  artifactKey: Guid(fd7164a47a96e744592996880dade761) Importer(815301076,1909f56bfc062723c751e8b465ee728b)
Start importing Assets/LowpolyStreetPack/Prefabs/Roads/Parking/Elements/Parking_Corner_B.prefab using Guid(fd7164a47a96e744592996880dade761) Importer(815301076,1909f56bfc062723c751e8b465ee728b)  -> (artifact id: '56200b42c993f43e3f2f7876cd46e8db') in 0.086484 seconds
Number of updated asset objects reloaded before import = 0
Number of asset objects unloaded after import = 10
========================================================================
Received Import Request.
  Time since last request: 10.796133 seconds.
  path: Assets/LowpolyStreetPack/Prefabs/Roads/RoadMarks/RoadM_FL.prefab
  artifactKey: Guid(5c9acc5654edcef4997ea8f91ccf258e) Importer(815301076,1909f56bfc062723c751e8b465ee728b)
Start importing Assets/LowpolyStreetPack/Prefabs/Roads/RoadMarks/RoadM_FL.prefab using Guid(5c9acc5654edcef4997ea8f91ccf258e) Importer(815301076,1909f56bfc062723c751e8b465ee728b)  -> (artifact id: 'e500f93fe7d5d75310ceb2739a7959b5') in 0.027158 seconds
Number of updated asset objects reloaded before import = 0
Number of asset objects unloaded after import = 9
========================================================================
Received Import Request.
  Time since last request: 0.000035 seconds.
  path: Assets/LowpolyStreetPack/Prefabs/Roads/RoadMarks/RoadM_Triangle_A.prefab
  artifactKey: Guid(f78b471585ccef0469c3aca86eefdfce) Importer(815301076,1909f56bfc062723c751e8b465ee728b)
Start importing Assets/LowpolyStreetPack/Prefabs/Roads/RoadMarks/RoadM_Triangle_A.prefab using Guid(f78b471585ccef0469c3aca86eefdfce) Importer(815301076,1909f56bfc062723c751e8b465ee728b)  -> (artifact id: 'a878cdef4de341aba295e4253923428f') in 0.043145 seconds
Number of updated asset objects reloaded before import = 0
Number of asset objects unloaded after import = 9
========================================================================
Received Import Request.
  Time since last request: 0.000059 seconds.
  path: Assets/LowpolyStreetPack/Prefabs/Roads/RoadMarks/RoadM_Intersection.prefab
  artifactKey: Guid(908c0f521e470ef45922d779a48d4906) Importer(815301076,1909f56bfc062723c751e8b465ee728b)
Start importing Assets/LowpolyStreetPack/Prefabs/Roads/RoadMarks/RoadM_Intersection.prefab using Guid(908c0f521e470ef45922d779a48d4906) Importer(815301076,1909f56bfc062723c751e8b465ee728b)  -> (artifact id: 'da0566f52b5a7e3a8f7a39ffae26d983') in 0.039953 seconds
Number of updated asset objects reloaded before import = 0
Number of asset objects unloaded after import = 9
========================================================================
Received Import Request.
  Time since last request: 0.000051 seconds.
  path: Assets/LowpolyStreetPack/Prefabs/Roads/RoadMarks/RoadM_PArking_B.prefab
  artifactKey: Guid(af8e733792183d64bb6f1c709c91df7a) Importer(815301076,1909f56bfc062723c751e8b465ee728b)
Start importing Assets/LowpolyStreetPack/Prefabs/Roads/RoadMarks/RoadM_PArking_B.prefab using Guid(af8e733792183d64bb6f1c709c91df7a) Importer(815301076,1909f56bfc062723c751e8b465ee728b)  -> (artifact id: '128446a3f645f479ced2e73b3bcb61a3') in 0.054250 seconds
Number of updated asset objects reloaded before import = 0
Number of asset objects unloaded after import = 9
========================================================================
Received Import Request.
  Time since last request: 13.165416 seconds.
  path: Assets/LowpolyStreetPack/Prefabs/Roads/Bridges/QuickBuilds/Bridge_Double_Straight.prefab
  artifactKey: Guid(feaf04557fefb494eaee6b6f80ef3f6d) Importer(815301076,1909f56bfc062723c751e8b465ee728b)
Start importing Assets/LowpolyStreetPack/Prefabs/Roads/Bridges/QuickBuilds/Bridge_Double_Straight.prefab using Guid(feaf04557fefb494eaee6b6f80ef3f6d) Importer(815301076,1909f56bfc062723c751e8b465ee728b)  -> (artifact id: '67892ca3b0b19416caf81fdf1c11f39d') in 0.182319 seconds
Number of updated asset objects reloaded before import = 0
Number of asset objects unloaded after import = 339
========================================================================
Received Import Request.
  Time since last request: 0.000097 seconds.
  path: Assets/LowpolyStreetPack/Prefabs/Roads/Bridges/QuickBuilds/Bridge_Simple_Curved.prefab
  artifactKey: Guid(7d6b9877311d9b54d9b2807970618528) Importer(815301076,1909f56bfc062723c751e8b465ee728b)
Start importing Assets/LowpolyStreetPack/Prefabs/Roads/Bridges/QuickBuilds/Bridge_Simple_Curved.prefab using Guid(7d6b9877311d9b54d9b2807970618528) Importer(815301076,1909f56bfc062723c751e8b465ee728b)  -> (artifact id: '8686626271c60cd5baaf0e10af51b303') in 0.093467 seconds
Number of updated asset objects reloaded before import = 0
Number of asset objects unloaded after import = 361
========================================================================
Received Import Request.
  Time since last request: 0.000051 seconds.
  path: Assets/LowpolyStreetPack/Prefabs/Roads/Bridges/QuickBuilds/Bridge_ToStreet_Simple_Enter.prefab
  artifactKey: Guid(29c6dab80d3a13740982df4331a1c870) Importer(815301076,1909f56bfc062723c751e8b465ee728b)
Start importing Assets/LowpolyStreetPack/Prefabs/Roads/Bridges/QuickBuilds/Bridge_ToStreet_Simple_Enter.prefab using Guid(29c6dab80d3a13740982df4331a1c870) Importer(815301076,1909f56bfc062723c751e8b465ee728b)  -> (artifact id: '8564f9c27135e0b0276794d6a8eb04d7') in 0.090912 seconds
Number of updated asset objects reloaded before import = 0
Number of asset objects unloaded after import = 600
========================================================================
Received Import Request.
  Time since last request: 12.164836 seconds.
  path: Assets/LowpolyStreetPack/Meshes/Textures/fence_01.png
  artifactKey: Guid(d2e282c317ad02943852ebb81818f5c6) Importer(815301076,1909f56bfc062723c751e8b465ee728b)
Start importing Assets/LowpolyStreetPack/Meshes/Textures/fence_01.png using Guid(d2e282c317ad02943852ebb81818f5c6) Importer(815301076,1909f56bfc062723c751e8b465ee728b)  -> (artifact id: '4de90726f3c71353882c4885887da1af') in 0.073504 seconds
Number of updated asset objects reloaded before import = 0
Number of asset objects unloaded after import = 2
========================================================================
Received Import Request.
  Time since last request: 0.000036 seconds.
  path: Assets/LowpolyStreetPack/Meshes/Textures/pavement_02.png
  artifactKey: Guid(fb36236789444fa4fa68f9409386c9cd) Importer(815301076,1909f56bfc062723c751e8b465ee728b)
Start importing Assets/LowpolyStreetPack/Meshes/Textures/pavement_02.png using Guid(fb36236789444fa4fa68f9409386c9cd) Importer(815301076,1909f56bfc062723c751e8b465ee728b)  -> (artifact id: 'e42f8949eda177193b97a95a1ff2b6be') in 0.068653 seconds
Number of updated asset objects reloaded before import = 0
Number of asset objects unloaded after import = 2
========================================================================
Received Import Request.
  Time since last request: 0.000063 seconds.
  path: Assets/LowpolyStreetPack/Meshes/Textures/mud.png
  artifactKey: Guid(f25d78572808cbb4fbf0a3a24f1c3880) Importer(815301076,1909f56bfc062723c751e8b465ee728b)
Start importing Assets/LowpolyStreetPack/Meshes/Textures/mud.png using Guid(f25d78572808cbb4fbf0a3a24f1c3880) Importer(815301076,1909f56bfc062723c751e8b465ee728b)  -> (artifact id: '6d8f26372e546379fef44af9fa0f93f4') in 0.075699 seconds
Number of updated asset objects reloaded before import = 0
Number of asset objects unloaded after import = 2
========================================================================
Received Import Request.
  Time since last request: 0.000544 seconds.
  path: Assets/LowpolyStreetPack/Meshes/Textures/Grass_B.tga
  artifactKey: Guid(a7f8e40afdb01d44ebab4b4a9921fa6a) Importer(815301076,1909f56bfc062723c751e8b465ee728b)
Start importing Assets/LowpolyStreetPack/Meshes/Textures/Grass_B.tga using Guid(a7f8e40afdb01d44ebab4b4a9921fa6a) Importer(815301076,1909f56bfc062723c751e8b465ee728b)  -> (artifact id: '370b9a96f9762b3cbd966437173b6390') in 0.082546 seconds
Number of updated asset objects reloaded before import = 0
Number of asset objects unloaded after import = 2
========================================================================
Received Import Request.
  Time since last request: 2.103223 seconds.
  path: Assets/LowpolyStreetPack/Meshes/Materials/Grass.mat
  artifactKey: Guid(700158700e4398340be1a92aa014ec3a) Importer(815301076,1909f56bfc062723c751e8b465ee728b)
Start importing Assets/LowpolyStreetPack/Meshes/Materials/Grass.mat using Guid(700158700e4398340be1a92aa014ec3a) Importer(815301076,1909f56bfc062723c751e8b465ee728b)  -> (artifact id: 'b4220ad6d4d91afaf21a20ad4d7022d5') in 0.092499 seconds
Number of updated asset objects reloaded before import = 0
Number of asset objects unloaded after import = 2
========================================================================
Received Import Request.
  Time since last request: 0.000050 seconds.
  path: Assets/LowpolyStreetPack/Meshes/Materials/LightShape.mat
  artifactKey: Guid(d380add981a51514ab244cdc8488adfd) Importer(815301076,1909f56bfc062723c751e8b465ee728b)
Start importing Assets/LowpolyStreetPack/Meshes/Materials/LightShape.mat using Guid(d380add981a51514ab244cdc8488adfd) Importer(815301076,1909f56bfc062723c751e8b465ee728b)  -> (artifact id: 'fe81a9c2ab872c5901c6b16e9686f6c9') in 0.043577 seconds
Number of updated asset objects reloaded before import = 0
Number of asset objects unloaded after import = 2
========================================================================
Received Import Request.
  Time since last request: 0.000041 seconds.
  path: Assets/LowpolyStreetPack/Meshes/Materials/Leaves_02.mat
  artifactKey: Guid(ef03674ad19dc4f4985cb53df430ba91) Importer(815301076,1909f56bfc062723c751e8b465ee728b)
Start importing Assets/LowpolyStreetPack/Meshes/Materials/Leaves_02.mat using Guid(ef03674ad19dc4f4985cb53df430ba91) Importer(815301076,1909f56bfc062723c751e8b465ee728b)  -> (artifact id: 'e1bdc7ee8d176f260fa83fc19f112f7c') in 0.046167 seconds
Number of updated asset objects reloaded before import = 0
Number of asset objects unloaded after import = 2
========================================================================
Received Import Request.
  Time since last request: 0.000056 seconds.
  path: Assets/LowpolyStreetPack/Meshes/Materials/Mud.mat
  artifactKey: Guid(7e703074faa5ed34bbb76b80a9175bc5) Importer(815301076,1909f56bfc062723c751e8b465ee728b)
Start importing Assets/LowpolyStreetPack/Meshes/Materials/Mud.mat using Guid(7e703074faa5ed34bbb76b80a9175bc5) Importer(815301076,1909f56bfc062723c751e8b465ee728b)  -> (artifact id: 'ef2a42fbe772625baef987656a085fdd') in 0.082270 seconds
Number of updated asset objects reloaded before import = 0
Number of asset objects unloaded after import = 2
========================================================================
Received Import Request.
  Time since last request: 21.114204 seconds.
  path: Assets/LowpolyStreetPack/Prefabs/StreetProps/TraficLights/LampPost_C.prefab
  artifactKey: Guid(32af3f393ff0d7f4181a38ba0c48bc83) Importer(815301076,1909f56bfc062723c751e8b465ee728b)
Start importing Assets/LowpolyStreetPack/Prefabs/StreetProps/TraficLights/LampPost_C.prefab using Guid(32af3f393ff0d7f4181a38ba0c48bc83) Importer(815301076,1909f56bfc062723c751e8b465ee728b)  -> (artifact id: '37a8d06f42de592f3381c7ed5753ce83') in 0.079611 seconds
Number of updated asset objects reloaded before import = 0
Number of asset objects unloaded after import = 27
========================================================================
Received Import Request.
  Time since last request: 0.000050 seconds.
  path: Assets/LowpolyStreetPack/Prefabs/StreetProps/TraficLights/LampPost_J.prefab
  artifactKey: Guid(52685ed25fdcb1b488b7047664232501) Importer(815301076,1909f56bfc062723c751e8b465ee728b)
Start importing Assets/LowpolyStreetPack/Prefabs/StreetProps/TraficLights/LampPost_J.prefab using Guid(52685ed25fdcb1b488b7047664232501) Importer(815301076,1909f56bfc062723c751e8b465ee728b)  -> (artifact id: 'c8708887edef2aecb6726d70578821b5') in 0.117958 seconds
Number of updated asset objects reloaded before import = 0
Number of asset objects unloaded after import = 22
Editor requested this worker to shutdown with reason: Scaling down because of idle timeout
TcpMessagingSession - receive error: operation aborted. errorcode: 995, details: The I/O operation has been aborted because of either a thread exit or an application request.
AssetImportWorker is now disconnected from the server
Process exiting
Exiting without the bug reporter. Application will terminate with return code 0