Using pre-set license
Built from '2022.3/staging' branch; Version is '2022.3.15f1 (b58023a2b463) revision 11894819'; Using compiler version '192829333'; Build Type 'Release'
OS: 'Windows 11  (10.0.22621) 64bit Core' Language: 'en' Physical Memory: 15773 MB
BatchMode: 1, IsHumanControllingUs: 0, StartBugReporterOnCrash: 0, Is64bit: 1, IsPro: 1

COMMAND LINE ARGUMENTS:
C:\Program Files\Unity\Hub\Editor\2022.3.15f1\Editor\Unity.exe
-adb2
-batchMode
-noUpm
-name
AssetImportWorker4
-projectPath
C:/Users/zeuss/final
-logFile
Logs/AssetImportWorker4.log
-srvPort
64119
Successfully changed project path to: C:/Users/zeuss/final
C:/Users/zeuss/final
[UnityMemory] Configuration Parameters - Can be set up in boot.config
    "memorysetup-bucket-allocator-granularity=16"
    "memorysetup-bucket-allocator-bucket-count=8"
    "memorysetup-bucket-allocator-block-size=33554432"
    "memorysetup-bucket-allocator-block-count=8"
    "memorysetup-main-allocator-block-size=16777216"
    "memorysetup-thread-allocator-block-size=16777216"
    "memorysetup-gfx-main-allocator-block-size=16777216"
    "memorysetup-gfx-thread-allocator-block-size=16777216"
    "memorysetup-cache-allocator-block-size=4194304"
    "memorysetup-typetree-allocator-block-size=2097152"
    "memorysetup-profiler-bucket-allocator-granularity=16"
    "memorysetup-profiler-bucket-allocator-bucket-count=8"
    "memorysetup-profiler-bucket-allocator-block-size=33554432"
    "memorysetup-profiler-bucket-allocator-block-count=8"
    "memorysetup-profiler-allocator-block-size=16777216"
    "memorysetup-profiler-editor-allocator-block-size=1048576"
    "memorysetup-temp-allocator-size-main=16777216"
    "memorysetup-job-temp-allocator-block-size=2097152"
    "memorysetup-job-temp-allocator-block-size-background=1048576"
    "memorysetup-job-temp-allocator-reduction-small-platforms=262144"
    "memorysetup-allocator-temp-initial-block-size-main=262144"
    "memorysetup-allocator-temp-initial-block-size-worker=262144"
    "memorysetup-temp-allocator-size-background-worker=32768"
    "memorysetup-temp-allocator-size-job-worker=262144"
    "memorysetup-temp-allocator-size-preload-manager=33554432"
    "memorysetup-temp-allocator-size-nav-mesh-worker=65536"
    "memorysetup-temp-allocator-size-audio-worker=65536"
    "memorysetup-temp-allocator-size-cloud-worker=32768"
    "memorysetup-temp-allocator-size-gi-baking-worker=262144"
    "memorysetup-temp-allocator-size-gfx=262144"
Player connection [51132] Host "[IP] 192.168.75.1 [Port] 0 [Flags] 2 [Guid] 286814645 [EditorId] 286814645 [Version] 1048832 [Id] WindowsEditor(7,Aussiebeeff) [Debug] 1 [PackageName] WindowsEditor [ProjectName] Editor" joined multi-casting on [225.0.0.222:54997]...

Player connection [51132] Host "[IP] 192.168.75.1 [Port] 0 [Flags] 2 [Guid] 286814645 [EditorId] 286814645 [Version] 1048832 [Id] WindowsEditor(7,Aussiebeeff) [Debug] 1 [PackageName] WindowsEditor [ProjectName] Editor" joined alternative multi-casting on [225.0.0.222:34997]...

[Physics::Module] Initialized MultithreadedJobDispatcher with 15 workers.
Refreshing native plugins compatible for Editor in 29.04 ms, found 3 plugins.
Preloading 0 native plugins for Editor in 0.00 ms.
Initialize engine version: 2022.3.15f1 (b58023a2b463)
[Subsystems] Discovering subsystems at path C:/Program Files/Unity/Hub/Editor/2022.3.15f1/Editor/Data/Resources/UnitySubsystems
[Subsystems] Discovering subsystems at path C:/Users/zeuss/final/Assets
GfxDevice: creating device client; threaded=0; jobified=0
Direct3D:
    Version:  Direct3D 11.0 [level 11.1]
    Renderer: NVIDIA GeForce RTX 3050 Ti Laptop GPU (ID=0x25a0)
    Vendor:   NVIDIA
    VRAM:     3977 MB
    Driver:   31.0.15.4617
Initialize mono
Mono path[0] = 'C:/Program Files/Unity/Hub/Editor/2022.3.15f1/Editor/Data/Managed'
Mono path[1] = 'C:/Program Files/Unity/Hub/Editor/2022.3.15f1/Editor/Data/MonoBleedingEdge/lib/mono/unityjit-win32'
Mono config path = 'C:/Program Files/Unity/Hub/Editor/2022.3.15f1/Editor/Data/MonoBleedingEdge/etc'
Using monoOptions --debugger-agent=transport=dt_socket,embedding=1,server=y,suspend=n,address=127.0.0.1:56092
Begin MonoManager ReloadAssembly
Registering precompiled unity dll's ...
Register platform support module: C:/Program Files/Unity/Hub/Editor/2022.3.15f1/Editor/Data/PlaybackEngines/WebGLSupport/UnityEditor.WebGL.Extensions.dll
Register platform support module: C:/Program Files/Unity/Hub/Editor/2022.3.15f1/Editor/Data/PlaybackEngines/WindowsStandaloneSupport/UnityEditor.WindowsStandalone.Extensions.dll
Registered in 0.030435 seconds.
- Loaded All Assemblies, in  0.798 seconds
Native extension for WindowsStandalone target not found
Native extension for WebGL target not found
Mono: successfully reloaded assembly
- Finished resetting the current domain, in  0.536 seconds
Domain Reload Profiling: 1328ms
	BeginReloadAssembly (309ms)
		ExecutionOrderSort (0ms)
		DisableScriptedObjects (0ms)
		BackupInstance (0ms)
		ReleaseScriptingObjects (0ms)
		CreateAndSetChildDomain (1ms)
	RebuildCommonClasses (65ms)
	RebuildNativeTypeToScriptingClass (22ms)
	initialDomainReloadingComplete (146ms)
	LoadAllAssembliesAndSetupDomain (248ms)
		LoadAssemblies (302ms)
		RebuildTransferFunctionScriptingTraits (0ms)
		AnalyzeDomain (244ms)
			TypeCache.Refresh (242ms)
				TypeCache.ScanAssembly (220ms)
			ScanForSourceGeneratedMonoScriptInfo (0ms)
			ResolveRequiredComponents (1ms)
	FinalizeReload (537ms)
		ReleaseScriptCaches (0ms)
		RebuildScriptCaches (0ms)
		SetupLoadedEditorAssemblies (422ms)
			LogAssemblyErrors (0ms)
			InitializePlatformSupportModulesInManaged (25ms)
			SetLoadedEditorAssemblies (10ms)
			RefreshPlugins (0ms)
			BeforeProcessingInitializeOnLoad (4ms)
			ProcessInitializeOnLoadAttributes (279ms)
			ProcessInitializeOnLoadMethodAttributes (103ms)
			AfterProcessingInitializeOnLoad (0ms)
			EditorAssembliesLoaded (0ms)
		ExecutionOrderSort2 (0ms)
		AwakeInstancesAfterBackupRestoration (0ms)
========================================================================
Worker process is ready to serve import requests
Begin MonoManager ReloadAssembly
- Loaded All Assemblies, in  1.325 seconds
Refreshing native plugins compatible for Editor in 8.34 ms, found 3 plugins.
Native extension for WindowsStandalone target not found
Native extension for WebGL target not found
Package Manager log level set to [2]
[Package Manager] Server::EnsureServerProcessIsRunning -- launch failed, reason: Unity was launched with the -noUpm command-line argument
[Package Manager] UpmClient::Send -- Unable to send message (not connected to UPM process).
[Package Manager] Cannot connect to Unity Package Manager local server
Mono: successfully reloaded assembly
- Finished resetting the current domain, in  1.558 seconds
Domain Reload Profiling: 2876ms
	BeginReloadAssembly (261ms)
		ExecutionOrderSort (0ms)
		DisableScriptedObjects (14ms)
		BackupInstance (0ms)
		ReleaseScriptingObjects (0ms)
		CreateAndSetChildDomain (30ms)
	RebuildCommonClasses (48ms)
	RebuildNativeTypeToScriptingClass (13ms)
	initialDomainReloadingComplete (81ms)
	LoadAllAssembliesAndSetupDomain (915ms)
		LoadAssemblies (720ms)
		RebuildTransferFunctionScriptingTraits (0ms)
		AnalyzeDomain (337ms)
			TypeCache.Refresh (293ms)
				TypeCache.ScanAssembly (271ms)
			ScanForSourceGeneratedMonoScriptInfo (37ms)
			ResolveRequiredComponents (6ms)
	FinalizeReload (1559ms)
		ReleaseScriptCaches (0ms)
		RebuildScriptCaches (0ms)
		SetupLoadedEditorAssemblies (1180ms)
			LogAssemblyErrors (0ms)
			InitializePlatformSupportModulesInManaged (34ms)
			SetLoadedEditorAssemblies (18ms)
			RefreshPlugins (0ms)
			BeforeProcessingInitializeOnLoad (275ms)
			ProcessInitializeOnLoadAttributes (806ms)
			ProcessInitializeOnLoadMethodAttributes (30ms)
			AfterProcessingInitializeOnLoad (18ms)
			EditorAssembliesLoaded (0ms)
		ExecutionOrderSort2 (0ms)
		AwakeInstancesAfterBackupRestoration (20ms)
Launched and connected shader compiler UnityShaderCompiler.exe after 0.12 seconds
Refreshing native plugins compatible for Editor in 17.47 ms, found 3 plugins.
Preloading 0 native plugins for Editor in 0.00 ms.
Unloading 3083 Unused Serialized files (Serialized files now loaded: 0)
Unloading 32 unused Assets / (57.2 KB). Loaded Objects now: 3546.
Memory consumption went from 123.9 MB to 123.9 MB.
Total: 4.507800 ms (FindLiveObjects: 0.307000 ms CreateObjectMapping: 0.151700 ms MarkObjects: 3.924600 ms  DeleteObjects: 0.123300 ms)

AssetImportParameters requested are different than current active one (requested -> active):
  custom:container-demuxer-ogg: 62fdf1f143b41e24485cea50d1cbac27 -> 
  custom:video-codec-MediaFoundation-h265: 746d11721c4dcdbdad8f713fa42b33f4 -> 
  custom:video-decoder-ogg-theora: a1e56fd34408186e4bbccfd4996cb3dc -> 
  custom:framework-win-MediaFoundation: 216162199b28c13a410421893ffa2e32 -> 
  custom:CustomObjectIndexerAttribute: 43b350a4d6e6d1791af0b5038c4bea17 -> 
  custom:container-demuxer-webm: 4f35f7cbe854078d1ac9338744f61a02 -> 
  custom:container-muxer-webm: aa71ff27fc2769a1b78a27578f13a17b -> 
  custom:video-decoder-webm-vp8: 9c59270c3fd7afecdb556c50c9e8de78 -> 
  custom:SearchIndexIgnoredProperties: e643bd26f0fe6173181afceb89e7c659 -> 
  custom:AudioImporter_EditorPlatform: d09bf68614088b80899f8185d706f6e7 -> 
  custom:video-encoder-webm-vp8: eb34c28f22e8b96e1ab97ce403110664 -> 
  custom:audio-decoder-ogg-vorbis: bf7c407c2cedff20999df2af8eb42d56 -> 
  custom:audio-encoder-webm-vorbis: bf7c407c2cedff20999df2af8eb42d56 -> 
========================================================================
Received Import Request.
  Time since last request: 448370.300231 seconds.
  path: Assets/ModularHousePack1/Prefabs/Modules/Floors
  artifactKey: Guid(bbb731555d8684b4facbdeea212eb36d) Importer(815301076,1909f56bfc062723c751e8b465ee728b)
Start importing Assets/ModularHousePack1/Prefabs/Modules/Floors using Guid(bbb731555d8684b4facbdeea212eb36d) Importer(815301076,1909f56bfc062723c751e8b465ee728b)  -> (artifact id: '52bb2f752ea52513d7b3d4d8900da9ee') in 0.004522 seconds
Number of updated asset objects reloaded before import = 0
Number of asset objects unloaded after import = 0
========================================================================
Received Import Request.
  Time since last request: 0.047414 seconds.
  path: Assets/ModularHousePack1/Prefabs/Modules/Floors/Floor1.prefab
  artifactKey: Guid(3f12d772b19ebb948a751830f8828178) Importer(815301076,1909f56bfc062723c751e8b465ee728b)
Start importing Assets/ModularHousePack1/Prefabs/Modules/Floors/Floor1.prefab using Guid(3f12d772b19ebb948a751830f8828178) Importer(815301076,1909f56bfc062723c751e8b465ee728b)  -> (artifact id: '0df76400cec21dd006d530cac4152650') in 0.282361 seconds
Number of updated asset objects reloaded before import = 0
Number of asset objects unloaded after import = 36
========================================================================
Received Import Request.
  Time since last request: 0.000058 seconds.
  path: Assets/ModularHousePack1/Prefabs/Modules/Floors/RoofFloor.prefab
  artifactKey: Guid(beb740d872f755c4797491edaa67e321) Importer(815301076,1909f56bfc062723c751e8b465ee728b)
Start importing Assets/ModularHousePack1/Prefabs/Modules/Floors/RoofFloor.prefab using Guid(beb740d872f755c4797491edaa67e321) Importer(815301076,1909f56bfc062723c751e8b465ee728b)  -> (artifact id: '63f7fd93f7a63389e14bf890a596bc1c') in 0.065934 seconds
Number of updated asset objects reloaded before import = 0
Number of asset objects unloaded after import = 35
========================================================================
Received Import Request.
  Time since last request: 2.544234 seconds.
  path: Assets/ModularHousePack1/Prefabs/Modules/Floors/Parts
  artifactKey: Guid(0c6c3a0a79fe4844197397d7ded581ce) Importer(815301076,1909f56bfc062723c751e8b465ee728b)
Start importing Assets/ModularHousePack1/Prefabs/Modules/Floors/Parts using Guid(0c6c3a0a79fe4844197397d7ded581ce) Importer(815301076,1909f56bfc062723c751e8b465ee728b)  -> (artifact id: '508701d8468eafce8a332f5368c81daa') in 0.000945 seconds
Number of updated asset objects reloaded before import = 0
Number of asset objects unloaded after import = 0
========================================================================
Received Import Request.
  Time since last request: 0.047523 seconds.
  path: Assets/ModularHousePack1/Prefabs/Modules/Floors/Parts/Interior_Floor.prefab
  artifactKey: Guid(fe09c155ffafe1c4d91d6ebd42d1f5aa) Importer(815301076,1909f56bfc062723c751e8b465ee728b)
Start importing Assets/ModularHousePack1/Prefabs/Modules/Floors/Parts/Interior_Floor.prefab using Guid(fe09c155ffafe1c4d91d6ebd42d1f5aa) Importer(815301076,1909f56bfc062723c751e8b465ee728b)  -> (artifact id: '72b838457e858274af8b44ddd9807d04') in 0.028231 seconds
Number of updated asset objects reloaded before import = 0
Number of asset objects unloaded after import = 11
========================================================================
Received Import Request.
  Time since last request: 0.000030 seconds.
  path: Assets/ModularHousePack1/Prefabs/Modules/Floors/Parts/Interior_FloorToRoof.prefab
  artifactKey: Guid(3e97ec32f94307548bbf0a0346589316) Importer(815301076,1909f56bfc062723c751e8b465ee728b)
Start importing Assets/ModularHousePack1/Prefabs/Modules/Floors/Parts/Interior_FloorToRoof.prefab using Guid(3e97ec32f94307548bbf0a0346589316) Importer(815301076,1909f56bfc062723c751e8b465ee728b)  -> (artifact id: '8f297c7443aece8ee52cd8319dcb9156') in 0.031755 seconds
Number of updated asset objects reloaded before import = 0
Number of asset objects unloaded after import = 11
========================================================================
Received Import Request.
  Time since last request: 3.075959 seconds.
  path: Assets/ModularHousePack1/Prefabs/Modules/Roads
  artifactKey: Guid(b724863002a67374187aa05793dcf6da) Importer(815301076,1909f56bfc062723c751e8b465ee728b)
Start importing Assets/ModularHousePack1/Prefabs/Modules/Roads using Guid(b724863002a67374187aa05793dcf6da) Importer(815301076,1909f56bfc062723c751e8b465ee728b)  -> (artifact id: '9149fe36a327785caba81ef38dff81c2') in 0.000970 seconds
Number of updated asset objects reloaded before import = 0
Number of asset objects unloaded after import = 0
========================================================================
Received Import Request.
  Time since last request: 0.053165 seconds.
  path: Assets/ModularHousePack1/Prefabs/Modules/Roads/Road_1.prefab
  artifactKey: Guid(26d160590c290d6479ff3ef9ccfa6ab8) Importer(815301076,1909f56bfc062723c751e8b465ee728b)
Start importing Assets/ModularHousePack1/Prefabs/Modules/Roads/Road_1.prefab using Guid(26d160590c290d6479ff3ef9ccfa6ab8) Importer(815301076,1909f56bfc062723c751e8b465ee728b)  -> (artifact id: 'be7ef08f68c47ef3b4214a5cab97ce09') in 0.157259 seconds
Number of updated asset objects reloaded before import = 0
Number of asset objects unloaded after import = 133
========================================================================
Received Import Request.
  Time since last request: 0.000050 seconds.
  path: Assets/ModularHousePack1/Prefabs/Modules/Roads/Streetlight.prefab
  artifactKey: Guid(e29d08a1ea3fad84183d7e143d1798d5) Importer(815301076,1909f56bfc062723c751e8b465ee728b)
Start importing Assets/ModularHousePack1/Prefabs/Modules/Roads/Streetlight.prefab using Guid(e29d08a1ea3fad84183d7e143d1798d5) Importer(815301076,1909f56bfc062723c751e8b465ee728b)  -> (artifact id: '7bad4d4e591b5caea2d43d1939c616f6') in 0.077863 seconds
Number of updated asset objects reloaded before import = 0
Number of asset objects unloaded after import = 45
========================================================================
Received Import Request.
  Time since last request: 0.000058 seconds.
  path: Assets/ModularHousePack1/Prefabs/Modules/Roads/Road_3.prefab
  artifactKey: Guid(9dcf0954a8ecb2840be2b74024597742) Importer(815301076,1909f56bfc062723c751e8b465ee728b)
Start importing Assets/ModularHousePack1/Prefabs/Modules/Roads/Road_3.prefab using Guid(9dcf0954a8ecb2840be2b74024597742) Importer(815301076,1909f56bfc062723c751e8b465ee728b)  -> (artifact id: '96669ad04c3da9b95856ab9f43a618fb') in 0.090782 seconds
Number of updated asset objects reloaded before import = 0
Number of asset objects unloaded after import = 119
========================================================================
Received Import Request.
  Time since last request: 8.542867 seconds.
  path: Assets/ModularHousePack1/Prefabs
  artifactKey: Guid(5c6da3eb2f70ef54d8ba268a7ffcd480) Importer(815301076,1909f56bfc062723c751e8b465ee728b)
Start importing Assets/ModularHousePack1/Prefabs using Guid(5c6da3eb2f70ef54d8ba268a7ffcd480) Importer(815301076,1909f56bfc062723c751e8b465ee728b)  -> (artifact id: 'e977cd18f2834726b2b108f8b57e1aed') in 0.000995 seconds
Number of updated asset objects reloaded before import = 0
Number of asset objects unloaded after import = 0
========================================================================
Received Import Request.
  Time since last request: 18.052518 seconds.
  path: Assets/ModularHousePack1/Prefabs/Modules/Roads/Parts
  artifactKey: Guid(4bab0ff67d035b44f9c5d2dc151aab83) Importer(815301076,1909f56bfc062723c751e8b465ee728b)
Start importing Assets/ModularHousePack1/Prefabs/Modules/Roads/Parts using Guid(4bab0ff67d035b44f9c5d2dc151aab83) Importer(815301076,1909f56bfc062723c751e8b465ee728b)  -> (artifact id: '5af7645805df7adbe4e20f7d13e1d4a2') in 0.000733 seconds
Number of updated asset objects reloaded before import = 0
Number of asset objects unloaded after import = 0
========================================================================
Received Import Request.
  Time since last request: 0.056528 seconds.
  path: Assets/ModularHousePack1/Prefabs/Modules/Roads/Parts/Glass.prefab
  artifactKey: Guid(13f98d8df08da7f4482087c0031844a2) Importer(815301076,1909f56bfc062723c751e8b465ee728b)
Start importing Assets/ModularHousePack1/Prefabs/Modules/Roads/Parts/Glass.prefab using Guid(13f98d8df08da7f4482087c0031844a2) Importer(815301076,1909f56bfc062723c751e8b465ee728b)  -> (artifact id: '5cf1f2aa3ee78060fc6e40ec6d48f954') in 0.025299 seconds
Number of updated asset objects reloaded before import = 0
Number of asset objects unloaded after import = 8
========================================================================
Received Import Request.
  Time since last request: 0.000031 seconds.
  path: Assets/ModularHousePack1/Prefabs/Modules/Roads/Parts/Pavement_3.prefab
  artifactKey: Guid(1f8ff9c428b6f9e419cbdfdc523f83e6) Importer(815301076,1909f56bfc062723c751e8b465ee728b)
Start importing Assets/ModularHousePack1/Prefabs/Modules/Roads/Parts/Pavement_3.prefab using Guid(1f8ff9c428b6f9e419cbdfdc523f83e6) Importer(815301076,1909f56bfc062723c751e8b465ee728b)  -> (artifact id: '8cba98f72d85930cc10a4891f6dacb32') in 0.045172 seconds
Number of updated asset objects reloaded before import = 0
Number of asset objects unloaded after import = 14
========================================================================
Received Import Request.
  Time since last request: 0.000047 seconds.
  path: Assets/ModularHousePack1/Prefabs/Modules/Roads/Parts/Road_4.prefab
  artifactKey: Guid(8a26146163f22084bb400d1b623e1ea4) Importer(815301076,1909f56bfc062723c751e8b465ee728b)
Start importing Assets/ModularHousePack1/Prefabs/Modules/Roads/Parts/Road_4.prefab using Guid(8a26146163f22084bb400d1b623e1ea4) Importer(815301076,1909f56bfc062723c751e8b465ee728b)  -> (artifact id: '52f4a12aa0f03faf84ef2d8a2ecb0ee1') in 0.058970 seconds
Number of updated asset objects reloaded before import = 0
Number of asset objects unloaded after import = 12
========================================================================
Received Import Request.
  Time since last request: 0.000097 seconds.
  path: Assets/ModularHousePack1/Prefabs/Modules/Roads/Parts/Slab_4.prefab
  artifactKey: Guid(99678c72fbbea914cae66d3fd86f2d76) Importer(815301076,1909f56bfc062723c751e8b465ee728b)
Start importing Assets/ModularHousePack1/Prefabs/Modules/Roads/Parts/Slab_4.prefab using Guid(99678c72fbbea914cae66d3fd86f2d76) Importer(815301076,1909f56bfc062723c751e8b465ee728b)  -> (artifact id: '0bf98788ae8238720b8edfec3059f8f2') in 0.048766 seconds
Number of updated asset objects reloaded before import = 0
Number of asset objects unloaded after import = 12
========================================================================
Received Import Request.
  Time since last request: 0.000028 seconds.
  path: Assets/ModularHousePack1/Prefabs/Modules/Roads/Parts/Slab_1.prefab
  artifactKey: Guid(1f8b2aea4a19c6b49aa04d437ba257e2) Importer(815301076,1909f56bfc062723c751e8b465ee728b)
Start importing Assets/ModularHousePack1/Prefabs/Modules/Roads/Parts/Slab_1.prefab using Guid(1f8b2aea4a19c6b49aa04d437ba257e2) Importer(815301076,1909f56bfc062723c751e8b465ee728b)  -> (artifact id: '77c454fceba997347e9095ffa2731aa6') in 0.044951 seconds
Number of updated asset objects reloaded before import = 0
Number of asset objects unloaded after import = 12
========================================================================
Received Import Request.
  Time since last request: 0.000048 seconds.
  path: Assets/ModularHousePack1/Prefabs/Modules/Roads/Parts/Slab_5.prefab
  artifactKey: Guid(fca0a90abf8ef354e9b6b4562b5a342f) Importer(815301076,1909f56bfc062723c751e8b465ee728b)
Start importing Assets/ModularHousePack1/Prefabs/Modules/Roads/Parts/Slab_5.prefab using Guid(fca0a90abf8ef354e9b6b4562b5a342f) Importer(815301076,1909f56bfc062723c751e8b465ee728b)  -> (artifact id: '0b403278a7f1a301a6d72bca528e39be') in 0.047242 seconds
Number of updated asset objects reloaded before import = 0
Number of asset objects unloaded after import = 12
========================================================================
Received Import Request.
  Time since last request: 0.000042 seconds.
  path: Assets/ModularHousePack1/Prefabs/Modules/Roads/Parts/Slab_2.prefab
  artifactKey: Guid(92cc69eae3f11624f97bada49aa65f7a) Importer(815301076,1909f56bfc062723c751e8b465ee728b)
Start importing Assets/ModularHousePack1/Prefabs/Modules/Roads/Parts/Slab_2.prefab using Guid(92cc69eae3f11624f97bada49aa65f7a) Importer(815301076,1909f56bfc062723c751e8b465ee728b)  -> (artifact id: 'a411ad333bba51b9f70982a5d715347f') in 0.063177 seconds
Number of updated asset objects reloaded before import = 0
Number of asset objects unloaded after import = 12
========================================================================
Received Import Request.
  Time since last request: 0.000042 seconds.
  path: Assets/ModularHousePack1/Prefabs/Modules/Roads/Parts/Road_3.prefab
  artifactKey: Guid(85f14fb04dda4ef4a977ec13bac7d97b) Importer(815301076,1909f56bfc062723c751e8b465ee728b)
Start importing Assets/ModularHousePack1/Prefabs/Modules/Roads/Parts/Road_3.prefab using Guid(85f14fb04dda4ef4a977ec13bac7d97b) Importer(815301076,1909f56bfc062723c751e8b465ee728b)  -> (artifact id: 'fafaae9cacc190ebf8c9462cf5d45f48') in 0.048603 seconds
Number of updated asset objects reloaded before import = 0
Number of asset objects unloaded after import = 12
========================================================================
Received Import Request.
  Time since last request: 0.000065 seconds.
  path: Assets/ModularHousePack1/Prefabs/Modules/Roads/Parts/Pavement_5.prefab
  artifactKey: Guid(814dc0f904066664ab2790f2b14f574b) Importer(815301076,1909f56bfc062723c751e8b465ee728b)
Start importing Assets/ModularHousePack1/Prefabs/Modules/Roads/Parts/Pavement_5.prefab using Guid(814dc0f904066664ab2790f2b14f574b) Importer(815301076,1909f56bfc062723c751e8b465ee728b)  -> (artifact id: 'f33bc791c2461d01baeac6ef582da6df') in 0.038729 seconds
Number of updated asset objects reloaded before import = 0
Number of asset objects unloaded after import = 15
========================================================================
Received Import Request.
  Time since last request: 7.985858 seconds.
  path: Assets/ModularHousePack1/Prefabs/Modules/Ground
  artifactKey: Guid(bb7bb8cd074394647aacabbfac2bee5d) Importer(815301076,1909f56bfc062723c751e8b465ee728b)
Start importing Assets/ModularHousePack1/Prefabs/Modules/Ground using Guid(bb7bb8cd074394647aacabbfac2bee5d) Importer(815301076,1909f56bfc062723c751e8b465ee728b)  -> (artifact id: '1cd629f7f206570dcf0e7fb3bb729df8') in 0.000879 seconds
Number of updated asset objects reloaded before import = 0
Number of asset objects unloaded after import = 0
========================================================================
Received Import Request.
  Time since last request: 0.048663 seconds.
  path: Assets/ModularHousePack1/Prefabs/Modules/Ground/Ground.prefab
  artifactKey: Guid(4a750097d33b7f647bb712ac1cd84146) Importer(815301076,1909f56bfc062723c751e8b465ee728b)
Start importing Assets/ModularHousePack1/Prefabs/Modules/Ground/Ground.prefab using Guid(4a750097d33b7f647bb712ac1cd84146) Importer(815301076,1909f56bfc062723c751e8b465ee728b)  -> (artifact id: '6afb3f57c397ef14decffbfee31a8be5') in 0.055051 seconds
Number of updated asset objects reloaded before import = 0
Number of asset objects unloaded after import = 13
========================================================================
Received Import Request.
  Time since last request: 1013.613037 seconds.
  path: Assets/ModularHousePack1/Prefabs/Modules/Tiles
  artifactKey: Guid(4f43f3c139bc6b049b86448744d6288b) Importer(815301076,1909f56bfc062723c751e8b465ee728b)
Start importing Assets/ModularHousePack1/Prefabs/Modules/Tiles using Guid(4f43f3c139bc6b049b86448744d6288b) Importer(815301076,1909f56bfc062723c751e8b465ee728b)  -> (artifact id: '839ed13e3d3770522ea8b76cf8b499eb') in 0.002627 seconds
Number of updated asset objects reloaded before import = 0
Number of asset objects unloaded after import = 0
========================================================================
Received Import Request.
  Time since last request: 0.060687 seconds.
  path: Assets/ModularHousePack1/Prefabs/Modules/Tiles/Tiles.prefab
  artifactKey: Guid(f065d5ccdda3baa4c917987a172ed394) Importer(815301076,1909f56bfc062723c751e8b465ee728b)
Start importing Assets/ModularHousePack1/Prefabs/Modules/Tiles/Tiles.prefab using Guid(f065d5ccdda3baa4c917987a172ed394) Importer(815301076,1909f56bfc062723c751e8b465ee728b)  -> (artifact id: '295b1dbe294ad3d29bb19dc1177e6c69') in 0.049063 seconds
Number of updated asset objects reloaded before import = 0
Number of asset objects unloaded after import = 12
========================================================================
Received Import Request.
  Time since last request: 902.011590 seconds.
  path: Assets/ModularHousePack1/Prefabs/Modules/Corners
  artifactKey: Guid(8eb22af72429c86468750838fa6de5d0) Importer(815301076,1909f56bfc062723c751e8b465ee728b)
Start importing Assets/ModularHousePack1/Prefabs/Modules/Corners using Guid(8eb22af72429c86468750838fa6de5d0) Importer(815301076,1909f56bfc062723c751e8b465ee728b)  -> (artifact id: 'ceccba41b4c26c01dce32a360879b381') in 0.001250 seconds
Number of updated asset objects reloaded before import = 0
Number of asset objects unloaded after import = 0
========================================================================
Received Import Request.
  Time since last request: 0.067201 seconds.
  path: Assets/ModularHousePack1/Prefabs/Modules/Corners/Corner_1A.prefab
  artifactKey: Guid(02cad59253e36fa42b9b54704b98183a) Importer(815301076,1909f56bfc062723c751e8b465ee728b)
Start importing Assets/ModularHousePack1/Prefabs/Modules/Corners/Corner_1A.prefab using Guid(02cad59253e36fa42b9b54704b98183a) Importer(815301076,1909f56bfc062723c751e8b465ee728b)  -> (artifact id: '077f1e1f411c5c1befd309cdd344b915') in 0.071271 seconds
Number of updated asset objects reloaded before import = 0
Number of asset objects unloaded after import = 38
========================================================================
Received Import Request.
  Time since last request: 0.001241 seconds.
  path: Assets/ModularHousePack1/Prefabs/Modules/Corners/Corner_1C.prefab
  artifactKey: Guid(4ae54769fcea78749b2aeaec06e8a5c8) Importer(815301076,1909f56bfc062723c751e8b465ee728b)
Start importing Assets/ModularHousePack1/Prefabs/Modules/Corners/Corner_1C.prefab using Guid(4ae54769fcea78749b2aeaec06e8a5c8) Importer(815301076,1909f56bfc062723c751e8b465ee728b)  -> (artifact id: '9b79f969fe4d1d8e8baf175a86da4ee3') in 0.079687 seconds
Number of updated asset objects reloaded before import = 0
Number of asset objects unloaded after import = 42
========================================================================
Received Import Request.
  Time since last request: 0.000052 seconds.
  path: Assets/ModularHousePack1/Prefabs/Modules/Corners/Corner_3A.prefab
  artifactKey: Guid(5f548698500ffa14f8ca1b1dca5aeeff) Importer(815301076,1909f56bfc062723c751e8b465ee728b)
Start importing Assets/ModularHousePack1/Prefabs/Modules/Corners/Corner_3A.prefab using Guid(5f548698500ffa14f8ca1b1dca5aeeff) Importer(815301076,1909f56bfc062723c751e8b465ee728b)  -> (artifact id: '9a5a8c5e97e15239dcd521f57fa2461d') in 0.223491 seconds
Number of updated asset objects reloaded before import = 0
Number of asset objects unloaded after import = 312
========================================================================
Received Import Request.
  Time since last request: 0.000093 seconds.
  path: Assets/ModularHousePack1/Prefabs/Modules/Corners/Corner_6B.prefab
  artifactKey: Guid(98ca116ff5514604c90983fbbb32c2cc) Importer(815301076,1909f56bfc062723c751e8b465ee728b)
Start importing Assets/ModularHousePack1/Prefabs/Modules/Corners/Corner_6B.prefab using Guid(98ca116ff5514604c90983fbbb32c2cc) Importer(815301076,1909f56bfc062723c751e8b465ee728b)  -> (artifact id: 'f426ac99192fa5e38aea51d850b121ba') in 0.050713 seconds
Number of updated asset objects reloaded before import = 0
Number of asset objects unloaded after import = 12
========================================================================
Received Import Request.
  Time since last request: 0.000065 seconds.
  path: Assets/ModularHousePack1/Prefabs/Modules/Corners/Corner_2A.prefab
  artifactKey: Guid(d18f641abbb45574e87416eb5140594c) Importer(815301076,1909f56bfc062723c751e8b465ee728b)
Start importing Assets/ModularHousePack1/Prefabs/Modules/Corners/Corner_2A.prefab using Guid(d18f641abbb45574e87416eb5140594c) Importer(815301076,1909f56bfc062723c751e8b465ee728b)  -> (artifact id: 'f2fcca0371ffd085f05a29f9223d9c59') in 0.155372 seconds
Number of updated asset objects reloaded before import = 0
Number of asset objects unloaded after import = 180
========================================================================
Received Import Request.
  Time since last request: 0.000051 seconds.
  path: Assets/ModularHousePack1/Prefabs/Modules/Corners/Corner_5C.prefab
  artifactKey: Guid(dcc08d4d9993c744395541a84cb87e36) Importer(815301076,1909f56bfc062723c751e8b465ee728b)
Start importing Assets/ModularHousePack1/Prefabs/Modules/Corners/Corner_5C.prefab using Guid(dcc08d4d9993c744395541a84cb87e36) Importer(815301076,1909f56bfc062723c751e8b465ee728b)  -> (artifact id: 'f0f6c94f920284e54a93c2f1d249a2ab') in 0.176409 seconds
Number of updated asset objects reloaded before import = 0
Number of asset objects unloaded after import = 250
========================================================================
Received Import Request.
  Time since last request: 0.000043 seconds.
  path: Assets/ModularHousePack1/Prefabs/Modules/Corners/Corner_4B.prefab
  artifactKey: Guid(e14bcf6c5d6a25c4fa7ca89d8ef9ea00) Importer(815301076,1909f56bfc062723c751e8b465ee728b)
Start importing Assets/ModularHousePack1/Prefabs/Modules/Corners/Corner_4B.prefab using Guid(e14bcf6c5d6a25c4fa7ca89d8ef9ea00) Importer(815301076,1909f56bfc062723c751e8b465ee728b)  -> (artifact id: 'd08a50c6ef0d5655b5f634bc9e8162ef') in 0.113929 seconds
Number of updated asset objects reloaded before import = 0
Number of asset objects unloaded after import = 199
========================================================================
Received Import Request.
  Time since last request: 0.000058 seconds.
  path: Assets/ModularHousePack1/Prefabs/Modules/Corners/Corner_7B.prefab
  artifactKey: Guid(a8188ff02276595458f9a97cb9749ce3) Importer(815301076,1909f56bfc062723c751e8b465ee728b)
Start importing Assets/ModularHousePack1/Prefabs/Modules/Corners/Corner_7B.prefab using Guid(a8188ff02276595458f9a97cb9749ce3) Importer(815301076,1909f56bfc062723c751e8b465ee728b)  -> (artifact id: '0affdc282309bc736744ab937a49b880') in 0.045375 seconds
Number of updated asset objects reloaded before import = 0
Number of asset objects unloaded after import = 24
========================================================================
Received Import Request.
  Time since last request: 0.000091 seconds.
  path: Assets/ModularHousePack1/Prefabs/Modules/Corners/Corner_8.prefab
  artifactKey: Guid(0b906b7f8278b1b4abb9525951fde952) Importer(815301076,1909f56bfc062723c751e8b465ee728b)
Start importing Assets/ModularHousePack1/Prefabs/Modules/Corners/Corner_8.prefab using Guid(0b906b7f8278b1b4abb9525951fde952) Importer(815301076,1909f56bfc062723c751e8b465ee728b)  -> (artifact id: 'c3585b4caeed80bc7a015788dc8f79b1') in 0.046785 seconds
Number of updated asset objects reloaded before import = 0
Number of asset objects unloaded after import = 22
========================================================================
Received Import Request.
  Time since last request: 0.000045 seconds.
  path: Assets/ModularHousePack1/Prefabs/Modules/Corners/Corner_7A.prefab
  artifactKey: Guid(af6261c53791aaf4abfc6911727177a6) Importer(815301076,1909f56bfc062723c751e8b465ee728b)
Start importing Assets/ModularHousePack1/Prefabs/Modules/Corners/Corner_7A.prefab using Guid(af6261c53791aaf4abfc6911727177a6) Importer(815301076,1909f56bfc062723c751e8b465ee728b)  -> (artifact id: '377e211f5f00e08383c3407d29c9a295') in 0.055857 seconds
Number of updated asset objects reloaded before import = 0
Number of asset objects unloaded after import = 35
========================================================================
Received Import Request.
  Time since last request: 56.092993 seconds.
  path: Assets/LowpolyStreetPack/Meshes/Bridges.FBX
  artifactKey: Guid(743b5a36add64654a83f60be2beee9f1) Importer(815301076,1909f56bfc062723c751e8b465ee728b)
Start importing Assets/LowpolyStreetPack/Meshes/Bridges.FBX using Guid(743b5a36add64654a83f60be2beee9f1) Importer(815301076,1909f56bfc062723c751e8b465ee728b)  -> (artifact id: '4ad5d0ee85cfa5acddfb7c54b1f22f5b') in 0.324389 seconds
Number of updated asset objects reloaded before import = 0
Number of asset objects unloaded after import = 68
========================================================================
Received Import Request.
  Time since last request: 0.000090 seconds.
  path: Assets/LowpolyStreetPack/Meshes/Park.FBX
  artifactKey: Guid(63c115d4cb97ebb429c815dffc7a05d7) Importer(815301076,1909f56bfc062723c751e8b465ee728b)
Start importing Assets/LowpolyStreetPack/Meshes/Park.FBX using Guid(63c115d4cb97ebb429c815dffc7a05d7) Importer(815301076,1909f56bfc062723c751e8b465ee728b)  -> (artifact id: 'bf8b7817da9a14b34566ba1f51fea534') in 0.201281 seconds
Number of updated asset objects reloaded before import = 0
Number of asset objects unloaded after import = 51
========================================================================
Received Import Request.
  Time since last request: 0.000046 seconds.
  path: Assets/LowpolyStreetPack/Meshes/LightShape.FBX
  artifactKey: Guid(d5ff1f5c1c85a3b4b97e383bb087d486) Importer(815301076,1909f56bfc062723c751e8b465ee728b)
Start importing Assets/LowpolyStreetPack/Meshes/LightShape.FBX using Guid(d5ff1f5c1c85a3b4b97e383bb087d486) Importer(815301076,1909f56bfc062723c751e8b465ee728b)  -> (artifact id: '594e2b389260b47ae4688fbdcfe6b963') in 0.038863 seconds
Number of updated asset objects reloaded before import = 0
Number of asset objects unloaded after import = 9
========================================================================
Received Import Request.
  Time since last request: 0.000046 seconds.
  path: Assets/LowpolyStreetPack/Meshes/StreetProps.FBX
  artifactKey: Guid(29b8da6fbd3c2b542bf7bcda4beeab81) Importer(815301076,1909f56bfc062723c751e8b465ee728b)
Start importing Assets/LowpolyStreetPack/Meshes/StreetProps.FBX using Guid(29b8da6fbd3c2b542bf7bcda4beeab81) Importer(815301076,1909f56bfc062723c751e8b465ee728b)  -> (artifact id: '7193ea43ac35b7283c3f1ba9e14ca963') in 0.636602 seconds
Number of updated asset objects reloaded before import = 0
Number of asset objects unloaded after import = 256
========================================================================
Received Import Request.
  Time since last request: 4.032080 seconds.
  path: Assets/LowpolyStreetPack/Prefabs/Foliage
  artifactKey: Guid(9b9c8d87e35c60341bb32c9c39edd7ce) Importer(815301076,1909f56bfc062723c751e8b465ee728b)
Start importing Assets/LowpolyStreetPack/Prefabs/Foliage using Guid(9b9c8d87e35c60341bb32c9c39edd7ce) Importer(815301076,1909f56bfc062723c751e8b465ee728b)  -> (artifact id: 'f6884d49af5f014804ce85e9c4de3e4e') in 0.001357 seconds
Number of updated asset objects reloaded before import = 0
Number of asset objects unloaded after import = 0
========================================================================
Received Import Request.
  Time since last request: 1.988779 seconds.
  path: Assets/LowpolyStreetPack/Prefabs/Foliage/Trees
  artifactKey: Guid(5313b15047b8c3c40959f617d7774633) Importer(815301076,1909f56bfc062723c751e8b465ee728b)
Start importing Assets/LowpolyStreetPack/Prefabs/Foliage/Trees using Guid(5313b15047b8c3c40959f617d7774633) Importer(815301076,1909f56bfc062723c751e8b465ee728b)  -> (artifact id: 'faf075640837a89463973dadd56f0438') in 0.000639 seconds
Number of updated asset objects reloaded before import = 0
Number of asset objects unloaded after import = 0
========================================================================
Received Import Request.
  Time since last request: 0.053085 seconds.
  path: Assets/LowpolyStreetPack/Prefabs/Foliage/Trees/Tree_A_V01.prefab
  artifactKey: Guid(c156f39e6d4ee694f90c9915e2daa633) Importer(815301076,1909f56bfc062723c751e8b465ee728b)
Start importing Assets/LowpolyStreetPack/Prefabs/Foliage/Trees/Tree_A_V01.prefab using Guid(c156f39e6d4ee694f90c9915e2daa633) Importer(815301076,1909f56bfc062723c751e8b465ee728b)  -> (artifact id: '65bdbc870a040d874fa5adcc38df4762') in 0.540608 seconds
Number of updated asset objects reloaded before import = 0
Number of asset objects unloaded after import = 12
========================================================================
Received Import Request.
  Time since last request: 0.000033 seconds.
  path: Assets/LowpolyStreetPack/Prefabs/Foliage/Trees/Tree_C_V01_Leaves02.prefab
  artifactKey: Guid(32d2e5d1cabae6444b948edacd56ce93) Importer(815301076,1909f56bfc062723c751e8b465ee728b)
Start importing Assets/LowpolyStreetPack/Prefabs/Foliage/Trees/Tree_C_V01_Leaves02.prefab using Guid(32d2e5d1cabae6444b948edacd56ce93) Importer(815301076,1909f56bfc062723c751e8b465ee728b)  -> (artifact id: '427ea2dea5b8fb9a97284ab6ffed5535') in 0.114522 seconds
Number of updated asset objects reloaded before import = 0
Number of asset objects unloaded after import = 12
========================================================================
Received Import Request.
  Time since last request: 0.000056 seconds.
  path: Assets/LowpolyStreetPack/Prefabs/Foliage/Trees/Tree_D_V02.prefab
  artifactKey: Guid(11a2f126e7486544e83b6187da76a55d) Importer(815301076,1909f56bfc062723c751e8b465ee728b)
Start importing Assets/LowpolyStreetPack/Prefabs/Foliage/Trees/Tree_D_V02.prefab using Guid(11a2f126e7486544e83b6187da76a55d) Importer(815301076,1909f56bfc062723c751e8b465ee728b)  -> (artifact id: 'cf7f35c13e41901a1c38b0d38c4495f6') in 0.070764 seconds
Number of updated asset objects reloaded before import = 0
Number of asset objects unloaded after import = 12
========================================================================
Received Import Request.
  Time since last request: 3.155924 seconds.
  path: Assets/LowpolyStreetPack/Prefabs/Foliage/Bushes
  artifactKey: Guid(0788bd82edc256c44b5075ec49c7361b) Importer(815301076,1909f56bfc062723c751e8b465ee728b)
Start importing Assets/LowpolyStreetPack/Prefabs/Foliage/Bushes using Guid(0788bd82edc256c44b5075ec49c7361b) Importer(815301076,1909f56bfc062723c751e8b465ee728b)  -> (artifact id: 'd8f56fb2236a2df53e1817a75306409e') in 0.000937 seconds
Number of updated asset objects reloaded before import = 0
Number of asset objects unloaded after import = 0
========================================================================
Received Import Request.
  Time since last request: 0.051410 seconds.
  path: Assets/LowpolyStreetPack/Prefabs/Foliage/Bushes/Bush_A.prefab
  artifactKey: Guid(40aac346b699b524aac86fc0f66aa311) Importer(815301076,1909f56bfc062723c751e8b465ee728b)
Start importing Assets/LowpolyStreetPack/Prefabs/Foliage/Bushes/Bush_A.prefab using Guid(40aac346b699b524aac86fc0f66aa311) Importer(815301076,1909f56bfc062723c751e8b465ee728b)  -> (artifact id: '565c44c4fbee2ed1d7ef42d3c4590389') in 0.054854 seconds
Number of updated asset objects reloaded before import = 0
Number of asset objects unloaded after import = 11
========================================================================
Received Import Request.
  Time since last request: 0.000038 seconds.
  path: Assets/LowpolyStreetPack/Prefabs/Foliage/Bushes/Bush_E_Leaves03.prefab
  artifactKey: Guid(dec4450be21d021449756129e0524725) Importer(815301076,1909f56bfc062723c751e8b465ee728b)
Start importing Assets/LowpolyStreetPack/Prefabs/Foliage/Bushes/Bush_E_Leaves03.prefab using Guid(dec4450be21d021449756129e0524725) Importer(815301076,1909f56bfc062723c751e8b465ee728b)  -> (artifact id: '1ab31f90dc7774dca9c2bd4dd5d20786') in 0.062841 seconds
Number of updated asset objects reloaded before import = 0
Number of asset objects unloaded after import = 11
========================================================================
Received Import Request.
  Time since last request: 163.706425 seconds.
  path: Assets/LowpolyStreetPack/Prefabs/Foliage/Trees_Big
  artifactKey: Guid(d46c67d45e5b86d45b461d5a9a67bbe0) Importer(815301076,1909f56bfc062723c751e8b465ee728b)
Start importing Assets/LowpolyStreetPack/Prefabs/Foliage/Trees_Big using Guid(d46c67d45e5b86d45b461d5a9a67bbe0) Importer(815301076,1909f56bfc062723c751e8b465ee728b)  -> (artifact id: '82d979d5718bd1761d7b46e557dac427') in 0.000910 seconds
Number of updated asset objects reloaded before import = 0
Number of asset objects unloaded after import = 0
========================================================================
Received Import Request.
  Time since last request: 0.450481 seconds.
  path: Assets/LowpolyStreetPack/Prefabs/Foliage/Trees_Big/Bush_A.prefab
  artifactKey: Guid(3464b129474a7fd469ad1c0f4836ae8b) Importer(815301076,1909f56bfc062723c751e8b465ee728b)
Start importing Assets/LowpolyStreetPack/Prefabs/Foliage/Trees_Big/Bush_A.prefab using Guid(3464b129474a7fd469ad1c0f4836ae8b) Importer(815301076,1909f56bfc062723c751e8b465ee728b)  -> (artifact id: '32e50598b04ed862cd30f3b712f27604') in 0.002151 seconds
Number of updated asset objects reloaded before import = 0
Number of asset objects unloaded after import = 6
========================================================================
Received Import Request.
  Time since last request: 0.000013 seconds.
  path: Assets/LowpolyStreetPack/Prefabs/Foliage/Trees_Big/Bush_E.prefab
  artifactKey: Guid(ebf79836e5911ff47a36c236937e6e5a) Importer(815301076,1909f56bfc062723c751e8b465ee728b)
Start importing Assets/LowpolyStreetPack/Prefabs/Foliage/Trees_Big/Bush_E.prefab using Guid(ebf79836e5911ff47a36c236937e6e5a) Importer(815301076,1909f56bfc062723c751e8b465ee728b)  -> (artifact id: '2b1fc42bba30b57fc998c8e769502172') in 0.001830 seconds
Number of updated asset objects reloaded before import = 0
Number of asset objects unloaded after import = 6
========================================================================
Received Import Request.
  Time since last request: 0.000013 seconds.
  path: Assets/LowpolyStreetPack/Prefabs/Foliage/Trees_Big/Tree_B_V02.prefab
  artifactKey: Guid(8f14077b4ff0a4c48b1e245660602668) Importer(815301076,1909f56bfc062723c751e8b465ee728b)
Start importing Assets/LowpolyStreetPack/Prefabs/Foliage/Trees_Big/Tree_B_V02.prefab using Guid(8f14077b4ff0a4c48b1e245660602668) Importer(815301076,1909f56bfc062723c751e8b465ee728b)  -> (artifact id: '5d96173c8abf317a991a77ad4ddb6b92') in 0.002268 seconds
Number of updated asset objects reloaded before import = 0
Number of asset objects unloaded after import = 6
========================================================================
Received Import Request.
  Time since last request: 26.092993 seconds.
  path: Assets/LowpolyStreetPack/Prefabs/StreetProps
  artifactKey: Guid(98039ef193d0699409e5f3a4d7da8ebb) Importer(815301076,1909f56bfc062723c751e8b465ee728b)
Start importing Assets/LowpolyStreetPack/Prefabs/StreetProps using Guid(98039ef193d0699409e5f3a4d7da8ebb) Importer(815301076,1909f56bfc062723c751e8b465ee728b)  -> (artifact id: 'f5b48f7e88dbae31e2b2875bb0d71e1e') in 0.000733 seconds
Number of updated asset objects reloaded before import = 0
Number of asset objects unloaded after import = 0
========================================================================
Received Import Request.
  Time since last request: 3.795874 seconds.
  path: Assets/LowpolyStreetPack/Prefabs/StreetProps/Bench
  artifactKey: Guid(da9b03db2b0a1174683b9c812dadcdbb) Importer(815301076,1909f56bfc062723c751e8b465ee728b)
Start importing Assets/LowpolyStreetPack/Prefabs/StreetProps/Bench using Guid(da9b03db2b0a1174683b9c812dadcdbb) Importer(815301076,1909f56bfc062723c751e8b465ee728b)  -> (artifact id: 'f0b12b113e66207696b542528f3ff374') in 0.000612 seconds
Number of updated asset objects reloaded before import = 0
Number of asset objects unloaded after import = 0
========================================================================
Received Import Request.
  Time since last request: 0.068322 seconds.
  path: Assets/LowpolyStreetPack/Prefabs/StreetProps/Bench/Bench_A.prefab
  artifactKey: Guid(f3878ef94022a6f459f18f2e12cd6813) Importer(815301076,1909f56bfc062723c751e8b465ee728b)
Start importing Assets/LowpolyStreetPack/Prefabs/StreetProps/Bench/Bench_A.prefab using Guid(f3878ef94022a6f459f18f2e12cd6813) Importer(815301076,1909f56bfc062723c751e8b465ee728b)  -> (artifact id: '6b3220fb592106f3eb839576d057c2dd') in 0.058242 seconds
Number of updated asset objects reloaded before import = 0
Number of asset objects unloaded after import = 10
========================================================================
Received Import Request.
  Time since last request: 19.897196 seconds.
  path: Assets/LowpolyStreetPack/Prefabs/StreetProps/MailBox
  artifactKey: Guid(1ec78424ac911c348a0f3325218d6c42) Importer(815301076,1909f56bfc062723c751e8b465ee728b)
Start importing Assets/LowpolyStreetPack/Prefabs/StreetProps/MailBox using Guid(1ec78424ac911c348a0f3325218d6c42) Importer(815301076,1909f56bfc062723c751e8b465ee728b)  -> (artifact id: '45d479c27d4d36a175a193c80fc314b5') in 0.000845 seconds
Number of updated asset objects reloaded before import = 0
Number of asset objects unloaded after import = 0
========================================================================
Received Import Request.
  Time since last request: 0.053148 seconds.
  path: Assets/LowpolyStreetPack/Prefabs/StreetProps/MailBox/MailBox.prefab
  artifactKey: Guid(832783ac41f2d70468c4995bebfabfb7) Importer(815301076,1909f56bfc062723c751e8b465ee728b)
Start importing Assets/LowpolyStreetPack/Prefabs/StreetProps/MailBox/MailBox.prefab using Guid(832783ac41f2d70468c4995bebfabfb7) Importer(815301076,1909f56bfc062723c751e8b465ee728b)  -> (artifact id: 'f8008c2ce1733a3b50f97c69db000662') in 0.042353 seconds
Number of updated asset objects reloaded before import = 0
Number of asset objects unloaded after import = 10
========================================================================
Received Import Request.
  Time since last request: 33.021439 seconds.
  path: Assets/LowpolyStreetPack/Prefabs/Roads
  artifactKey: Guid(7e0cb60d20a2914449d2d32dfc85385f) Importer(815301076,1909f56bfc062723c751e8b465ee728b)
Start importing Assets/LowpolyStreetPack/Prefabs/Roads using Guid(7e0cb60d20a2914449d2d32dfc85385f) Importer(815301076,1909f56bfc062723c751e8b465ee728b)  -> (artifact id: 'a468466f0e5fef3f1e13f0434a3e6299') in 0.000787 seconds
Number of updated asset objects reloaded before import = 0
Number of asset objects unloaded after import = 0
========================================================================
Received Import Request.
  Time since last request: 3.787402 seconds.
  path: Assets/LowpolyStreetPack/Prefabs/Roads/Pavement
  artifactKey: Guid(8970927579c469249827e111b089b26c) Importer(815301076,1909f56bfc062723c751e8b465ee728b)
Start importing Assets/LowpolyStreetPack/Prefabs/Roads/Pavement using Guid(8970927579c469249827e111b089b26c) Importer(815301076,1909f56bfc062723c751e8b465ee728b)  -> (artifact id: '62c05f109fd01eeef187f97d40646073') in 0.000687 seconds
Number of updated asset objects reloaded before import = 0
Number of asset objects unloaded after import = 0
========================================================================
Received Import Request.
  Time since last request: 0.561324 seconds.
  path: Assets/LowpolyStreetPack/Prefabs/Roads/Streets
  artifactKey: Guid(5929001d41b180746bd02a505a576a63) Importer(815301076,1909f56bfc062723c751e8b465ee728b)
Start importing Assets/LowpolyStreetPack/Prefabs/Roads/Streets using Guid(5929001d41b180746bd02a505a576a63) Importer(815301076,1909f56bfc062723c751e8b465ee728b)  -> (artifact id: '7d0bcb0e81222c5f63729c8f63916e95') in 0.000760 seconds
Number of updated asset objects reloaded before import = 0
Number of asset objects unloaded after import = 0
========================================================================
Received Import Request.
  Time since last request: 0.052825 seconds.
  path: Assets/LowpolyStreetPack/Prefabs/Roads/Streets/Road_BusStop.prefab
  artifactKey: Guid(83ed90dae17b7494b8dc65ff572d8897) Importer(815301076,1909f56bfc062723c751e8b465ee728b)
Start importing Assets/LowpolyStreetPack/Prefabs/Roads/Streets/Road_BusStop.prefab using Guid(83ed90dae17b7494b8dc65ff572d8897) Importer(815301076,1909f56bfc062723c751e8b465ee728b)  -> (artifact id: 'fb14aeaee4d8d72d2f3732f30e300225') in 0.057410 seconds
Number of updated asset objects reloaded before import = 0
Number of asset objects unloaded after import = 10
========================================================================
Received Import Request.
  Time since last request: 0.000043 seconds.
  path: Assets/LowpolyStreetPack/Prefabs/Roads/Streets/Road_Cross_Double_B_B.prefab
  artifactKey: Guid(e544891603a68eb41a8c40ea47764ab5) Importer(815301076,1909f56bfc062723c751e8b465ee728b)
Start importing Assets/LowpolyStreetPack/Prefabs/Roads/Streets/Road_Cross_Double_B_B.prefab using Guid(e544891603a68eb41a8c40ea47764ab5) Importer(815301076,1909f56bfc062723c751e8b465ee728b)  -> (artifact id: '1828f0567f4460a489745320432a1e14') in 0.071039 seconds
Number of updated asset objects reloaded before import = 0
Number of asset objects unloaded after import = 10
========================================================================
Received Import Request.
  Time since last request: 0.000059 seconds.
  path: Assets/LowpolyStreetPack/Prefabs/Roads/Streets/Road_Intersection_A.prefab
  artifactKey: Guid(ea055b41d57bcfa4f933e17644a305ba) Importer(815301076,1909f56bfc062723c751e8b465ee728b)
Start importing Assets/LowpolyStreetPack/Prefabs/Roads/Streets/Road_Intersection_A.prefab using Guid(ea055b41d57bcfa4f933e17644a305ba) Importer(815301076,1909f56bfc062723c751e8b465ee728b)  -> (artifact id: '557ad548cf56dfd25d0866a2d626ae67') in 0.067540 seconds
Number of updated asset objects reloaded before import = 0
Number of asset objects unloaded after import = 10
========================================================================
Received Import Request.
  Time since last request: 0.000035 seconds.
  path: Assets/LowpolyStreetPack/Prefabs/Roads/Streets/Road_End_A.prefab
  artifactKey: Guid(46aceb8c4fbd8a3478e3bb41629a9afd) Importer(815301076,1909f56bfc062723c751e8b465ee728b)
Start importing Assets/LowpolyStreetPack/Prefabs/Roads/Streets/Road_End_A.prefab using Guid(46aceb8c4fbd8a3478e3bb41629a9afd) Importer(815301076,1909f56bfc062723c751e8b465ee728b)  -> (artifact id: 'ed81ce95dbb0c4d753f14fbdebaf2725') in 0.074048 seconds
Number of updated asset objects reloaded before import = 0
Number of asset objects unloaded after import = 10
========================================================================
Received Import Request.
  Time since last request: 0.000031 seconds.
  path: Assets/LowpolyStreetPack/Prefabs/Roads/Streets/Road_Streight_A.prefab
  artifactKey: Guid(f3f099a1e77db0f43b8f3e7fe072979b) Importer(815301076,1909f56bfc062723c751e8b465ee728b)
Start importing Assets/LowpolyStreetPack/Prefabs/Roads/Streets/Road_Streight_A.prefab using Guid(f3f099a1e77db0f43b8f3e7fe072979b) Importer(815301076,1909f56bfc062723c751e8b465ee728b)  -> (artifact id: '362c28110a107c201ce511c8da02d6d7') in 0.079299 seconds
Number of updated asset objects reloaded before import = 0
Number of asset objects unloaded after import = 10
========================================================================
Received Import Request.
  Time since last request: 0.000043 seconds.
  path: Assets/LowpolyStreetPack/Prefabs/Roads/Streets/Road_Intersection_D.prefab
  artifactKey: Guid(b296d935b89065c40908341d9004426e) Importer(815301076,1909f56bfc062723c751e8b465ee728b)
Start importing Assets/LowpolyStreetPack/Prefabs/Roads/Streets/Road_Intersection_D.prefab using Guid(b296d935b89065c40908341d9004426e) Importer(815301076,1909f56bfc062723c751e8b465ee728b)  -> (artifact id: '7d560e44f2a103afd76bb67ec1e0026d') in 0.059291 seconds
Number of updated asset objects reloaded before import = 0
Number of asset objects unloaded after import = 10
========================================================================
Received Import Request.
  Time since last request: 0.000054 seconds.
  path: Assets/LowpolyStreetPack/Prefabs/Roads/Streets/Road_Streight_Double_A.prefab
  artifactKey: Guid(d7d436d613cf3c04391992a34ceb777e) Importer(815301076,1909f56bfc062723c751e8b465ee728b)
Start importing Assets/LowpolyStreetPack/Prefabs/Roads/Streets/Road_Streight_Double_A.prefab using Guid(d7d436d613cf3c04391992a34ceb777e) Importer(815301076,1909f56bfc062723c751e8b465ee728b)  -> (artifact id: 'd6843a4c7a98975793bc8721e6516c80') in 0.061241 seconds
Number of updated asset objects reloaded before import = 0
Number of asset objects unloaded after import = 10
========================================================================
Received Import Request.
  Time since last request: 0.000041 seconds.
  path: Assets/LowpolyStreetPack/Prefabs/Roads/Streets/Road_Cross_A_A.prefab
  artifactKey: Guid(d68dda66c3bb1bf4aadddbdb7f9d723f) Importer(815301076,1909f56bfc062723c751e8b465ee728b)
Start importing Assets/LowpolyStreetPack/Prefabs/Roads/Streets/Road_Cross_A_A.prefab using Guid(d68dda66c3bb1bf4aadddbdb7f9d723f) Importer(815301076,1909f56bfc062723c751e8b465ee728b)  -> (artifact id: '96093ae079d6f8857ec24b4c238ac4cd') in 0.076926 seconds
Number of updated asset objects reloaded before import = 0
Number of asset objects unloaded after import = 10
========================================================================
Received Import Request.
  Time since last request: 0.000044 seconds.
  path: Assets/LowpolyStreetPack/Prefabs/Roads/Streets/Road_Streight_C.prefab
  artifactKey: Guid(c8fd2f6b2033af643b3fbe62dba8316f) Importer(815301076,1909f56bfc062723c751e8b465ee728b)
Start importing Assets/LowpolyStreetPack/Prefabs/Roads/Streets/Road_Streight_C.prefab using Guid(c8fd2f6b2033af643b3fbe62dba8316f) Importer(815301076,1909f56bfc062723c751e8b465ee728b)  -> (artifact id: '55355d6a023abd9e3602d2c611e91c11') in 0.061834 seconds
Number of updated asset objects reloaded before import = 0
Number of asset objects unloaded after import = 10
========================================================================
Received Import Request.
  Time since last request: 0.000051 seconds.
  path: Assets/LowpolyStreetPack/Prefabs/Roads/Streets/Road_Cross_C_A.prefab
  artifactKey: Guid(349b813d00b77df41b5431df22c4012c) Importer(815301076,1909f56bfc062723c751e8b465ee728b)
Start importing Assets/LowpolyStreetPack/Prefabs/Roads/Streets/Road_Cross_C_A.prefab using Guid(349b813d00b77df41b5431df22c4012c) Importer(815301076,1909f56bfc062723c751e8b465ee728b)  -> (artifact id: '35e51ab9d803f395c20087ab504ebd82') in 0.061855 seconds
Number of updated asset objects reloaded before import = 0
Number of asset objects unloaded after import = 10
========================================================================
Received Import Request.
  Time since last request: 0.000057 seconds.
  path: Assets/LowpolyStreetPack/Prefabs/Roads/Streets/Road_Intersection_B.prefab
  artifactKey: Guid(36d6331372523c942ae5c5978bcd7cbf) Importer(815301076,1909f56bfc062723c751e8b465ee728b)
Start importing Assets/LowpolyStreetPack/Prefabs/Roads/Streets/Road_Intersection_B.prefab using Guid(36d6331372523c942ae5c5978bcd7cbf) Importer(815301076,1909f56bfc062723c751e8b465ee728b)  -> (artifact id: 'c3a8a3c9e767b011b03a5e1a0af249a1') in 0.062789 seconds
Number of updated asset objects reloaded before import = 0
Number of asset objects unloaded after import = 10
========================================================================
Received Import Request.
  Time since last request: 0.000052 seconds.
  path: Assets/LowpolyStreetPack/Prefabs/Roads/Streets/Road_Streight.prefab
  artifactKey: Guid(0880d9ac631f24f409114af2781b3480) Importer(815301076,1909f56bfc062723c751e8b465ee728b)
Start importing Assets/LowpolyStreetPack/Prefabs/Roads/Streets/Road_Streight.prefab using Guid(0880d9ac631f24f409114af2781b3480) Importer(815301076,1909f56bfc062723c751e8b465ee728b)  -> (artifact id: '190b67901c2dd3c874a969c520bc90cd') in 0.070391 seconds
Number of updated asset objects reloaded before import = 0
Number of asset objects unloaded after import = 10
========================================================================
Received Import Request.
  Time since last request: 3.048382 seconds.
  path: Assets/LowpolyStreetPack/Prefabs/Roads/Pavement/D
  artifactKey: Guid(45afa2802e8b1f54885cde59f55d6f98) Importer(815301076,1909f56bfc062723c751e8b465ee728b)
Start importing Assets/LowpolyStreetPack/Prefabs/Roads/Pavement/D using Guid(45afa2802e8b1f54885cde59f55d6f98) Importer(815301076,1909f56bfc062723c751e8b465ee728b)  -> (artifact id: '915160970d04020d96aecf4344eed971') in 0.001019 seconds
Number of updated asset objects reloaded before import = 0
Number of asset objects unloaded after import = 0
========================================================================
Received Import Request.
  Time since last request: 1.021921 seconds.
  path: Assets/LowpolyStreetPack/Prefabs/Roads/Pavement/A
  artifactKey: Guid(e91f65b44d311c64e9bf618801bf2ee4) Importer(815301076,1909f56bfc062723c751e8b465ee728b)
Start importing Assets/LowpolyStreetPack/Prefabs/Roads/Pavement/A using Guid(e91f65b44d311c64e9bf618801bf2ee4) Importer(815301076,1909f56bfc062723c751e8b465ee728b)  -> (artifact id: '9b5743da6f551ba80509368f874191e3') in 0.001473 seconds
Number of updated asset objects reloaded before import = 0
Number of asset objects unloaded after import = 0
========================================================================
Received Import Request.
  Time since last request: 0.069333 seconds.
  path: Assets/LowpolyStreetPack/Prefabs/Roads/Pavement/A/Pavement_A_A.prefab
  artifactKey: Guid(a03d40a2119b00e4ea30a894ecfc5e25) Importer(815301076,1909f56bfc062723c751e8b465ee728b)
Start importing Assets/LowpolyStreetPack/Prefabs/Roads/Pavement/A/Pavement_A_A.prefab using Guid(a03d40a2119b00e4ea30a894ecfc5e25) Importer(815301076,1909f56bfc062723c751e8b465ee728b)  -> (artifact id: 'c2b27b3fc70636cf281c0cae8d73d05f') in 0.149803 seconds
Number of updated asset objects reloaded before import = 0
Number of asset objects unloaded after import = 10
========================================================================
Received Import Request.
  Time since last request: 0.000050 seconds.
  path: Assets/LowpolyStreetPack/Prefabs/Roads/Pavement/A/Pavement_A_C.prefab
  artifactKey: Guid(03981fb7db4564b4e88901011e37938d) Importer(815301076,1909f56bfc062723c751e8b465ee728b)
Start importing Assets/LowpolyStreetPack/Prefabs/Roads/Pavement/A/Pavement_A_C.prefab using Guid(03981fb7db4564b4e88901011e37938d) Importer(815301076,1909f56bfc062723c751e8b465ee728b)  -> (artifact id: 'cf30e56adcfd8ca8bdb697a97ee941b8') in 0.102107 seconds
Number of updated asset objects reloaded before import = 0
Number of asset objects unloaded after import = 10
========================================================================
Received Import Request.
  Time since last request: 3.008346 seconds.
  path: Assets/LowpolyStreetPack/Prefabs/Roads/Pavement/B
  artifactKey: Guid(6a159c170b70d89449acc3b81fe9d8d0) Importer(815301076,1909f56bfc062723c751e8b465ee728b)
Start importing Assets/LowpolyStreetPack/Prefabs/Roads/Pavement/B using Guid(6a159c170b70d89449acc3b81fe9d8d0) Importer(815301076,1909f56bfc062723c751e8b465ee728b)  -> (artifact id: '547f27196ad6db838b9081195a356f92') in 0.000679 seconds
Number of updated asset objects reloaded before import = 0
Number of asset objects unloaded after import = 0
========================================================================
Received Import Request.
  Time since last request: 0.025277 seconds.
  path: Assets/LowpolyStreetPack/Prefabs/Roads/Pavement/B/Pavement_B_A.prefab
  artifactKey: Guid(adbcd2b64400c10469ac10a6be1058f5) Importer(815301076,1909f56bfc062723c751e8b465ee728b)
Start importing Assets/LowpolyStreetPack/Prefabs/Roads/Pavement/B/Pavement_B_A.prefab using Guid(adbcd2b64400c10469ac10a6be1058f5) Importer(815301076,1909f56bfc062723c751e8b465ee728b)  -> (artifact id: '68b0422b6b5e1c6c93007fe1bd73cccd') in 0.062844 seconds
Number of updated asset objects reloaded before import = 0
Number of asset objects unloaded after import = 10
========================================================================
Received Import Request.
  Time since last request: 1.654356 seconds.
  path: Assets/LowpolyStreetPack/Prefabs/Roads/Pavement/C
  artifactKey: Guid(6bc428edc394522478429f198ecd75cc) Importer(815301076,1909f56bfc062723c751e8b465ee728b)
Start importing Assets/LowpolyStreetPack/Prefabs/Roads/Pavement/C using Guid(6bc428edc394522478429f198ecd75cc) Importer(815301076,1909f56bfc062723c751e8b465ee728b)  -> (artifact id: 'b26bb686e869de16f324548310043ef7') in 0.001361 seconds
Number of updated asset objects reloaded before import = 0
Number of asset objects unloaded after import = 0
========================================================================
Received Import Request.
  Time since last request: 0.054446 seconds.
  path: Assets/LowpolyStreetPack/Prefabs/Roads/Pavement/C/Pavement_C_A.prefab
  artifactKey: Guid(a617a2881eb75134697f8b259602c995) Importer(815301076,1909f56bfc062723c751e8b465ee728b)
Start importing Assets/LowpolyStreetPack/Prefabs/Roads/Pavement/C/Pavement_C_A.prefab using Guid(a617a2881eb75134697f8b259602c995) Importer(815301076,1909f56bfc062723c751e8b465ee728b)  -> (artifact id: 'b4e8f5aecdd95819347129c937d19a7e') in 0.061482 seconds
Number of updated asset objects reloaded before import = 0
Number of asset objects unloaded after import = 10
========================================================================
Received Import Request.
  Time since last request: 0.000027 seconds.
  path: Assets/LowpolyStreetPack/Prefabs/Roads/Pavement/C/Pavement_C_E.prefab
  artifactKey: Guid(0cd9671efcde7534ea5471e5b0fb9302) Importer(815301076,1909f56bfc062723c751e8b465ee728b)
Start importing Assets/LowpolyStreetPack/Prefabs/Roads/Pavement/C/Pavement_C_E.prefab using Guid(0cd9671efcde7534ea5471e5b0fb9302) Importer(815301076,1909f56bfc062723c751e8b465ee728b)  -> (artifact id: 'e06b5a9c0f1b1b908daeb8de43d6da7d') in 0.058212 seconds
Number of updated asset objects reloaded before import = 0
Number of asset objects unloaded after import = 10
========================================================================
Received Import Request.
  Time since last request: 1.698801 seconds.
  path: Assets/LowpolyStreetPack/Prefabs/Roads/Pavement/D/Pavement_D_A.prefab
  artifactKey: Guid(d9c4aa6d84984de44aebc4e1755d35db) Importer(815301076,1909f56bfc062723c751e8b465ee728b)
Start importing Assets/LowpolyStreetPack/Prefabs/Roads/Pavement/D/Pavement_D_A.prefab using Guid(d9c4aa6d84984de44aebc4e1755d35db) Importer(815301076,1909f56bfc062723c751e8b465ee728b)  -> (artifact id: 'd311c71983f7934cf5d7319f43093eee') in 0.043128 seconds
Number of updated asset objects reloaded before import = 0
Number of asset objects unloaded after import = 10
========================================================================
Received Import Request.
  Time since last request: 0.000038 seconds.
  path: Assets/LowpolyStreetPack/Prefabs/Roads/Pavement/D/Pavement_D_E.prefab
  artifactKey: Guid(f07850d3bd7e4c34a811a640a883ab6b) Importer(815301076,1909f56bfc062723c751e8b465ee728b)
Start importing Assets/LowpolyStreetPack/Prefabs/Roads/Pavement/D/Pavement_D_E.prefab using Guid(f07850d3bd7e4c34a811a640a883ab6b) Importer(815301076,1909f56bfc062723c751e8b465ee728b)  -> (artifact id: 'deb65c6e8f4cf9295b6965191d11a49a') in 0.051479 seconds
Number of updated asset objects reloaded before import = 0
Number of asset objects unloaded after import = 10
========================================================================
Received Import Request.
  Time since last request: 5.346405 seconds.
  path: Assets/LowpolyStreetPack/Prefabs/Roads/Parks
  artifactKey: Guid(463406259770e7943ab918a2b4217583) Importer(815301076,1909f56bfc062723c751e8b465ee728b)
Start importing Assets/LowpolyStreetPack/Prefabs/Roads/Parks using Guid(463406259770e7943ab918a2b4217583) Importer(815301076,1909f56bfc062723c751e8b465ee728b)  -> (artifact id: '34e74b83831db32370c25e0858b55c7d') in 0.000807 seconds
Number of updated asset objects reloaded before import = 0
Number of asset objects unloaded after import = 0
========================================================================
Received Import Request.
  Time since last request: 1.200657 seconds.
  path: Assets/LowpolyStreetPack/Prefabs/Roads/Parks/Elements
  artifactKey: Guid(88e3cb4951f172c4996bd67a592be220) Importer(815301076,1909f56bfc062723c751e8b465ee728b)
Start importing Assets/LowpolyStreetPack/Prefabs/Roads/Parks/Elements using Guid(88e3cb4951f172c4996bd67a592be220) Importer(815301076,1909f56bfc062723c751e8b465ee728b)  -> (artifact id: '19374d1dc2ac3617c3b3393b31570f98') in 0.000647 seconds
Number of updated asset objects reloaded before import = 0
Number of asset objects unloaded after import = 0
========================================================================
Received Import Request.
  Time since last request: 0.053836 seconds.
  path: Assets/LowpolyStreetPack/Prefabs/Roads/Parks/Elements/Park_Center.prefab
  artifactKey: Guid(98e2c5ed8ff2f594289b273879ea957f) Importer(815301076,1909f56bfc062723c751e8b465ee728b)
Start importing Assets/LowpolyStreetPack/Prefabs/Roads/Parks/Elements/Park_Center.prefab using Guid(98e2c5ed8ff2f594289b273879ea957f) Importer(815301076,1909f56bfc062723c751e8b465ee728b)  -> (artifact id: 'e2e4fc5af50a051034d5559867c3943c') in 0.236319 seconds
Number of updated asset objects reloaded before import = 0
Number of asset objects unloaded after import = 10
========================================================================
Received Import Request.
  Time since last request: 0.000058 seconds.
  path: Assets/LowpolyStreetPack/Prefabs/Roads/Parks/Elements/Park_Sidewalk_Corner_B.prefab
  artifactKey: Guid(8a026fa77da54f743a96b801337eb29a) Importer(815301076,1909f56bfc062723c751e8b465ee728b)
Start importing Assets/LowpolyStreetPack/Prefabs/Roads/Parks/Elements/Park_Sidewalk_Corner_B.prefab using Guid(8a026fa77da54f743a96b801337eb29a) Importer(815301076,1909f56bfc062723c751e8b465ee728b)  -> (artifact id: '18257f92b81d1f64833e49951ab57ce3') in 0.057050 seconds
Number of updated asset objects reloaded before import = 0
Number of asset objects unloaded after import = 10
========================================================================
Received Import Request.
  Time since last request: 12.085629 seconds.
  path: Assets/LowpolyStreetPack/Prefabs/Roads/RoadMarks
  artifactKey: Guid(1656baa789a780f48be59dff33106999) Importer(815301076,1909f56bfc062723c751e8b465ee728b)
Start importing Assets/LowpolyStreetPack/Prefabs/Roads/RoadMarks using Guid(1656baa789a780f48be59dff33106999) Importer(815301076,1909f56bfc062723c751e8b465ee728b)  -> (artifact id: '7c59d17703d9bed03ea3969a0e13bf61') in 0.000742 seconds
Number of updated asset objects reloaded before import = 0
Number of asset objects unloaded after import = 0
========================================================================
Received Import Request.
  Time since last request: 9.017972 seconds.
  path: Assets/LowpolyStreetPack/Prefabs/Roads/Parking
  artifactKey: Guid(c8f63923b79ec8a4ea143841e05e160e) Importer(815301076,1909f56bfc062723c751e8b465ee728b)
Start importing Assets/LowpolyStreetPack/Prefabs/Roads/Parking using Guid(c8f63923b79ec8a4ea143841e05e160e) Importer(815301076,1909f56bfc062723c751e8b465ee728b)  -> (artifact id: '8f0760bc6605cf82ceb7c4cc0b2eb991') in 0.001430 seconds
Number of updated asset objects reloaded before import = 0
Number of asset objects unloaded after import = 0
========================================================================
Received Import Request.
  Time since last request: 4.496535 seconds.
  path: Assets/LowpolyStreetPack/Prefabs/Roads/Parking/Elements
  artifactKey: Guid(6bbd481ca542d9243a114e8f67edf63b) Importer(815301076,1909f56bfc062723c751e8b465ee728b)
Start importing Assets/LowpolyStreetPack/Prefabs/Roads/Parking/Elements using Guid(6bbd481ca542d9243a114e8f67edf63b) Importer(815301076,1909f56bfc062723c751e8b465ee728b)  -> (artifact id: '27b29069a9455db8a606694969d7440d') in 0.000683 seconds
Number of updated asset objects reloaded before import = 0
Number of asset objects unloaded after import = 0
========================================================================
Received Import Request.
  Time since last request: 0.060222 seconds.
  path: Assets/LowpolyStreetPack/Prefabs/Roads/Parking/Elements/Parking_Center_A.prefab
  artifactKey: Guid(8f9746425331e894b8e84f6845555f2f) Importer(815301076,1909f56bfc062723c751e8b465ee728b)
Start importing Assets/LowpolyStreetPack/Prefabs/Roads/Parking/Elements/Parking_Center_A.prefab using Guid(8f9746425331e894b8e84f6845555f2f) Importer(815301076,1909f56bfc062723c751e8b465ee728b)  -> (artifact id: '7017a29b5f7b344f3ea79ca151cef43c') in 0.067110 seconds
Number of updated asset objects reloaded before import = 0
Number of asset objects unloaded after import = 10
========================================================================
Received Import Request.
  Time since last request: 0.000039 seconds.
  path: Assets/LowpolyStreetPack/Prefabs/Roads/Parking/Elements/Parking_Enterence_B.prefab
  artifactKey: Guid(dc3af180ffa4e2840af6a2e481783985) Importer(815301076,1909f56bfc062723c751e8b465ee728b)
Start importing Assets/LowpolyStreetPack/Prefabs/Roads/Parking/Elements/Parking_Enterence_B.prefab using Guid(dc3af180ffa4e2840af6a2e481783985) Importer(815301076,1909f56bfc062723c751e8b465ee728b)  -> (artifact id: '7fa2f21c2386b1b89d1cb2835464ab1a') in 0.063854 seconds
Number of updated asset objects reloaded before import = 0
Number of asset objects unloaded after import = 10
========================================================================
Received Import Request.
  Time since last request: 10.751919 seconds.
  path: Assets/LowpolyStreetPack/Prefabs/Roads/RoadMarks/RoadM_BusStop.prefab
  artifactKey: Guid(981e2b21ce3b6a948ba8acc0c0cd37f0) Importer(815301076,1909f56bfc062723c751e8b465ee728b)
Start importing Assets/LowpolyStreetPack/Prefabs/Roads/RoadMarks/RoadM_BusStop.prefab using Guid(981e2b21ce3b6a948ba8acc0c0cd37f0) Importer(815301076,1909f56bfc062723c751e8b465ee728b)  -> (artifact id: '5c5ac5d9ee2cf7de959342c56b282d92') in 0.023030 seconds
Number of updated asset objects reloaded before import = 0
Number of asset objects unloaded after import = 9
========================================================================
Received Import Request.
  Time since last request: 0.000034 seconds.
  path: Assets/LowpolyStreetPack/Prefabs/Roads/RoadMarks/RoadM_R.prefab
  artifactKey: Guid(fb6d7f27ad1c7cd44bd490f499a28934) Importer(815301076,1909f56bfc062723c751e8b465ee728b)
Start importing Assets/LowpolyStreetPack/Prefabs/Roads/RoadMarks/RoadM_R.prefab using Guid(fb6d7f27ad1c7cd44bd490f499a28934) Importer(815301076,1909f56bfc062723c751e8b465ee728b)  -> (artifact id: '84d0e04694f1f4f6bb9b931690df379f') in 0.035236 seconds
Number of updated asset objects reloaded before import = 0
Number of asset objects unloaded after import = 9
========================================================================
Received Import Request.
  Time since last request: 0.000060 seconds.
  path: Assets/LowpolyStreetPack/Prefabs/Roads/RoadMarks/RoadM_LR.prefab
  artifactKey: Guid(5bf814eaa7fc1114281059f1f35bd03c) Importer(815301076,1909f56bfc062723c751e8b465ee728b)
Start importing Assets/LowpolyStreetPack/Prefabs/Roads/RoadMarks/RoadM_LR.prefab using Guid(5bf814eaa7fc1114281059f1f35bd03c) Importer(815301076,1909f56bfc062723c751e8b465ee728b)  -> (artifact id: 'd33bf0b6a96fa6a7b47f5669ed6cf142') in 0.034309 seconds
Number of updated asset objects reloaded before import = 0
Number of asset objects unloaded after import = 9
========================================================================
Received Import Request.
  Time since last request: 0.000025 seconds.
  path: Assets/LowpolyStreetPack/Prefabs/Roads/RoadMarks/RoadM_PArking_D.prefab
  artifactKey: Guid(30859949d2d96fb42b8fbe8085154234) Importer(815301076,1909f56bfc062723c751e8b465ee728b)
Start importing Assets/LowpolyStreetPack/Prefabs/Roads/RoadMarks/RoadM_PArking_D.prefab using Guid(30859949d2d96fb42b8fbe8085154234) Importer(815301076,1909f56bfc062723c751e8b465ee728b)  -> (artifact id: 'fda922298059a203a17d1b541c721597') in 0.034894 seconds
Number of updated asset objects reloaded before import = 0
Number of asset objects unloaded after import = 9
========================================================================
Received Import Request.
  Time since last request: 0.000037 seconds.
  path: Assets/LowpolyStreetPack/Prefabs/Roads/RoadMarks/RoadM_PArking_C.prefab
  artifactKey: Guid(631c141a07c8a634986a3c48dbdb15d0) Importer(815301076,1909f56bfc062723c751e8b465ee728b)
Start importing Assets/LowpolyStreetPack/Prefabs/Roads/RoadMarks/RoadM_PArking_C.prefab using Guid(631c141a07c8a634986a3c48dbdb15d0) Importer(815301076,1909f56bfc062723c751e8b465ee728b)  -> (artifact id: '50b674ab9207b2d46649415429445f53') in 0.030134 seconds
Number of updated asset objects reloaded before import = 0
Number of asset objects unloaded after import = 9
========================================================================
Received Import Request.
  Time since last request: 0.000035 seconds.
  path: Assets/LowpolyStreetPack/Prefabs/Roads/RoadMarks/RoadM_Line.prefab
  artifactKey: Guid(cb2b28e3e064a6b4bb3011daa579e73d) Importer(815301076,1909f56bfc062723c751e8b465ee728b)
Start importing Assets/LowpolyStreetPack/Prefabs/Roads/RoadMarks/RoadM_Line.prefab using Guid(cb2b28e3e064a6b4bb3011daa579e73d) Importer(815301076,1909f56bfc062723c751e8b465ee728b)  -> (artifact id: '1234410a4332a30216893a776e824c2e') in 0.030536 seconds
Number of updated asset objects reloaded before import = 0
Number of asset objects unloaded after import = 9
========================================================================
Received Import Request.
  Time since last request: 11.880873 seconds.
  path: Assets/LowpolyStreetPack/Prefabs/Roads/Bridges
  artifactKey: Guid(42604f0abe8441c418cddb76781e36f3) Importer(815301076,1909f56bfc062723c751e8b465ee728b)
Start importing Assets/LowpolyStreetPack/Prefabs/Roads/Bridges using Guid(42604f0abe8441c418cddb76781e36f3) Importer(815301076,1909f56bfc062723c751e8b465ee728b)  -> (artifact id: '75174b52d174fe37719ce14f6cf4aabf') in 0.002280 seconds
Number of updated asset objects reloaded before import = 0
Number of asset objects unloaded after import = 0
========================================================================
Received Import Request.
  Time since last request: 1.204486 seconds.
  path: Assets/LowpolyStreetPack/Prefabs/Roads/Bridges/QuickBuilds
  artifactKey: Guid(6abf257b0de2f9a49a9de38cf31a47dd) Importer(815301076,1909f56bfc062723c751e8b465ee728b)
Start importing Assets/LowpolyStreetPack/Prefabs/Roads/Bridges/QuickBuilds using Guid(6abf257b0de2f9a49a9de38cf31a47dd) Importer(815301076,1909f56bfc062723c751e8b465ee728b)  -> (artifact id: '5de031a7f2b7417dd94540e27acc9253') in 0.000643 seconds
Number of updated asset objects reloaded before import = 0
Number of asset objects unloaded after import = 0
========================================================================
Received Import Request.
  Time since last request: 0.054566 seconds.
  path: Assets/LowpolyStreetPack/Prefabs/Roads/Bridges/QuickBuilds/Bridge_Damage.prefab
  artifactKey: Guid(618fb2c9500dc8246ad3b5a0cf5e070b) Importer(815301076,1909f56bfc062723c751e8b465ee728b)
Start importing Assets/LowpolyStreetPack/Prefabs/Roads/Bridges/QuickBuilds/Bridge_Damage.prefab using Guid(618fb2c9500dc8246ad3b5a0cf5e070b) Importer(815301076,1909f56bfc062723c751e8b465ee728b)  -> (artifact id: '38020a927688e0408328fec4bc0b1caf') in 0.209015 seconds
Number of updated asset objects reloaded before import = 0
Number of asset objects unloaded after import = 313
========================================================================
Received Import Request.
  Time since last request: 0.000043 seconds.
  path: Assets/LowpolyStreetPack/Prefabs/Roads/Bridges/QuickBuilds/Bridge_ToStreet_Double_Enter.prefab
  artifactKey: Guid(99960c948166672438060e183037bf25) Importer(815301076,1909f56bfc062723c751e8b465ee728b)
Start importing Assets/LowpolyStreetPack/Prefabs/Roads/Bridges/QuickBuilds/Bridge_ToStreet_Double_Enter.prefab using Guid(99960c948166672438060e183037bf25) Importer(815301076,1909f56bfc062723c751e8b465ee728b)  -> (artifact id: 'dc5ef4d08b55b4978dfd5f95a093144c') in 0.094896 seconds
Number of updated asset objects reloaded before import = 0
Number of asset objects unloaded after import = 684
========================================================================
Received Import Request.
  Time since last request: 0.000070 seconds.
  path: Assets/LowpolyStreetPack/Prefabs/Roads/Bridges/QuickBuilds/Bridge_ToStreet_Double_Exit.prefab
  artifactKey: Guid(feb55cec332444b4bbab883f0595746b) Importer(815301076,1909f56bfc062723c751e8b465ee728b)
Start importing Assets/LowpolyStreetPack/Prefabs/Roads/Bridges/QuickBuilds/Bridge_ToStreet_Double_Exit.prefab using Guid(feb55cec332444b4bbab883f0595746b) Importer(815301076,1909f56bfc062723c751e8b465ee728b)  -> (artifact id: 'a25bf224975d7bb65a6635e5a5ae50b1') in 0.104811 seconds
Number of updated asset objects reloaded before import = 0
Number of asset objects unloaded after import = 693
========================================================================
Received Import Request.
  Time since last request: 9.397925 seconds.
  path: Assets/LowpolyStreetPack/Meshes
  artifactKey: Guid(6212fe56326b6f64b8168e314d1dac32) Importer(815301076,1909f56bfc062723c751e8b465ee728b)
Start importing Assets/LowpolyStreetPack/Meshes using Guid(6212fe56326b6f64b8168e314d1dac32) Importer(815301076,1909f56bfc062723c751e8b465ee728b)  -> (artifact id: 'c2a7875c7295c00e658ec09082c5061c') in 0.001728 seconds
Number of updated asset objects reloaded before import = 0
Number of asset objects unloaded after import = 0
========================================================================
Received Import Request.
  Time since last request: 2.650880 seconds.
  path: Assets/LowpolyStreetPack/Meshes/Textures
  artifactKey: Guid(65e4b014821fe2a41a2eceef2ca1a83e) Importer(815301076,1909f56bfc062723c751e8b465ee728b)
Start importing Assets/LowpolyStreetPack/Meshes/Textures using Guid(65e4b014821fe2a41a2eceef2ca1a83e) Importer(815301076,1909f56bfc062723c751e8b465ee728b)  -> (artifact id: '9b50cda42e7c6e9527c7c0e87fe14f56') in 0.000990 seconds
Number of updated asset objects reloaded before import = 0
Number of asset objects unloaded after import = 0
========================================================================
Received Import Request.
  Time since last request: 0.073375 seconds.
  path: Assets/LowpolyStreetPack/Meshes/Textures/atlas.tga
  artifactKey: Guid(a56b08bcd0efc1142ac4b8a9ae1284e1) Importer(815301076,1909f56bfc062723c751e8b465ee728b)
Start importing Assets/LowpolyStreetPack/Meshes/Textures/atlas.tga using Guid(a56b08bcd0efc1142ac4b8a9ae1284e1) Importer(815301076,1909f56bfc062723c751e8b465ee728b)  -> (artifact id: 'ea1e7d28d732505871647d886fd9bc60') in 0.307601 seconds
Number of updated asset objects reloaded before import = 0
Number of asset objects unloaded after import = 2
========================================================================
Received Import Request.
  Time since last request: 0.000052 seconds.
  path: Assets/LowpolyStreetPack/Meshes/Textures/pavement_03.png
  artifactKey: Guid(6b2a8429251e42d4c95c89da7e8a87f3) Importer(815301076,1909f56bfc062723c751e8b465ee728b)
Start importing Assets/LowpolyStreetPack/Meshes/Textures/pavement_03.png using Guid(6b2a8429251e42d4c95c89da7e8a87f3) Importer(815301076,1909f56bfc062723c751e8b465ee728b)  -> (artifact id: '128b71d03452ebbc46d181d6e5c6648a') in 0.074642 seconds
Number of updated asset objects reloaded before import = 0
Number of asset objects unloaded after import = 2
========================================================================
Received Import Request.
  Time since last request: 1.947947 seconds.
  path: Assets/LowpolyStreetPack/Meshes/Materials
  artifactKey: Guid(cc81f18b56531fa439cedf8e4d576c29) Importer(815301076,1909f56bfc062723c751e8b465ee728b)
Start importing Assets/LowpolyStreetPack/Meshes/Materials using Guid(cc81f18b56531fa439cedf8e4d576c29) Importer(815301076,1909f56bfc062723c751e8b465ee728b)  -> (artifact id: '9806f7a21a86ceddeb76f570a9b94d51') in 0.001059 seconds
Number of updated asset objects reloaded before import = 0
Number of asset objects unloaded after import = 0
========================================================================
Received Import Request.
  Time since last request: 0.074412 seconds.
  path: Assets/LowpolyStreetPack/Meshes/Materials/Atlas.mat
  artifactKey: Guid(38e0f6c0765a5374f9a428840748d450) Importer(815301076,1909f56bfc062723c751e8b465ee728b)
Start importing Assets/LowpolyStreetPack/Meshes/Materials/Atlas.mat using Guid(38e0f6c0765a5374f9a428840748d450) Importer(815301076,1909f56bfc062723c751e8b465ee728b)  -> (artifact id: '0743429fb1b32dbf73a5fcb8a789aaf4') in 0.239280 seconds
Number of updated asset objects reloaded before import = 0
Number of asset objects unloaded after import = 2
========================================================================
Received Import Request.
  Time since last request: 3.092658 seconds.
  path: Assets/LowpolyStreetPack/Prefabs
  artifactKey: Guid(3a4c7f49e2a67d94eb4818531928464d) Importer(815301076,1909f56bfc062723c751e8b465ee728b)
Start importing Assets/LowpolyStreetPack/Prefabs using Guid(3a4c7f49e2a67d94eb4818531928464d) Importer(815301076,1909f56bfc062723c751e8b465ee728b)  -> (artifact id: '3d6a524ef985a951ea447221bb7793fe') in 0.001425 seconds
Number of updated asset objects reloaded before import = 0
Number of asset objects unloaded after import = 0
========================================================================
Received Import Request.
  Time since last request: 7.742615 seconds.
  path: Assets/LowpolyStreetPack/Prefabs/StreetProps/Overpass
  artifactKey: Guid(96720b657716c9248b7b70b9913df5a3) Importer(815301076,1909f56bfc062723c751e8b465ee728b)
Start importing Assets/LowpolyStreetPack/Prefabs/StreetProps/Overpass using Guid(96720b657716c9248b7b70b9913df5a3) Importer(815301076,1909f56bfc062723c751e8b465ee728b)  -> (artifact id: 'cd2ec70fc408b4a6905981e9007859e4') in 0.000752 seconds
Number of updated asset objects reloaded before import = 0
Number of asset objects unloaded after import = 0
========================================================================
Received Import Request.
  Time since last request: 0.054002 seconds.
  path: Assets/LowpolyStreetPack/Prefabs/StreetProps/Overpass/Overpass_A.prefab
  artifactKey: Guid(6f4bc5fd70ff2aa479422ee0d98b0809) Importer(815301076,1909f56bfc062723c751e8b465ee728b)
Start importing Assets/LowpolyStreetPack/Prefabs/StreetProps/Overpass/Overpass_A.prefab using Guid(6f4bc5fd70ff2aa479422ee0d98b0809) Importer(815301076,1909f56bfc062723c751e8b465ee728b)  -> (artifact id: '7d645197c130a844760c162c71cb063a') in 0.061716 seconds
Number of updated asset objects reloaded before import = 0
Number of asset objects unloaded after import = 69
========================================================================
Received Import Request.
  Time since last request: 7.350178 seconds.
  path: Assets/LowpolyStreetPack/Prefabs/StreetProps/Signs
  artifactKey: Guid(8c2ccaba46f992649830a3afd7cd8577) Importer(815301076,1909f56bfc062723c751e8b465ee728b)
Start importing Assets/LowpolyStreetPack/Prefabs/StreetProps/Signs using Guid(8c2ccaba46f992649830a3afd7cd8577) Importer(815301076,1909f56bfc062723c751e8b465ee728b)  -> (artifact id: '69a5c41913467374951fb1b07222144d') in 0.000728 seconds
Number of updated asset objects reloaded before import = 0
Number of asset objects unloaded after import = 0
========================================================================
Received Import Request.
  Time since last request: 2.770015 seconds.
  path: Assets/LowpolyStreetPack/Prefabs/StreetProps/TraficLights
  artifactKey: Guid(f6743ef7102fc6c4fb1041d75751d857) Importer(815301076,1909f56bfc062723c751e8b465ee728b)
Start importing Assets/LowpolyStreetPack/Prefabs/StreetProps/TraficLights using Guid(f6743ef7102fc6c4fb1041d75751d857) Importer(815301076,1909f56bfc062723c751e8b465ee728b)  -> (artifact id: 'bf42876c079268bb27324da1201ec50f') in 0.000660 seconds
Number of updated asset objects reloaded before import = 0
Number of asset objects unloaded after import = 0
========================================================================
Received Import Request.
  Time since last request: 0.056324 seconds.
  path: Assets/LowpolyStreetPack/Prefabs/StreetProps/TraficLights/LampPost_A.prefab
  artifactKey: Guid(139e334bc86f2bb468ee8db25d7b8d70) Importer(815301076,1909f56bfc062723c751e8b465ee728b)
Start importing Assets/LowpolyStreetPack/Prefabs/StreetProps/TraficLights/LampPost_A.prefab using Guid(139e334bc86f2bb468ee8db25d7b8d70) Importer(815301076,1909f56bfc062723c751e8b465ee728b)  -> (artifact id: '54db479d4ce33fb460143616532c50bf') in 0.059757 seconds
Number of updated asset objects reloaded before import = 0
Number of asset objects unloaded after import = 16
========================================================================
Received Import Request.
  Time since last request: 0.000036 seconds.
  path: Assets/LowpolyStreetPack/Prefabs/StreetProps/TraficLights/LampPost_G.prefab
  artifactKey: Guid(c00fcb9c5891df24683f778e18dbcf7f) Importer(815301076,1909f56bfc062723c751e8b465ee728b)
Start importing Assets/LowpolyStreetPack/Prefabs/StreetProps/TraficLights/LampPost_G.prefab using Guid(c00fcb9c5891df24683f778e18dbcf7f) Importer(815301076,1909f56bfc062723c751e8b465ee728b)  -> (artifact id: '0f982ff09502fdf745cb3b59ed10896e') in 0.071794 seconds
Number of updated asset objects reloaded before import = 0
Number of asset objects unloaded after import = 40
========================================================================
Received Import Request.
  Time since last request: 0.000048 seconds.
  path: Assets/LowpolyStreetPack/Prefabs/StreetProps/TraficLights/LampPost_H.prefab
  artifactKey: Guid(2a4ab39d4d990d041887ced152a6f57b) Importer(815301076,1909f56bfc062723c751e8b465ee728b)
Start importing Assets/LowpolyStreetPack/Prefabs/StreetProps/TraficLights/LampPost_H.prefab using Guid(2a4ab39d4d990d041887ced152a6f57b) Importer(815301076,1909f56bfc062723c751e8b465ee728b)  -> (artifact id: '29fb4df7a3e6662ba79cae525a9b3369') in 0.059114 seconds
Number of updated asset objects reloaded before import = 0
Number of asset objects unloaded after import = 37
Editor requested this worker to shutdown with reason: Scaling down because of idle timeout
TcpMessagingSession - receive error: operation aborted. errorcode: 995, details: The I/O operation has been aborted because of either a thread exit or an application request.
AssetImportWorker is now disconnected from the server
Process exiting
Exiting without the bug reporter. Application will terminate with return code 0