Using pre-set license
Built from '2022.3/staging' branch; Version is '2022.3.15f1 (b58023a2b463) revision 11894819'; Using compiler version '192829333'; Build Type 'Release'
OS: 'Windows 11  (10.0.22621) 64bit Core' Language: 'en' Physical Memory: 15773 MB
BatchMode: 1, IsHumanControllingUs: 0, StartBugReporterOnCrash: 0, Is64bit: 1, IsPro: 1

COMMAND LINE ARGUMENTS:
C:\Program Files\Unity\Hub\Editor\2022.3.15f1\Editor\Unity.exe
-adb2
-batchMode
-noUpm
-name
AssetImportWorker0
-projectPath
C:/Users/zeuss/final
-logFile
Logs/AssetImportWorker0.log
-srvPort
64119
Successfully changed project path to: C:/Users/zeuss/final
C:/Users/zeuss/final
[UnityMemory] Configuration Parameters - Can be set up in boot.config
    "memorysetup-bucket-allocator-granularity=16"
    "memorysetup-bucket-allocator-bucket-count=8"
    "memorysetup-bucket-allocator-block-size=33554432"
    "memorysetup-bucket-allocator-block-count=8"
    "memorysetup-main-allocator-block-size=16777216"
    "memorysetup-thread-allocator-block-size=16777216"
    "memorysetup-gfx-main-allocator-block-size=16777216"
    "memorysetup-gfx-thread-allocator-block-size=16777216"
    "memorysetup-cache-allocator-block-size=4194304"
    "memorysetup-typetree-allocator-block-size=2097152"
    "memorysetup-profiler-bucket-allocator-granularity=16"
    "memorysetup-profiler-bucket-allocator-bucket-count=8"
    "memorysetup-profiler-bucket-allocator-block-size=33554432"
    "memorysetup-profiler-bucket-allocator-block-count=8"
    "memorysetup-profiler-allocator-block-size=16777216"
    "memorysetup-profiler-editor-allocator-block-size=1048576"
    "memorysetup-temp-allocator-size-main=16777216"
    "memorysetup-job-temp-allocator-block-size=2097152"
    "memorysetup-job-temp-allocator-block-size-background=1048576"
    "memorysetup-job-temp-allocator-reduction-small-platforms=262144"
    "memorysetup-allocator-temp-initial-block-size-main=262144"
    "memorysetup-allocator-temp-initial-block-size-worker=262144"
    "memorysetup-temp-allocator-size-background-worker=32768"
    "memorysetup-temp-allocator-size-job-worker=262144"
    "memorysetup-temp-allocator-size-preload-manager=33554432"
    "memorysetup-temp-allocator-size-nav-mesh-worker=65536"
    "memorysetup-temp-allocator-size-audio-worker=65536"
    "memorysetup-temp-allocator-size-cloud-worker=32768"
    "memorysetup-temp-allocator-size-gi-baking-worker=262144"
    "memorysetup-temp-allocator-size-gfx=262144"
Player connection [57428] Host "[IP] 192.168.75.1 [Port] 0 [Flags] 2 [Guid] 393231082 [EditorId] 393231082 [Version] 1048832 [Id] WindowsEditor(7,Aussiebeeff) [Debug] 1 [PackageName] WindowsEditor [ProjectName] Editor" joined multi-casting on [225.0.0.222:54997]...

Player connection [57428] Host "[IP] 192.168.75.1 [Port] 0 [Flags] 2 [Guid] 393231082 [EditorId] 393231082 [Version] 1048832 [Id] WindowsEditor(7,Aussiebeeff) [Debug] 1 [PackageName] WindowsEditor [ProjectName] Editor" joined alternative multi-casting on [225.0.0.222:34997]...

[Physics::Module] Initialized MultithreadedJobDispatcher with 15 workers.
Refreshing native plugins compatible for Editor in 28.38 ms, found 3 plugins.
Preloading 0 native plugins for Editor in 0.00 ms.
Initialize engine version: 2022.3.15f1 (b58023a2b463)
[Subsystems] Discovering subsystems at path C:/Program Files/Unity/Hub/Editor/2022.3.15f1/Editor/Data/Resources/UnitySubsystems
[Subsystems] Discovering subsystems at path C:/Users/zeuss/final/Assets
GfxDevice: creating device client; threaded=0; jobified=0
Direct3D:
    Version:  Direct3D 11.0 [level 11.1]
    Renderer: NVIDIA GeForce RTX 3050 Ti Laptop GPU (ID=0x25a0)
    Vendor:   NVIDIA
    VRAM:     3977 MB
    Driver:   31.0.15.4617
Initialize mono
Mono path[0] = 'C:/Program Files/Unity/Hub/Editor/2022.3.15f1/Editor/Data/Managed'
Mono path[1] = 'C:/Program Files/Unity/Hub/Editor/2022.3.15f1/Editor/Data/MonoBleedingEdge/lib/mono/unityjit-win32'
Mono config path = 'C:/Program Files/Unity/Hub/Editor/2022.3.15f1/Editor/Data/MonoBleedingEdge/etc'
Using monoOptions --debugger-agent=transport=dt_socket,embedding=1,server=y,suspend=n,address=127.0.0.1:56036
Begin MonoManager ReloadAssembly
Registering precompiled unity dll's ...
Register platform support module: C:/Program Files/Unity/Hub/Editor/2022.3.15f1/Editor/Data/PlaybackEngines/WebGLSupport/UnityEditor.WebGL.Extensions.dll
Register platform support module: C:/Program Files/Unity/Hub/Editor/2022.3.15f1/Editor/Data/PlaybackEngines/WindowsStandaloneSupport/UnityEditor.WindowsStandalone.Extensions.dll
Registered in 0.032604 seconds.
- Loaded All Assemblies, in  0.822 seconds
Native extension for WindowsStandalone target not found
Native extension for WebGL target not found
Mono: successfully reloaded assembly
- Finished resetting the current domain, in  0.637 seconds
Domain Reload Profiling: 1454ms
	BeginReloadAssembly (284ms)
		ExecutionOrderSort (0ms)
		DisableScriptedObjects (0ms)
		BackupInstance (0ms)
		ReleaseScriptingObjects (0ms)
		CreateAndSetChildDomain (1ms)
	RebuildCommonClasses (71ms)
	RebuildNativeTypeToScriptingClass (18ms)
	initialDomainReloadingComplete (152ms)
	LoadAllAssembliesAndSetupDomain (292ms)
		LoadAssemblies (280ms)
		RebuildTransferFunctionScriptingTraits (0ms)
		AnalyzeDomain (287ms)
			TypeCache.Refresh (284ms)
				TypeCache.ScanAssembly (260ms)
			ScanForSourceGeneratedMonoScriptInfo (1ms)
			ResolveRequiredComponents (1ms)
	FinalizeReload (638ms)
		ReleaseScriptCaches (0ms)
		RebuildScriptCaches (0ms)
		SetupLoadedEditorAssemblies (494ms)
			LogAssemblyErrors (0ms)
			InitializePlatformSupportModulesInManaged (30ms)
			SetLoadedEditorAssemblies (16ms)
			RefreshPlugins (0ms)
			BeforeProcessingInitializeOnLoad (5ms)
			ProcessInitializeOnLoadAttributes (326ms)
			ProcessInitializeOnLoadMethodAttributes (117ms)
			AfterProcessingInitializeOnLoad (0ms)
			EditorAssembliesLoaded (0ms)
		ExecutionOrderSort2 (0ms)
		AwakeInstancesAfterBackupRestoration (0ms)
========================================================================
Worker process is ready to serve import requests
Begin MonoManager ReloadAssembly
- Loaded All Assemblies, in  1.527 seconds
Refreshing native plugins compatible for Editor in 11.07 ms, found 3 plugins.
Native extension for WindowsStandalone target not found
Native extension for WebGL target not found
Package Manager log level set to [2]
[Package Manager] Server::EnsureServerProcessIsRunning -- launch failed, reason: Unity was launched with the -noUpm command-line argument
[Package Manager] UpmClient::Send -- Unable to send message (not connected to UPM process).
[Package Manager] Cannot connect to Unity Package Manager local server
Mono: successfully reloaded assembly
- Finished resetting the current domain, in  1.346 seconds
Domain Reload Profiling: 2859ms
	BeginReloadAssembly (391ms)
		ExecutionOrderSort (0ms)
		DisableScriptedObjects (13ms)
		BackupInstance (0ms)
		ReleaseScriptingObjects (0ms)
		CreateAndSetChildDomain (37ms)
	RebuildCommonClasses (71ms)
	RebuildNativeTypeToScriptingClass (17ms)
	initialDomainReloadingComplete (103ms)
	LoadAllAssembliesAndSetupDomain (929ms)
		LoadAssemblies (831ms)
		RebuildTransferFunctionScriptingTraits (0ms)
		AnalyzeDomain (363ms)
			TypeCache.Refresh (315ms)
				TypeCache.ScanAssembly (288ms)
			ScanForSourceGeneratedMonoScriptInfo (33ms)
			ResolveRequiredComponents (11ms)
	FinalizeReload (1347ms)
		ReleaseScriptCaches (0ms)
		RebuildScriptCaches (0ms)
		SetupLoadedEditorAssemblies (1015ms)
			LogAssemblyErrors (0ms)
			InitializePlatformSupportModulesInManaged (22ms)
			SetLoadedEditorAssemblies (10ms)
			RefreshPlugins (0ms)
			BeforeProcessingInitializeOnLoad (198ms)
			ProcessInitializeOnLoadAttributes (720ms)
			ProcessInitializeOnLoadMethodAttributes (42ms)
			AfterProcessingInitializeOnLoad (22ms)
			EditorAssembliesLoaded (0ms)
		ExecutionOrderSort2 (0ms)
		AwakeInstancesAfterBackupRestoration (25ms)
Launched and connected shader compiler UnityShaderCompiler.exe after 0.11 seconds
Refreshing native plugins compatible for Editor in 9.31 ms, found 3 plugins.
Preloading 0 native plugins for Editor in 0.00 ms.
Unloading 3082 Unused Serialized files (Serialized files now loaded: 0)
Unloading 32 unused Assets / (56.8 KB). Loaded Objects now: 3544.
Memory consumption went from 122.2 MB to 122.2 MB.
Total: 6.060900 ms (FindLiveObjects: 0.631900 ms CreateObjectMapping: 0.359300 ms MarkObjects: 4.909500 ms  DeleteObjects: 0.158500 ms)

AssetImportParameters requested are different than current active one (requested -> active):
  custom:container-demuxer-ogg: 62fdf1f143b41e24485cea50d1cbac27 -> 
  custom:video-codec-MediaFoundation-h265: 746d11721c4dcdbdad8f713fa42b33f4 -> 
  custom:video-decoder-ogg-theora: a1e56fd34408186e4bbccfd4996cb3dc -> 
  custom:framework-win-MediaFoundation: 216162199b28c13a410421893ffa2e32 -> 
  custom:CustomObjectIndexerAttribute: 43b350a4d6e6d1791af0b5038c4bea17 -> 
  custom:container-demuxer-webm: 4f35f7cbe854078d1ac9338744f61a02 -> 
  custom:container-muxer-webm: aa71ff27fc2769a1b78a27578f13a17b -> 
  custom:video-decoder-webm-vp8: 9c59270c3fd7afecdb556c50c9e8de78 -> 
  custom:SearchIndexIgnoredProperties: e643bd26f0fe6173181afceb89e7c659 -> 
  custom:AudioImporter_EditorPlatform: d09bf68614088b80899f8185d706f6e7 -> 
  custom:video-encoder-webm-vp8: eb34c28f22e8b96e1ab97ce403110664 -> 
  custom:audio-decoder-ogg-vorbis: bf7c407c2cedff20999df2af8eb42d56 -> 
  custom:audio-encoder-webm-vorbis: bf7c407c2cedff20999df2af8eb42d56 -> 
========================================================================
Received Import Request.
  Time since last request: 447859.737239 seconds.
  path: Assets/ModularHousePack1
  artifactKey: Guid(4cd0bd5f5e04a8e4eb8904242ae8a325) Importer(815301076,1909f56bfc062723c751e8b465ee728b)
Start importing Assets/ModularHousePack1 using Guid(4cd0bd5f5e04a8e4eb8904242ae8a325) Importer(815301076,1909f56bfc062723c751e8b465ee728b)  -> (artifact id: '31ea1bfdd6d2aa2fbf68c5256a9b0742') in 0.229817 seconds
Number of updated asset objects reloaded before import = 0
Number of asset objects unloaded after import = 0
========================================================================
Received Import Request.
  Time since last request: 0.735922 seconds.
  path: Assets/ModularHousePack1/Art
  artifactKey: Guid(0dc5de4e7098f0d4cb000c019fdfb005) Importer(815301076,1909f56bfc062723c751e8b465ee728b)
Start importing Assets/ModularHousePack1/Art using Guid(0dc5de4e7098f0d4cb000c019fdfb005) Importer(815301076,1909f56bfc062723c751e8b465ee728b)  -> (artifact id: '4e4adaacef5e80ec65d948a91d7cd216') in 0.007999 seconds
Number of updated asset objects reloaded before import = 0
Number of asset objects unloaded after import = 0
========================================================================
Received Import Request.
  Time since last request: 5.134877 seconds.
  path: Assets/ModularHousePack1/Art/Materials/M_Asphalt_001.mat
  artifactKey: Guid(4e2999fef4dd17c4cb6d27cce7ebba38) Importer(815301076,1909f56bfc062723c751e8b465ee728b)
Start importing Assets/ModularHousePack1/Art/Materials/M_Asphalt_001.mat using Guid(4e2999fef4dd17c4cb6d27cce7ebba38) Importer(815301076,1909f56bfc062723c751e8b465ee728b)  -> (artifact id: 'cbfeec2611a1324ac85228c5406de780') in 2.291040 seconds
Number of updated asset objects reloaded before import = 0
Number of asset objects unloaded after import = 4
========================================================================
Received Import Request.
  Time since last request: 0.000074 seconds.
  path: Assets/ModularHousePack1/Art/Materials/M_Iron_003.mat
  artifactKey: Guid(f8678973d67fbc840b427e67d8a12e1f) Importer(815301076,1909f56bfc062723c751e8b465ee728b)
Start importing Assets/ModularHousePack1/Art/Materials/M_Iron_003.mat using Guid(f8678973d67fbc840b427e67d8a12e1f) Importer(815301076,1909f56bfc062723c751e8b465ee728b)  -> (artifact id: 'a984b00bd3077be3bbbe245cc7590b36') in 0.734974 seconds
Number of updated asset objects reloaded before import = 0
Number of asset objects unloaded after import = 5
========================================================================
Received Import Request.
  Time since last request: 0.000071 seconds.
  path: Assets/ModularHousePack1/Art/Meshs/Models_Roofs.fbx
  artifactKey: Guid(793c4f24c5832e446ad3d20299918e23) Importer(815301076,1909f56bfc062723c751e8b465ee728b)
Start importing Assets/ModularHousePack1/Art/Meshs/Models_Roofs.fbx using Guid(793c4f24c5832e446ad3d20299918e23) Importer(815301076,1909f56bfc062723c751e8b465ee728b)  -> (artifact id: '1acb8429d714d363fcc63fb998d60096') in 0.996039 seconds
Number of updated asset objects reloaded before import = 0
Number of asset objects unloaded after import = 189
========================================================================
Received Import Request.
  Time since last request: 0.000052 seconds.
  path: Assets/ModularHousePack1/Art/Materials/M_Slab_001.mat
  artifactKey: Guid(8fa437fc3e68cb642933a042085f0aff) Importer(815301076,1909f56bfc062723c751e8b465ee728b)
Start importing Assets/ModularHousePack1/Art/Materials/M_Slab_001.mat using Guid(8fa437fc3e68cb642933a042085f0aff) Importer(815301076,1909f56bfc062723c751e8b465ee728b)  -> (artifact id: '3e34c0258717ff33f40abc170211d326') in 0.045994 seconds
Number of updated asset objects reloaded before import = 0
Number of asset objects unloaded after import = 4
========================================================================
Received Import Request.
  Time since last request: 0.029587 seconds.
  path: Assets/ModularHousePack1/Art/Materials/M_Ext_Tile_001.mat
  artifactKey: Guid(4751d66f71f74694eb6edfeafa59168c) Importer(815301076,1909f56bfc062723c751e8b465ee728b)
Start importing Assets/ModularHousePack1/Art/Materials/M_Ext_Tile_001.mat using Guid(4751d66f71f74694eb6edfeafa59168c) Importer(815301076,1909f56bfc062723c751e8b465ee728b)  -> (artifact id: '3a79542ca40bb732dc046194530c1724') in 0.702475 seconds
Number of updated asset objects reloaded before import = 0
Number of asset objects unloaded after import = 5
========================================================================
Received Import Request.
  Time since last request: 0.000047 seconds.
  path: Assets/ModularHousePack1/Art/Materials/M_Wood_002.mat
  artifactKey: Guid(30bd9052fa457754583f61a054c78a87) Importer(815301076,1909f56bfc062723c751e8b465ee728b)
Start importing Assets/ModularHousePack1/Art/Materials/M_Wood_002.mat using Guid(30bd9052fa457754583f61a054c78a87) Importer(815301076,1909f56bfc062723c751e8b465ee728b)  -> (artifact id: '2c0e20fc644b0cad2540661bb2629640') in 0.481645 seconds
Number of updated asset objects reloaded before import = 0
Number of asset objects unloaded after import = 5
========================================================================
Received Import Request.
  Time since last request: 0.000077 seconds.
  path: Assets/ModularHousePack1/Art/Materials/M_Glass_001.mat
  artifactKey: Guid(530d8375f31c1cc438ff034322f20fef) Importer(815301076,1909f56bfc062723c751e8b465ee728b)
Start importing Assets/ModularHousePack1/Art/Materials/M_Glass_001.mat using Guid(530d8375f31c1cc438ff034322f20fef) Importer(815301076,1909f56bfc062723c751e8b465ee728b)  -> (artifact id: '76f8196e2d89644084a85200d0a59d1a') in 0.636671 seconds
Number of updated asset objects reloaded before import = 0
Number of asset objects unloaded after import = 1
========================================================================
Received Import Request.
  Time since last request: 0.000131 seconds.
  path: Assets/ModularHousePack1/Art/Materials/M_Cloth_001.mat
  artifactKey: Guid(a69a286068c80114dabc6886c1882062) Importer(815301076,1909f56bfc062723c751e8b465ee728b)
Start importing Assets/ModularHousePack1/Art/Materials/M_Cloth_001.mat using Guid(a69a286068c80114dabc6886c1882062) Importer(815301076,1909f56bfc062723c751e8b465ee728b)  -> (artifact id: '6ab94cb11d8f1325e418bbd980619b9b') in 0.734848 seconds
Number of updated asset objects reloaded before import = 0
Number of asset objects unloaded after import = 2
========================================================================
Received Import Request.
  Time since last request: 0.000078 seconds.
  path: Assets/ModularHousePack1/Art/Materials/M_Wood_001.mat
  artifactKey: Guid(c79ca918ca1becc41af814b3e41350e4) Importer(815301076,1909f56bfc062723c751e8b465ee728b)
Start importing Assets/ModularHousePack1/Art/Materials/M_Wood_001.mat using Guid(c79ca918ca1becc41af814b3e41350e4) Importer(815301076,1909f56bfc062723c751e8b465ee728b)  -> (artifact id: '56a7fc7bef3f2d77e4591cdc17094be9') in 0.071421 seconds
Number of updated asset objects reloaded before import = 0
Number of asset objects unloaded after import = 4
========================================================================
Received Import Request.
  Time since last request: 0.000080 seconds.
  path: Assets/ModularHousePack1/Art/Meshs/Curtain.fbx
  artifactKey: Guid(1501646006cdc7044887ef0ae9bb4124) Importer(815301076,1909f56bfc062723c751e8b465ee728b)
Start importing Assets/ModularHousePack1/Art/Meshs/Curtain.fbx using Guid(1501646006cdc7044887ef0ae9bb4124) Importer(815301076,1909f56bfc062723c751e8b465ee728b)  -> (artifact id: 'b9ab5688cb7243d13401b6e6e8757ca0') in 0.182444 seconds
Number of updated asset objects reloaded before import = 0
Number of asset objects unloaded after import = 34
========================================================================
Received Import Request.
  Time since last request: 0.000091 seconds.
  path: Assets/ModularHousePack1/Art/Materials/M_Wood_003.mat
  artifactKey: Guid(e42f03fd5fa7fb547bc7565615f2f755) Importer(815301076,1909f56bfc062723c751e8b465ee728b)
Start importing Assets/ModularHousePack1/Art/Materials/M_Wood_003.mat using Guid(e42f03fd5fa7fb547bc7565615f2f755) Importer(815301076,1909f56bfc062723c751e8b465ee728b)  -> (artifact id: '232d7052eba387faff27284623e95c13') in 0.488472 seconds
Number of updated asset objects reloaded before import = 0
Number of asset objects unloaded after import = 4
========================================================================
Received Import Request.
  Time since last request: 0.000053 seconds.
  path: Assets/ModularHousePack1/Art/Materials/M_Tiles_001.mat
  artifactKey: Guid(9d9fecfc9d43da2418f88eca6c235fcf) Importer(815301076,1909f56bfc062723c751e8b465ee728b)
Start importing Assets/ModularHousePack1/Art/Materials/M_Tiles_001.mat using Guid(9d9fecfc9d43da2418f88eca6c235fcf) Importer(815301076,1909f56bfc062723c751e8b465ee728b)  -> (artifact id: '3a75eed3a187f359963d9a01bcf7e8b5') in 0.043762 seconds
Number of updated asset objects reloaded before import = 0
Number of asset objects unloaded after import = 4
========================================================================
Received Import Request.
  Time since last request: 0.000066 seconds.
  path: Assets/ModularHousePack1/Art/Materials/M_Iron_004.mat
  artifactKey: Guid(a92371b8262c9c44ab228fd3aeaddb16) Importer(815301076,1909f56bfc062723c751e8b465ee728b)
Start importing Assets/ModularHousePack1/Art/Materials/M_Iron_004.mat using Guid(a92371b8262c9c44ab228fd3aeaddb16) Importer(815301076,1909f56bfc062723c751e8b465ee728b)  -> (artifact id: '6860b75d7f75bbdfc3c57d0de3e9dec2') in 0.048721 seconds
Number of updated asset objects reloaded before import = 0
Number of asset objects unloaded after import = 5
========================================================================
Received Import Request.
  Time since last request: 0.635567 seconds.
  path: Assets/ModularHousePack1/Art/Textures/AO_Asphalt_001.png
  artifactKey: Guid(1ad75d4d0959f6e44b35b38a5c2854aa) Importer(815301076,1909f56bfc062723c751e8b465ee728b)
Start importing Assets/ModularHousePack1/Art/Textures/AO_Asphalt_001.png using Guid(1ad75d4d0959f6e44b35b38a5c2854aa) Importer(815301076,1909f56bfc062723c751e8b465ee728b)  -> (artifact id: '80fbee90f53ab3e91d79cc478fe36ef3') in 0.207937 seconds
Number of updated asset objects reloaded before import = 0
Number of asset objects unloaded after import = 2
========================================================================
Received Import Request.
  Time since last request: 0.000044 seconds.
  path: Assets/ModularHousePack1/Art/Textures/Nr_Plaster_001.png
  artifactKey: Guid(79c7158e6a7f8b9478beaa62505ec9ff) Importer(815301076,1909f56bfc062723c751e8b465ee728b)
Start importing Assets/ModularHousePack1/Art/Textures/Nr_Plaster_001.png using Guid(79c7158e6a7f8b9478beaa62505ec9ff) Importer(815301076,1909f56bfc062723c751e8b465ee728b)  -> (artifact id: 'e378eec18d8b35a7eb180a1327692d83') in 0.064884 seconds
Number of updated asset objects reloaded before import = 0
Number of asset objects unloaded after import = 2
========================================================================
Received Import Request.
  Time since last request: 0.000060 seconds.
  path: Assets/ModularHousePack1/Art/Textures/BC_Marble_002.png
  artifactKey: Guid(77372ccf8da3b75479190d0df58b5f10) Importer(815301076,1909f56bfc062723c751e8b465ee728b)
Start importing Assets/ModularHousePack1/Art/Textures/BC_Marble_002.png using Guid(77372ccf8da3b75479190d0df58b5f10) Importer(815301076,1909f56bfc062723c751e8b465ee728b)  -> (artifact id: '055a4c47d83b3b3b3fb8609bdb53f9db') in 0.055913 seconds
Number of updated asset objects reloaded before import = 0
Number of asset objects unloaded after import = 2
========================================================================
Received Import Request.
  Time since last request: 0.000095 seconds.
  path: Assets/ModularHousePack1/Art/Textures/Hg_Wood_007.png
  artifactKey: Guid(306694c50efdef5458b60b7629c1fc29) Importer(815301076,1909f56bfc062723c751e8b465ee728b)
Start importing Assets/ModularHousePack1/Art/Textures/Hg_Wood_007.png using Guid(306694c50efdef5458b60b7629c1fc29) Importer(815301076,1909f56bfc062723c751e8b465ee728b)  -> (artifact id: '8e3aae5b28e8be68c95debcbc7150225') in 0.046276 seconds
Number of updated asset objects reloaded before import = 0
Number of asset objects unloaded after import = 2
========================================================================
Received Import Request.
  Time since last request: 0.000051 seconds.
  path: Assets/ModularHousePack1/Art/Textures/Nr_Plate_001.png
  artifactKey: Guid(4950d3705091c5e4faa8f82fa970ac6b) Importer(815301076,1909f56bfc062723c751e8b465ee728b)
Start importing Assets/ModularHousePack1/Art/Textures/Nr_Plate_001.png using Guid(4950d3705091c5e4faa8f82fa970ac6b) Importer(815301076,1909f56bfc062723c751e8b465ee728b)  -> (artifact id: '306cb66e0ee858454139f9183d756c2a') in 0.045868 seconds
Number of updated asset objects reloaded before import = 0
Number of asset objects unloaded after import = 2
========================================================================
Received Import Request.
  Time since last request: 0.000087 seconds.
  path: Assets/ModularHousePack1/Art/Textures/Rg_Asphalt_001.png
  artifactKey: Guid(0d0b9aeacfa91f9419c907f364f296b5) Importer(815301076,1909f56bfc062723c751e8b465ee728b)
Start importing Assets/ModularHousePack1/Art/Textures/Rg_Asphalt_001.png using Guid(0d0b9aeacfa91f9419c907f364f296b5) Importer(815301076,1909f56bfc062723c751e8b465ee728b)  -> (artifact id: '689efae47ebfa1da14eef3ac2ab6ebf1') in 0.043783 seconds
Number of updated asset objects reloaded before import = 0
Number of asset objects unloaded after import = 2
========================================================================
Received Import Request.
  Time since last request: 0.000039 seconds.
  path: Assets/ModularHousePack1/Art/Textures/BC_Brick_001.png
  artifactKey: Guid(2905fd12182416142a0aa3e9afde20d9) Importer(815301076,1909f56bfc062723c751e8b465ee728b)
Start importing Assets/ModularHousePack1/Art/Textures/BC_Brick_001.png using Guid(2905fd12182416142a0aa3e9afde20d9) Importer(815301076,1909f56bfc062723c751e8b465ee728b)  -> (artifact id: '5c5326bd060366a85fd22eb10d7e8aa7') in 0.049939 seconds
Number of updated asset objects reloaded before import = 0
Number of asset objects unloaded after import = 2
========================================================================
Received Import Request.
  Time since last request: 0.000064 seconds.
  path: Assets/ModularHousePack1/Art/Textures/BC_Iron_001.png
  artifactKey: Guid(228c9378581291a40a60c42fd1075d47) Importer(815301076,1909f56bfc062723c751e8b465ee728b)
Start importing Assets/ModularHousePack1/Art/Textures/BC_Iron_001.png using Guid(228c9378581291a40a60c42fd1075d47) Importer(815301076,1909f56bfc062723c751e8b465ee728b)  -> (artifact id: 'afb654eed7e323d5bb55589e99b36a03') in 0.058789 seconds
Number of updated asset objects reloaded before import = 0
Number of asset objects unloaded after import = 2
========================================================================
Received Import Request.
  Time since last request: 0.000033 seconds.
  path: Assets/ModularHousePack1/Art/Textures/AO_Wood_007.png
  artifactKey: Guid(3c0b549f3ec4df543a849a416b1935d7) Importer(815301076,1909f56bfc062723c751e8b465ee728b)
Start importing Assets/ModularHousePack1/Art/Textures/AO_Wood_007.png using Guid(3c0b549f3ec4df543a849a416b1935d7) Importer(815301076,1909f56bfc062723c751e8b465ee728b)  -> (artifact id: 'b3e759e9656789de0009c9a270121453') in 0.058540 seconds
Number of updated asset objects reloaded before import = 0
Number of asset objects unloaded after import = 2
========================================================================
Received Import Request.
  Time since last request: 0.000113 seconds.
  path: Assets/ModularHousePack1/Art/Textures/Nr_Concrete_001.png
  artifactKey: Guid(2636e92746ca6c247b0e0fe4bfd1bbda) Importer(815301076,1909f56bfc062723c751e8b465ee728b)
Start importing Assets/ModularHousePack1/Art/Textures/Nr_Concrete_001.png using Guid(2636e92746ca6c247b0e0fe4bfd1bbda) Importer(815301076,1909f56bfc062723c751e8b465ee728b)  -> (artifact id: 'b2a42448ef655f408b23e1e98b3fbdde') in 0.060673 seconds
Number of updated asset objects reloaded before import = 0
Number of asset objects unloaded after import = 2
========================================================================
Received Import Request.
  Time since last request: 0.000036 seconds.
  path: Assets/ModularHousePack1/Art/Textures/BC_Concrete_002.png
  artifactKey: Guid(f9ea22a1bbd54b24c9354279a5e2b178) Importer(815301076,1909f56bfc062723c751e8b465ee728b)
Start importing Assets/ModularHousePack1/Art/Textures/BC_Concrete_002.png using Guid(f9ea22a1bbd54b24c9354279a5e2b178) Importer(815301076,1909f56bfc062723c751e8b465ee728b)  -> (artifact id: '0fe85c53799ed9b54e8919e91f4850e2') in 0.063398 seconds
Number of updated asset objects reloaded before import = 0
Number of asset objects unloaded after import = 2
========================================================================
Received Import Request.
  Time since last request: 0.000069 seconds.
  path: Assets/ModularHousePack1/Art/Textures/BC_Tile_003.png
  artifactKey: Guid(bed202719ea69f543ba69752f7dd50a1) Importer(815301076,1909f56bfc062723c751e8b465ee728b)
Start importing Assets/ModularHousePack1/Art/Textures/BC_Tile_003.png using Guid(bed202719ea69f543ba69752f7dd50a1) Importer(815301076,1909f56bfc062723c751e8b465ee728b)  -> (artifact id: '9f4d7cf214d5405180c3384dd0b5bdb3') in 0.052253 seconds
Number of updated asset objects reloaded before import = 0
Number of asset objects unloaded after import = 2
========================================================================
Received Import Request.
  Time since last request: 0.000130 seconds.
  path: Assets/ModularHousePack1/Art/Textures/Hg_Brick_001.png
  artifactKey: Guid(b99eaf8460fd7be43989880672c3a945) Importer(815301076,1909f56bfc062723c751e8b465ee728b)
Start importing Assets/ModularHousePack1/Art/Textures/Hg_Brick_001.png using Guid(b99eaf8460fd7be43989880672c3a945) Importer(815301076,1909f56bfc062723c751e8b465ee728b)  -> (artifact id: 'd78e5e0304d53346fcfb62a10eead20e') in 0.066284 seconds
Number of updated asset objects reloaded before import = 0
Number of asset objects unloaded after import = 2
========================================================================
Received Import Request.
  Time since last request: 0.000033 seconds.
  path: Assets/ModularHousePack1/Art/Textures/BC_Asphalt_001.png
  artifactKey: Guid(7b14802af7044314eabe42de33f24ad2) Importer(815301076,1909f56bfc062723c751e8b465ee728b)
Start importing Assets/ModularHousePack1/Art/Textures/BC_Asphalt_001.png using Guid(7b14802af7044314eabe42de33f24ad2) Importer(815301076,1909f56bfc062723c751e8b465ee728b)  -> (artifact id: '7d99ab315d0de334a0a370a9a2c8fc63') in 0.060628 seconds
Number of updated asset objects reloaded before import = 0
Number of asset objects unloaded after import = 2
========================================================================
Received Import Request.
  Time since last request: 0.000028 seconds.
  path: Assets/ModularHousePack1/Art/Textures/Nr_Wood_001.png
  artifactKey: Guid(0776e4ef7f6f5f34eace9f60dc758329) Importer(815301076,1909f56bfc062723c751e8b465ee728b)
Start importing Assets/ModularHousePack1/Art/Textures/Nr_Wood_001.png using Guid(0776e4ef7f6f5f34eace9f60dc758329) Importer(815301076,1909f56bfc062723c751e8b465ee728b)  -> (artifact id: '067d356d74afa602615ce5c76f496e67') in 0.060477 seconds
Number of updated asset objects reloaded before import = 0
Number of asset objects unloaded after import = 2
========================================================================
Received Import Request.
  Time since last request: 0.000039 seconds.
  path: Assets/ModularHousePack1/Art/Textures/BC_Clay_001.png
  artifactKey: Guid(e4f9a6f9924fe604a8f0132fb22f57bc) Importer(815301076,1909f56bfc062723c751e8b465ee728b)
Start importing Assets/ModularHousePack1/Art/Textures/BC_Clay_001.png using Guid(e4f9a6f9924fe604a8f0132fb22f57bc) Importer(815301076,1909f56bfc062723c751e8b465ee728b)  -> (artifact id: 'f9eb204835f74777a298cc5d71fcb4a3') in 0.056732 seconds
Number of updated asset objects reloaded before import = 0
Number of asset objects unloaded after import = 2
========================================================================
Received Import Request.
  Time since last request: 0.000061 seconds.
  path: Assets/ModularHousePack1/Art/Textures/BC_Plate_001.png
  artifactKey: Guid(b7af69fd2ed9a304896374fd7059c610) Importer(815301076,1909f56bfc062723c751e8b465ee728b)
Start importing Assets/ModularHousePack1/Art/Textures/BC_Plate_001.png using Guid(b7af69fd2ed9a304896374fd7059c610) Importer(815301076,1909f56bfc062723c751e8b465ee728b)  -> (artifact id: '509cec11c82fd1f7674d1ebe45d03dd3') in 0.066735 seconds
Number of updated asset objects reloaded before import = 0
Number of asset objects unloaded after import = 2
========================================================================
Received Import Request.
  Time since last request: 0.000049 seconds.
  path: Assets/ModularHousePack1/Art/Textures/Mt_Iron_001.png
  artifactKey: Guid(e2cb76808f92b91498f34f37d5a01dc3) Importer(815301076,1909f56bfc062723c751e8b465ee728b)
Start importing Assets/ModularHousePack1/Art/Textures/Mt_Iron_001.png using Guid(e2cb76808f92b91498f34f37d5a01dc3) Importer(815301076,1909f56bfc062723c751e8b465ee728b)  -> (artifact id: 'cf728ae30558f50591b215c573cf77ec') in 0.071565 seconds
Number of updated asset objects reloaded before import = 0
Number of asset objects unloaded after import = 2
========================================================================
Received Import Request.
  Time since last request: 0.000067 seconds.
  path: Assets/ModularHousePack1/Art/Textures/Nr_Ext_Tile_001.png
  artifactKey: Guid(1a524d5c1a0e75c45b0f3a05f44a1489) Importer(815301076,1909f56bfc062723c751e8b465ee728b)
Start importing Assets/ModularHousePack1/Art/Textures/Nr_Ext_Tile_001.png using Guid(1a524d5c1a0e75c45b0f3a05f44a1489) Importer(815301076,1909f56bfc062723c751e8b465ee728b)  -> (artifact id: '82e4fad391ae7ad04b316243a29d1eb0') in 0.073252 seconds
Number of updated asset objects reloaded before import = 0
Number of asset objects unloaded after import = 2
========================================================================
Received Import Request.
  Time since last request: 0.000053 seconds.
  path: Assets/ModularHousePack1/Art/Textures/Nr_Concrete_002.png
  artifactKey: Guid(f78998bef0305bf4b8b7324ecfc2f92b) Importer(815301076,1909f56bfc062723c751e8b465ee728b)
Start importing Assets/ModularHousePack1/Art/Textures/Nr_Concrete_002.png using Guid(f78998bef0305bf4b8b7324ecfc2f92b) Importer(815301076,1909f56bfc062723c751e8b465ee728b)  -> (artifact id: '250e87e2aaea7de184777f390a03aefc') in 0.070648 seconds
Number of updated asset objects reloaded before import = 0
Number of asset objects unloaded after import = 2
========================================================================
Received Import Request.
  Time since last request: 0.000058 seconds.
  path: Assets/ModularHousePack1/Art/Textures/BC_Wood_007.png
  artifactKey: Guid(caffb801f9c27c24996ec7cd967c8b61) Importer(815301076,1909f56bfc062723c751e8b465ee728b)
Start importing Assets/ModularHousePack1/Art/Textures/BC_Wood_007.png using Guid(caffb801f9c27c24996ec7cd967c8b61) Importer(815301076,1909f56bfc062723c751e8b465ee728b)  -> (artifact id: 'c7e14bdff1b3cb3cd6662254206a25fe') in 0.063258 seconds
Number of updated asset objects reloaded before import = 0
Number of asset objects unloaded after import = 2
========================================================================
Received Import Request.
  Time since last request: 0.000043 seconds.
  path: Assets/ModularHousePack1/Art/Textures/Hg_Ext_Tile_001.png
  artifactKey: Guid(c118ddea0b0ab13468f8ee778ea9cbd2) Importer(815301076,1909f56bfc062723c751e8b465ee728b)
Start importing Assets/ModularHousePack1/Art/Textures/Hg_Ext_Tile_001.png using Guid(c118ddea0b0ab13468f8ee778ea9cbd2) Importer(815301076,1909f56bfc062723c751e8b465ee728b)  -> (artifact id: 'ff5cf97fa78010639c2e02a4d289289e') in 0.066378 seconds
Number of updated asset objects reloaded before import = 0
Number of asset objects unloaded after import = 2
========================================================================
Received Import Request.
  Time since last request: 0.000035 seconds.
  path: Assets/ModularHousePack1/Art/Textures/Hg_Grass_001.png
  artifactKey: Guid(532240428cd28ed4386e9313d5e92990) Importer(815301076,1909f56bfc062723c751e8b465ee728b)
Start importing Assets/ModularHousePack1/Art/Textures/Hg_Grass_001.png using Guid(532240428cd28ed4386e9313d5e92990) Importer(815301076,1909f56bfc062723c751e8b465ee728b)  -> (artifact id: 'c9722d340bcdd362cf25be52882d386d') in 0.064297 seconds
Number of updated asset objects reloaded before import = 0
Number of asset objects unloaded after import = 2
========================================================================
Received Import Request.
  Time since last request: 0.000129 seconds.
  path: Assets/ModularHousePack1/Art/Textures/Nr_Asphalt_001.png
  artifactKey: Guid(6719d79f8e87ed94fba357cc43c0de8e) Importer(815301076,1909f56bfc062723c751e8b465ee728b)
Start importing Assets/ModularHousePack1/Art/Textures/Nr_Asphalt_001.png using Guid(6719d79f8e87ed94fba357cc43c0de8e) Importer(815301076,1909f56bfc062723c751e8b465ee728b)  -> (artifact id: '6efa1ab720a550d4edc6b35429811d5f') in 0.064625 seconds
Number of updated asset objects reloaded before import = 0
Number of asset objects unloaded after import = 2
========================================================================
Received Import Request.
  Time since last request: 0.000098 seconds.
  path: Assets/ModularHousePack1/Art/Textures/Nr_Brick_001.png
  artifactKey: Guid(600ec05aa681d8d44a37b74757d3b1f7) Importer(815301076,1909f56bfc062723c751e8b465ee728b)
Start importing Assets/ModularHousePack1/Art/Textures/Nr_Brick_001.png using Guid(600ec05aa681d8d44a37b74757d3b1f7) Importer(815301076,1909f56bfc062723c751e8b465ee728b)  -> (artifact id: '7256f7a5508860a14002b63877621557') in 0.074970 seconds
Number of updated asset objects reloaded before import = 0
Number of asset objects unloaded after import = 2
========================================================================
Received Import Request.
  Time since last request: 0.000070 seconds.
  path: Assets/ModularHousePack1/Art/Textures/AO_Iron_001.png
  artifactKey: Guid(05bca1c3169c381498aac06e88056a9d) Importer(815301076,1909f56bfc062723c751e8b465ee728b)
Start importing Assets/ModularHousePack1/Art/Textures/AO_Iron_001.png using Guid(05bca1c3169c381498aac06e88056a9d) Importer(815301076,1909f56bfc062723c751e8b465ee728b)  -> (artifact id: '717adb1b5e9985623738da208d21fc56') in 0.073722 seconds
Number of updated asset objects reloaded before import = 0
Number of asset objects unloaded after import = 2
========================================================================
Received Import Request.
  Time since last request: 0.971842 seconds.
  path: Assets/ModularHousePack1/Prefabs/Houses
  artifactKey: Guid(92fc5fb29e4648c47925e6745260688f) Importer(815301076,1909f56bfc062723c751e8b465ee728b)
Start importing Assets/ModularHousePack1/Prefabs/Houses using Guid(92fc5fb29e4648c47925e6745260688f) Importer(815301076,1909f56bfc062723c751e8b465ee728b)  -> (artifact id: 'd27a214645cb5892b6a420d398a9bc07') in 0.001065 seconds
Number of updated asset objects reloaded before import = 0
Number of asset objects unloaded after import = 0
========================================================================
Received Import Request.
  Time since last request: 0.051925 seconds.
  path: Assets/ModularHousePack1/Prefabs/Houses/House1.prefab
  artifactKey: Guid(2f31c755d56a1f04c99079c171333c33) Importer(815301076,1909f56bfc062723c751e8b465ee728b)
Start importing Assets/ModularHousePack1/Prefabs/Houses/House1.prefab using Guid(2f31c755d56a1f04c99079c171333c33) Importer(815301076,1909f56bfc062723c751e8b465ee728b)  -> (artifact id: '250f6ee6f7352109537b55c527d30ed2') in 0.908362 seconds
Number of updated asset objects reloaded before import = 0
Number of asset objects unloaded after import = 4307
========================================================================
Received Import Request.
  Time since last request: 0.000047 seconds.
  path: Assets/ModularHousePack1/Prefabs/Houses/House3.prefab
  artifactKey: Guid(55857842395940243a77c973d86163c0) Importer(815301076,1909f56bfc062723c751e8b465ee728b)
Start importing Assets/ModularHousePack1/Prefabs/Houses/House3.prefab using Guid(55857842395940243a77c973d86163c0) Importer(815301076,1909f56bfc062723c751e8b465ee728b)  -> (artifact id: '13a50cc52e5d92312b3e3f8d5607756a') in 0.447367 seconds
Number of updated asset objects reloaded before import = 0
Number of asset objects unloaded after import = 5400
========================================================================
Received Import Request.
  Time since last request: 0.000053 seconds.
  path: Assets/ModularHousePack1/Prefabs/Houses/House5.prefab
  artifactKey: Guid(c15d410319a3fc449a637a9f52b8bc82) Importer(815301076,1909f56bfc062723c751e8b465ee728b)
Start importing Assets/ModularHousePack1/Prefabs/Houses/House5.prefab using Guid(c15d410319a3fc449a637a9f52b8bc82) Importer(815301076,1909f56bfc062723c751e8b465ee728b)  -> (artifact id: 'b10c614a579f9caee82d2eec8e363945') in 0.681717 seconds
Number of updated asset objects reloaded before import = 0
Number of asset objects unloaded after import = 7504
========================================================================
Received Import Request.
  Time since last request: 0.000055 seconds.
  path: Assets/ModularHousePack1/Prefabs/Houses/House4.prefab
  artifactKey: Guid(4777a8928b5c97d4598964909c8a1223) Importer(815301076,1909f56bfc062723c751e8b465ee728b)
Start importing Assets/ModularHousePack1/Prefabs/Houses/House4.prefab using Guid(4777a8928b5c97d4598964909c8a1223) Importer(815301076,1909f56bfc062723c751e8b465ee728b)  -> (artifact id: 'b047fbdb537df6ac410d3505ab3e0a7e') in 0.610500 seconds
Number of updated asset objects reloaded before import = 0
Number of asset objects unloaded after import = 7963
Editor requested this worker to shutdown with reason: Scaling down because of idle timeout
TcpMessagingSession - receive error: operation aborted. errorcode: 995, details: The I/O operation has been aborted because of either a thread exit or an application request.
AssetImportWorker is now disconnected from the server
Process exiting
Exiting without the bug reporter. Application will terminate with return code 0